Выдаліць форму па v10{sup}1{/sup} B/ V.MN. !a2: -аце+ць#140: бліскаце+ць/1107805a: бліскоча/R3S/POTENTIAL Зыходная змена: {бліскоча/R3S/POTENTIAL} => {бліскаці+ць/R3S}
Выдаліць форму па v10{sup}1{/sup} B/ V.MN. !a2: -аце+ць#140: бліскаце+ць/1107805a: бліскочам/R1P/POTENTIAL Зыходная змена: {бліскочам/R1P/POTENTIAL} => {бліскаці+м/R1P}
Выдаліць форму па v10{sup}1{/sup} B/ V.MN. !a2: -аце+ць#140: бліскаце+ць/1107805a: бліскочаце/R2P/POTENTIAL Зыходная змена: {бліскочаце/R2P/POTENTIAL} => {бліскаціце+/R2P}
Выдаліць форму па v10{sup}1{/sup} B/ V.MN. !a2: -аце+ць#140: бліскаце+ць/1107805a: бліскочаш/R2S/POTENTIAL Зыходная змена: {бліскочаш/R2S/POTENTIAL} => {бліскаці+ш/R2S}
Выдаліць форму па v10{sup}1{/sup} B/ V.MN. !a2: -аце+ць#140: бліскаце+ць/1107805a: бліскочуць/R3P/POTENTIAL Зыходная змена: {бліскочуць/R3P/POTENTIAL} => {бліскаця+ць/R3P}
Выдаліць форму па v10{sup}1{/sup} B/ V.MN. !a2: -аце+ць#140: бліскаце+ць/1107805a: бліскочучы/RG/POTENTIAL Зыходная змена: {бліскочучы/RG/POTENTIAL} => {бліско+цячы/RG/POTENTIAL}
Выдаліць форму па v10{sup}1{/sup} B/ V.MN. !a2: -аце+ць#140: бубаце+ць/1206138a: бубаце+й/I2S/POTENTIAL Зыходная змена: {бубаце+й/I2S/POTENTIAL} => {бубаці+/I2S}
Выдаліць форму па v10{sup}1{/sup} B/ V.MN. !a2: -аце+ць#140: бубаце+ць/1206138a: бубаце+йце/I2P/POTENTIAL Зыходная змена: {бубаце+йце/I2P/POTENTIAL} => {бубаці+це/I2P}
Выдаліць форму па v10{sup}1{/sup} B/ V.MN. !a2: -аце+ць#140: дрыгаце+ць/1110437a: дрыгоча/R3S/POTENTIAL Зыходная змена: {дрыгоча/R3S/POTENTIAL} => {дрыгаці+ць/R3S}
Выдаліць форму па v10{sup}1{/sup} B/ V.MN. !a2: -аце+ць#140: дрыгаце+ць/1110437a: дрыгочам/R1P/POTENTIAL Зыходная змена: {дрыгочам/R1P/POTENTIAL} => {дрыгаці+м/R1P}
Выдаліць форму па v10{sup}1{/sup} B/ V.MN. !a2: -аце+ць#140: дрыгаце+ць/1110437a: дрыгочаце/R2P/POTENTIAL Зыходная змена: {дрыгочаце/R2P/POTENTIAL} => {дрыгаціце+/R2P}
Выдаліць форму па v10{sup}1{/sup} B/ V.MN. !a2: -аце+ць#140: дрыгаце+ць/1110437a: дрыгочаш/R2S/POTENTIAL Зыходная змена: {дрыгочаш/R2S/POTENTIAL} => {дрыгаці+ш/R2S}
Выдаліць форму па v10{sup}1{/sup} B/ V.MN. !a2: -аце+ць#140: дрыгаце+ць/1110437a: дрыгочуць/R3P/POTENTIAL Зыходная змена: {дрыгочуць/R3P/POTENTIAL} => {дрыгаця+ць/R3P}
Выдаліць форму па v10{sup}1{/sup} B/ V.MN. !a2: -аце+ць#140: дрыгаце+ць/1110437a: дрыгочучы/RG/POTENTIAL Зыходная змена: {дрыгочучы/RG/POTENTIAL} => {дрыго+цячы/RG/POTENTIAL}
Выдаліць форму па v10{sup}1{/sup} B/ V.MN. !a2: -аце+ць#140: капаце+ць/1207296a: капаце+й/I2S/POTENTIAL Зыходная змена: {капаце+й/I2S/POTENTIAL} => {капаці+/I2S}
Выдаліць форму па v10{sup}1{/sup} B/ V.MN. !a2: -аце+ць#140: капаце+ць/1207296a: капаце+йце/I2P/POTENTIAL Зыходная змена: {капаце+йце/I2P/POTENTIAL} => {капаці+це/I2P}
Выдаліць форму па v10{sup}1{/sup} B/ V.MN. !a2: -аце+ць#140: мігаце+ць/1114153a: мігоча/R3S/POTENTIAL Зыходная змена: {мігоча/R3S/POTENTIAL} => {мігаці+ць/R3S}
Выдаліць форму па v10{sup}1{/sup} B/ V.MN. !a2: -аце+ць#140: мігаце+ць/1114153a: мігочам/R1P/POTENTIAL Зыходная змена: {мігочам/R1P/POTENTIAL} => {мігаці+м/R1P}
Выдаліць форму па v10{sup}1{/sup} B/ V.MN. !a2: -аце+ць#140: мігаце+ць/1114153a: мігочаце/R2P/POTENTIAL Зыходная змена: {мігочаце/R2P/POTENTIAL} => {мігаціце+/R2P}
Выдаліць форму па v10{sup}1{/sup} B/ V.MN. !a2: -аце+ць#140: мігаце+ць/1114153a: мігочаш/R2S/POTENTIAL Зыходная змена: {мігочаш/R2S/POTENTIAL} => {мігаці+ш/R2S}
Выдаліць форму па v10{sup}1{/sup} B/ V.MN. !a2: -аце+ць#140: мігаце+ць/1114153a: мігочуць/R3P/POTENTIAL Зыходная змена: {мігочуць/R3P/POTENTIAL} => {мігаця+ць/R3P}
Выдаліць форму па v10{sup}1{/sup} B/ V.MN. !a2: -аце+ць#140: мігаце+ць/1114153a: мігочучы/RG/POTENTIAL Зыходная змена: {мігочучы/RG/POTENTIAL} => {міго+цячы/RG/POTENTIAL}
Выдаліць форму па v10{sup}1{/sup} B/ V.MN. !a2: -аце+ць#140: мільгаце+ць/1114170a: мільго+ча/R3S/POTENTIAL Зыходная змена: {мільгаці+ць/R3S/dzsl2007,sbm2012 + мільго+ча/R3S/POTENTIAL} => {мільгаці+ць/R3S}
Выдаліць форму па v10{sup}1{/sup} B/ V.MN. !a2: -аце+ць#140: мільгаце+ць/1114170a: мільго+чам/R1P/POTENTIAL Зыходная змена: {мільгаці+м/R1P/POTENTIAL + мільго+чам/R1P/POTENTIAL} => {мільгаці+м/R1P}
Выдаліць форму па v10{sup}1{/sup} B/ V.MN. !a2: -аце+ць#140: мільгаце+ць/1114170a: мільго+чаце/R2P/POTENTIAL Зыходная змена: {мільгаці+це/R2P/POTENTIAL + мільго+чаце/R2P/POTENTIAL} => {мільгаціце+/R2P}
Выдаліць форму па v10{sup}1{/sup} B/ V.MN. !a2: -аце+ць#140: мільгаце+ць/1114170a: мільго+чаш/R2S/POTENTIAL Зыходная змена: {мільгаці+ш/R2S/POTENTIAL + мільго+чаш/R2S/POTENTIAL} => {мільгаці+ш/R2S}
Выдаліць форму па v10{sup}1{/sup} B/ V.MN. !a2: -аце+ць#140: мільгаце+ць/1114170a: мільго+чуць/R3P/POTENTIAL Зыходная змена: {мільгаця+ць/R3P/dzsl2007,sbm2012 + мільго+чуць/R3P/POTENTIAL} => {мільгаця+ць/R3P}
Выдаліць форму па v10{sup}1{/sup} B/ V.MN. !a2: -аце+ць#140: мільгаце+ць/1114170a: мільго+чучы/RG/POTENTIAL Зыходная змена: {мільго+чучы/RG/POTENTIAL + мільго+цячы/RG/POTENTIAL} => {мільго+цячы/RG/POTENTIAL}
Выдаліць форму па v10{sup}1{/sup} B/ V.MN. !a2: -аце+ць#140: стракаце+ць/1124183a: стракоча/R3S/POTENTIAL Зыходная змена: {стракоча/R3S/POTENTIAL} => {стракаці+ць/R3S}
Выдаліць форму па v10{sup}1{/sup} B/ V.MN. !a2: -аце+ць#140: стракаце+ць/1124183a: стракочам/R1P/POTENTIAL Зыходная змена: {стракочам/R1P/POTENTIAL} => {стракаці+м/R1P}
Выдаліць форму па v10{sup}1{/sup} B/ V.MN. !a2: -аце+ць#140: стракаце+ць/1124183a: стракочаце/R2P/POTENTIAL Зыходная змена: {стракочаце/R2P/POTENTIAL} => {стракаціце+/R2P}
Выдаліць форму па v10{sup}1{/sup} B/ V.MN. !a2: -аце+ць#140: стракаце+ць/1124183a: стракочаш/R2S/POTENTIAL Зыходная змена: {стракочаш/R2S/POTENTIAL} => {стракаці+ш/R2S}
Выдаліць форму па v10{sup}1{/sup} B/ V.MN. !a2: -аце+ць#140: стракаце+ць/1124183a: стракочуць/R3P/POTENTIAL Зыходная змена: {стракочуць/R3P/POTENTIAL} => {стракаця+ць/R3P}
Выдаліць форму па v10{sup}1{/sup} B/ V.MN. !a2: -аце+ць#140: стракаце+ць/1124183a: стракочучы/RG/POTENTIAL Зыходная змена: {стракочучы/RG/POTENTIAL} => {страко+цячы/RG/POTENTIAL}
Выдаліць форму па v10{sup}1{/sup} B/ V.MN. !a2: -аце+ць#140: траскаце+ць/1210471a: траскачы+/I2S/POTENTIAL Зыходная змена: {траскачы+/I2S/POTENTIAL} => {траскаці+/I2S}
Выдаліць форму па v10{sup}1{/sup} B/ V.MN. !a2: -аце+ць#140: траскаце+ць/1210471a: траскачы+це/I2P/POTENTIAL Зыходная змена: {траскачы+це/I2P/POTENTIAL} => {траскаці+це/I2P}
Выдаліць форму па v10{sup}1{/sup} B/ V.MN. !b: -і+ць#141: рысі+ць/1123109a: ры+сьце/I2P/POTENTIAL Зыходная змена: {ры+сьце/I2P/POTENTIAL + рысі+це/I2P/POTENTIAL} => {рысі+це/I2P}
Выдаліць форму па v10{sup}1{/sup} B/ V.MN. !b2: -ці+ць#142: рабаці+ць/1121878a: рабаць/I2S/POTENTIAL Зыходная змена: {рабаць/I2S/POTENTIAL} => {рабаці+/I2S}
Выдаліць форму па v10{sup}1{/sup} B/ V.MN. !b2: -ці+ць#142: рабаці+ць/1121878a: рабацьце/I2P/POTENTIAL Зыходная змена: {рабацьце/I2P/POTENTIAL} => {рабаці+це/I2P}
Выдаліць форму па v10{sup}1{/sup} B/ V.MN. !d2: -зе+ць#137: смярдзе+ць/1123801a: смердзячы/RG/POTENTIAL Зыходная змена: {смердзячы/RG/POTENTIAL} => {смярдзючы+/RG/POTENTIAL + смярдзячы+/RG/POTENTIAL}
Выдаліць форму па v10{sup}1{/sup} B/ V.MN. !d3: -це+ць#138: карце+ць/1113849a: корцячы/RG/POTENTIAL Зыходная змена: {корцячы/RG/POTENTIAL} => {карцячы+/RG}
Выдаліць форму па v10{sup}1{/sup} B/ V.PN. !a2: -це+ць#130: адгрукаце+ць/1106118a: адгрукачы+/I2S/POTENTIAL Зыходная змена: {адгрукачы+/I2S/POTENTIAL + адгруко+ч/I2S/POTENTIAL} => {адгрукаці+/I2S}
Выдаліць форму па v10{sup}1{/sup} B/ V.PN. !a2: -це+ць#130: адгрукаце+ць/1106118a: адгрукачы+це/I2P/POTENTIAL Зыходная змена: {адгрукачы+це/I2P/POTENTIAL + адгруко+чце/I2P/POTENTIAL} => {адгрукаці+це/I2P}
Выдаліць форму па v10{sup}1{/sup} B/ V.PN. !a2: -це+ць#130: адгрукаце+ць/1106118a: адгруко+ч/I2S/POTENTIAL Зыходная змена: {адгрукачы+/I2S/POTENTIAL + адгруко+ч/I2S/POTENTIAL} => {адгрукаці+/I2S}
Выдаліць форму па v10{sup}1{/sup} B/ V.PN. !a2: -це+ць#130: адгрукаце+ць/1106118a: адгруко+чце/I2P/POTENTIAL Зыходная змена: {адгрукачы+це/I2P/POTENTIAL + адгруко+чце/I2P/POTENTIAL} => {адгрукаці+це/I2P}
Выдаліць форму па v10{sup}1{/sup} B/ V.PN. !a2: -це+ць#130: забліскаце+ць/1110796a: забліскачы/I2S/POTENTIAL Зыходная змена: {забліскачы/I2S/POTENTIAL} => {забліскаці+/I2S}
Выдаліць форму па v10{sup}1{/sup} B/ V.PN. !a2: -це+ць#130: забліскаце+ць/1110796a: забліскачыце/I2P/POTENTIAL Зыходная змена: {забліскачыце/I2P/POTENTIAL} => {забліскаці+це/I2P}
Выдаліць форму па v10{sup}1{/sup} B/ V.PN. !a2: -це+ць#130: забліскаце+ць/1110796a: забліскоча/F3S/POTENTIAL Зыходная змена: {забліскоча/F3S/POTENTIAL} => {забліскаці+ць/F3S}
Выдаліць форму па v10{sup}1{/sup} B/ V.PN. !a2: -це+ць#130: забліскаце+ць/1110796a: забліскочам/F1P/POTENTIAL Зыходная змена: {забліскочам/F1P/POTENTIAL} => {забліскаці+м/F1P}
Выдаліць форму па v10{sup}1{/sup} B/ V.PN. !a2: -це+ць#130: забліскаце+ць/1110796a: забліскочаце/F2P/POTENTIAL Зыходная змена: {забліскочаце/F2P/POTENTIAL} => {забліскаціце+/F2P}
Выдаліць форму па v10{sup}1{/sup} B/ V.PN. !a2: -це+ць#130: забліскаце+ць/1110796a: забліскочаш/F2S/POTENTIAL Зыходная змена: {забліскочаш/F2S/POTENTIAL} => {забліскаці+ш/F2S}
Выдаліць форму па v10{sup}1{/sup} B/ V.PN. !a2: -це+ць#130: забліскаце+ць/1110796a: забліскочуць/F3P/POTENTIAL Зыходная змена: {забліскочуць/F3P/POTENTIAL} => {забліскаця+ць/F3P}
Выдаліць форму па v10{sup}1{/sup} B/ V.PN. !a2: -це+ць#130: закарце+ць/1111330a: закарцее/F3S/POTENTIAL Зыходная змена: {закарцее/F3S/POTENTIAL} => {закарці+ць/F3S}
Выдаліць форму па v10{sup}1{/sup} B/ V.PN. !a2: -це+ць#130: закарце+ць/1111330a: закарцеем/F1P/POTENTIAL Зыходная змена: {закарцеем/F1P/POTENTIAL} => {закарці+м/F1P}
Выдаліць форму па v10{sup}1{/sup} B/ V.PN. !a2: -це+ць#130: закарце+ць/1111330a: закарцееце/F2P/POTENTIAL Зыходная змена: {закарцееце/F2P/POTENTIAL} => {закарціце+/F2P}
Выдаліць форму па v10{sup}1{/sup} B/ V.PN. !a2: -це+ць#130: закарце+ць/1111330a: закарцееш/F2S/POTENTIAL Зыходная змена: {закарцееш/F2S/POTENTIAL} => {закарці+ш/F2S}
Выдаліць форму па v10{sup}1{/sup} B/ V.PN. !a2: -це+ць#130: закарце+ць/1111330a: закарцей/I2S/POTENTIAL Зыходная змена: {закарцей/I2S/POTENTIAL} => {закарці+/I2S}
Выдаліць форму па v10{sup}1{/sup} B/ V.PN. !a2: -це+ць#130: закарце+ць/1111330a: закарцейце/I2P/POTENTIAL Зыходная змена: {закарцейце/I2P/POTENTIAL} => {закарці+це/I2P}
Выдаліць форму па v10{sup}1{/sup} B/ V.PN. !a2: -це+ць#130: закарце+ць/1111330a: закарцею/F1S/POTENTIAL Зыходная змена: {закарцею/F1S/POTENTIAL} => {закарчу+/F1S}
Выдаліць форму па v10{sup}1{/sup} B/ V.PN. !a2: -це+ць#130: закарце+ць/1111330a: закарцеюць/F3P/POTENTIAL Зыходная змена: {закарцеюць/F3P/POTENTIAL} => {закарця+ць/F3P}
Выдаліць форму па v10{sup}1{/sup} B/ V.PN. !a2: -це+ць#130: застракаце+ць/1112209a: застракацім/F2P/POTENTIAL Зыходная змена: {застракацім/F2P/POTENTIAL} => {застракаціце+/F2P}
Выдаліць форму па v10{sup}1{/sup} B/ V.PN. !a2: -це+ць#130: застракаце+ць/1112209a: застракоча/F3S/POTENTIAL Зыходная змена: {застракаці+ць/F3S/dzsl2007,sbm2012 + застракоча/F3S/POTENTIAL} => {застракаці+ць/F3S}
Выдаліць форму па v10{sup}1{/sup} B/ V.PN. !a2: -це+ць#130: застракаце+ць/1112209a: застракочам/F1P/POTENTIAL Зыходная змена: {застракочам/F1P/POTENTIAL} => {застракаці+м/F1P}
Выдаліць форму па v10{sup}1{/sup} B/ V.PN. !a2: -це+ць#130: застракаце+ць/1112209a: застракочаш/F2S/POTENTIAL Зыходная змена: {застракочаш/F2S/POTENTIAL} => {застракаці+ш/F2S}
Выдаліць форму па v10{sup}1{/sup} B/ V.PN. !a2: -це+ць#130: застракаце+ць/1112209a: застракочуць/F3P/POTENTIAL Зыходная змена: {застракаця+ць/F3P/dzsl2007,sbm2012 + застракочуць/F3P/POTENTIAL} => {застракаця+ць/F3P}
Выдаліць форму па v10{sup}1{/sup} B/ V.PN. !a2: -це+ць#130: палетуце+ць/1117615a: палетуце+й/I2S/POTENTIAL Зыходная змена: {палетуце+й/I2S/POTENTIAL} => {палетуці+/I2S}
Выдаліць форму па v10{sup}1{/sup} B/ V.PN. !a2: -це+ць#130: палетуце+ць/1117615a: палетуце+йце/I2P/POTENTIAL Зыходная змена: {палетуце+йце/I2P/POTENTIAL} => {палетуці+це/I2P}
Выдаліць форму па v10{sup}1{/sup} B/ V.PN. !b4: -ці+ць#135: засарамаці+ць/1112075a: засарама+ць/I2S/POTENTIAL Зыходная змена: {засарама+ць/I2S/POTENTIAL + засарамаці+/I2S/POTENTIAL} => {засарамаці+/I2S}
Выдаліць форму па v10{sup}1{/sup} B/ V.PN. !b4: -ці+ць#135: засарамаці+ць/1112075a: засарама+цьце/I2P/POTENTIAL Зыходная змена: {засарама+цьце/I2P/POTENTIAL + засарамаці+це/I2P/POTENTIAL} => {засарамаці+це/I2P}
Выдаліць форму па v10{sup}1{/sup} B/ V.PR. !a4: -ці+цца#146: асарамаці+цца/1107354a: асарама+цься/I2S/POTENTIAL Зыходная змена: {асарама+цься/I2S/POTENTIAL} => {асарамаці+ся/I2S}
Выдаліць форму па v10{sup}1{/sup} B/ V.PR. !a4: -ці+цца#146: асарамаці+цца/1107354a: асарама+цьцеся/I2P/POTENTIAL Зыходная змена: {асарама+цьцеся/I2P/POTENTIAL} => {асарамаці+цеся/I2P}
Выдаліць форму па v10{sup}1{/sup} B/ V.PR. !a4: -ці+цца#146: засарамаці+цца/1112074a: засарамацься/I2S/POTENTIAL Зыходная змена: {засарамацься/I2S/POTENTIAL} => {засарамаці+ся/I2S}
Выдаліць форму па v10{sup}1{/sup} B/ V.PR. !a4: -ці+цца#146: засарамаці+цца/1112074a: засарамацьцеся/I2P/POTENTIAL Зыходная змена: {засарамацьцеся/I2P/POTENTIAL} => {засарамаці+цеся/I2P}
Выдаліць форму па v10{sup}1{/sup} B/ V.PR. !b1: -це+цца#149: зляце+цца/1113183a: зляціцеся/F2P/POTENTIAL Зыходная змена: {зляціцеся/F2P/POTENTIAL} => {злеціце+ся/F2P}
Дадаць новыя формы па v10{sup}1{/sup} B/ V.MN. !a2: -аце+ць#140: бліскаце+ць/1107805a: {бліскаці+м/R1P} Зыходная змена: {бліскочам/R1P/POTENTIAL} => {бліскаці+м/R1P}
Дадаць новыя формы па v10{sup}1{/sup} B/ V.MN. !a2: -аце+ць#140: бліскаце+ць/1107805a: {бліскаці+ць/R3S} Зыходная змена: {бліскоча/R3S/POTENTIAL} => {бліскаці+ць/R3S}
Дадаць новыя формы па v10{sup}1{/sup} B/ V.MN. !a2: -аце+ць#140: бліскаце+ць/1107805a: {бліскаці+ш/R2S} Зыходная змена: {бліскочаш/R2S/POTENTIAL} => {бліскаці+ш/R2S}
Дадаць новыя формы па v10{sup}1{/sup} B/ V.MN. !a2: -аце+ць#140: бліскаце+ць/1107805a: {бліскаціце+/R2P} Зыходная змена: {бліскочаце/R2P/POTENTIAL} => {бліскаціце+/R2P}
Дадаць новыя формы па v10{sup}1{/sup} B/ V.MN. !a2: -аце+ць#140: бліскаце+ць/1107805a: {бліскаця+ць/R3P} Зыходная змена: {бліскочуць/R3P/POTENTIAL} => {бліскаця+ць/R3P}
Дадаць новыя формы па v10{sup}1{/sup} B/ V.MN. !a2: -аце+ць#140: бліскаце+ць/1107805a: {бліско+цячы/RG/POTENTIAL} Зыходная змена: {бліскочучы/RG/POTENTIAL} => {бліско+цячы/RG/POTENTIAL}
Дадаць новыя формы па v10{sup}1{/sup} B/ V.MN. !a2: -аце+ць#140: бразгаце+ць/1150400a: {бразго+цячы/RG/POTENTIAL} Зыходная змена: {} => {бразго+цячы/RG/POTENTIAL}
Дадаць новыя формы па v10{sup}1{/sup} B/ V.MN. !a2: -аце+ць#140: браскаце+ць/1150402a: {браско+цячы/RG/POTENTIAL} Зыходная змена: {} => {браско+цячы/RG/POTENTIAL}
Дадаць новыя формы па v10{sup}1{/sup} B/ V.MN. !a2: -аце+ць#140: бубаце+ць/1206138a: {бубаці+/I2S} Зыходная змена: {бубаце+й/I2S/POTENTIAL} => {бубаці+/I2S}
Дадаць новыя формы па v10{sup}1{/sup} B/ V.MN. !a2: -аце+ць#140: бубаце+ць/1206138a: {бубаці+це/I2P} Зыходная змена: {бубаце+йце/I2P/POTENTIAL} => {бубаці+це/I2P}
Дадаць новыя формы па v10{sup}1{/sup} B/ V.MN. !a2: -аце+ць#140: бубаце+ць/1206138a: {бубо+цячы/RG/POTENTIAL} Зыходная змена: {бубаце+ючы/RG} => {бубо+цячы/RG/POTENTIAL}
Дадаць новыя формы па v10{sup}1{/sup} B/ V.MN. !a2: -аце+ць#140: булькаце+ць/1206143a: {булькаці+/I2S} Зыходная змена: {} => {булькаці+/I2S}
Дадаць новыя формы па v10{sup}1{/sup} B/ V.MN. !a2: -аце+ць#140: булькаце+ць/1206143a: {булькаці+це/I2P} Зыходная змена: {} => {булькаці+це/I2P}
Дадаць новыя формы па v10{sup}1{/sup} B/ V.MN. !a2: -аце+ць#140: булькаце+ць/1206143a: {булько+цячы/RG/POTENTIAL} Зыходная змена: {} => {булько+цячы/RG/POTENTIAL}
Дадаць новыя формы па v10{sup}1{/sup} B/ V.MN. !a2: -аце+ць#140: грукаце+ць/1109661a: {груко+цячы/RG/POTENTIAL} Зыходная змена: {груко+чучы/RG} => {груко+цячы/RG/POTENTIAL}
Дадаць новыя формы па v10{sup}1{/sup} B/ V.MN. !a2: -аце+ць#140: дрыгаце+ць/1110437a: {дрыгаці+м/R1P} Зыходная змена: {дрыгочам/R1P/POTENTIAL} => {дрыгаці+м/R1P}
Дадаць новыя формы па v10{sup}1{/sup} B/ V.MN. !a2: -аце+ць#140: дрыгаце+ць/1110437a: {дрыгаці+ць/R3S} Зыходная змена: {дрыгоча/R3S/POTENTIAL} => {дрыгаці+ць/R3S}
Дадаць новыя формы па v10{sup}1{/sup} B/ V.MN. !a2: -аце+ць#140: дрыгаце+ць/1110437a: {дрыгаці+ш/R2S} Зыходная змена: {дрыгочаш/R2S/POTENTIAL} => {дрыгаці+ш/R2S}
Дадаць новыя формы па v10{sup}1{/sup} B/ V.MN. !a2: -аце+ць#140: дрыгаце+ць/1110437a: {дрыгаціце+/R2P} Зыходная змена: {дрыгочаце/R2P/POTENTIAL} => {дрыгаціце+/R2P}
Дадаць новыя формы па v10{sup}1{/sup} B/ V.MN. !a2: -аце+ць#140: дрыгаце+ць/1110437a: {дрыгаця+ць/R3P} Зыходная змена: {дрыгочуць/R3P/POTENTIAL} => {дрыгаця+ць/R3P}
Дадаць новыя формы па v10{sup}1{/sup} B/ V.MN. !a2: -аце+ць#140: дрыгаце+ць/1110437a: {дрыго+цячы/RG/POTENTIAL} Зыходная змена: {дрыгочучы/RG/POTENTIAL} => {дрыго+цячы/RG/POTENTIAL}
Дадаць новыя формы па v10{sup}1{/sup} B/ V.MN. !a2: -аце+ць#140: капаце+ць/1207296a: {капаці+/I2S} Зыходная змена: {капаце+й/I2S/POTENTIAL} => {капаці+/I2S}
Дадаць новыя формы па v10{sup}1{/sup} B/ V.MN. !a2: -аце+ць#140: капаце+ць/1207296a: {капаці+це/I2P} Зыходная змена: {капаце+йце/I2P/POTENTIAL} => {капаці+це/I2P}
Дадаць новыя формы па v10{sup}1{/sup} B/ V.MN. !a2: -аце+ць#140: капаце+ць/1207296a: {капо+цячы/RG/POTENTIAL} Зыходная змена: {} => {капо+цячы/RG/POTENTIAL}
Дадаць новыя формы па v10{sup}1{/sup} B/ V.MN. !a2: -аце+ць#140: лапаце+ць/1150503a: {лапо+цячы/RG/POTENTIAL} Зыходная змена: {лапо+чучы/RG/dzsl2007} => {лапо+цячы/RG/POTENTIAL}
Дадаць новыя формы па v10{sup}1{/sup} B/ V.MN. !a2: -аце+ць#140: лескаце+ць/1150505a: {ляско+цячы/RG/POTENTIAL} Зыходная змена: {ляско+чучы/RG/dzsl2007} => {ляско+цячы/RG/POTENTIAL}
Дадаць новыя формы па v10{sup}1{/sup} B/ V.MN. !a2: -аце+ць#140: ляскаце+ць/1150506a: {ляско+цячы/RG/POTENTIAL} Зыходная змена: {} => {ляско+цячы/RG/POTENTIAL}
Дадаць новыя формы па v10{sup}1{/sup} B/ V.MN. !a2: -аце+ць#140: мігаце+ць/1114153a: {мігаці+м/R1P} Зыходная змена: {мігочам/R1P/POTENTIAL} => {мігаці+м/R1P}
Дадаць новыя формы па v10{sup}1{/sup} B/ V.MN. !a2: -аце+ць#140: мігаце+ць/1114153a: {мігаці+ць/R3S} Зыходная змена: {мігоча/R3S/POTENTIAL} => {мігаці+ць/R3S}
Дадаць новыя формы па v10{sup}1{/sup} B/ V.MN. !a2: -аце+ць#140: мігаце+ць/1114153a: {мігаці+ш/R2S} Зыходная змена: {мігочаш/R2S/POTENTIAL} => {мігаці+ш/R2S}
Дадаць новыя формы па v10{sup}1{/sup} B/ V.MN. !a2: -аце+ць#140: мігаце+ць/1114153a: {мігаціце+/R2P} Зыходная змена: {мігочаце/R2P/POTENTIAL} => {мігаціце+/R2P}
Дадаць новыя формы па v10{sup}1{/sup} B/ V.MN. !a2: -аце+ць#140: мігаце+ць/1114153a: {мігаця+ць/R3P} Зыходная змена: {мігочуць/R3P/POTENTIAL} => {мігаця+ць/R3P}
Дадаць новыя формы па v10{sup}1{/sup} B/ V.MN. !a2: -аце+ць#140: мігаце+ць/1114153a: {міго+цячы/RG/POTENTIAL} Зыходная змена: {мігочучы/RG/POTENTIAL} => {міго+цячы/RG/POTENTIAL}
Дадаць новыя формы па v10{sup}1{/sup} B/ V.MN. !a2: -аце+ць#140: рабаце+ць/1209785a: {рабаці+/I2S} Зыходная змена: {} => {рабаці+/I2S}
Дадаць новыя формы па v10{sup}1{/sup} B/ V.MN. !a2: -аце+ць#140: рабаце+ць/1209785a: {рабаці+це/I2P} Зыходная змена: {} => {рабаці+це/I2P}
Дадаць новыя формы па v10{sup}1{/sup} B/ V.MN. !a2: -аце+ць#140: рабаце+ць/1209785a: {рабо+цячы/RG/POTENTIAL} Зыходная змена: {} => {рабо+цячы/RG/POTENTIAL}
Дадаць новыя формы па v10{sup}1{/sup} B/ V.MN. !a2: -аце+ць#140: слізгаце+ць/1149805a: {слізгаці+/I2S} Зыходная змена: {слізгачы+/I2S/dzsl2007} => {слізгаці+/I2S}
Дадаць новыя формы па v10{sup}1{/sup} B/ V.MN. !a2: -аце+ць#140: слізгаце+ць/1149805a: {слізгаці+м/R1P} Зыходная змена: {слізго+чам/R1P/dzsl2007,sbm2012} => {слізгаці+м/R1P}
Дадаць новыя формы па v10{sup}1{/sup} B/ V.MN. !a2: -аце+ць#140: слізгаце+ць/1149805a: {слізгаці+це/I2P} Зыходная змена: {слізгачы+це/I2P/dzsl2007} => {слізгаці+це/I2P}
Дадаць новыя формы па v10{sup}1{/sup} B/ V.MN. !a2: -аце+ць#140: слізгаце+ць/1149805a: {слізгаці+ць/R3S} Зыходная змена: {слізго+ча/R3S/dzsl2007,sbm2012} => {слізгаці+ць/R3S}
Дадаць новыя формы па v10{sup}1{/sup} B/ V.MN. !a2: -аце+ць#140: слізгаце+ць/1149805a: {слізгаці+ш/R2S} Зыходная змена: {слізго+чаш/R2S/dzsl2007,sbm2012} => {слізгаці+ш/R2S}
Дадаць новыя формы па v10{sup}1{/sup} B/ V.MN. !a2: -аце+ць#140: слізгаце+ць/1149805a: {слізгаціце+/R2P} Зыходная змена: {слізго+чаце/R2P/dzsl2007,sbm2012} => {слізгаціце+/R2P}
Дадаць новыя формы па v10{sup}1{/sup} B/ V.MN. !a2: -аце+ць#140: слізгаце+ць/1149805a: {слізгаця+ць/R3P} Зыходная змена: {слізго+чуць/R3P/dzsl2007,sbm2012} => {слізгаця+ць/R3P}
Дадаць новыя формы па v10{sup}1{/sup} B/ V.MN. !a2: -аце+ць#140: слізгаце+ць/1149805a: {слізго+цячы/RG/POTENTIAL} Зыходная змена: {слізго+чучы/RG/dzsl2007} => {слізго+цячы/RG/POTENTIAL}
Дадаць новыя формы па v10{sup}1{/sup} B/ V.MN. !a2: -аце+ць#140: стракаце+ць/1124183a: {стракаці+м/R1P} Зыходная змена: {стракочам/R1P/POTENTIAL} => {стракаці+м/R1P}
Дадаць новыя формы па v10{sup}1{/sup} B/ V.MN. !a2: -аце+ць#140: стракаце+ць/1124183a: {стракаці+ць/R3S} Зыходная змена: {стракоча/R3S/POTENTIAL} => {стракаці+ць/R3S}
Дадаць новыя формы па v10{sup}1{/sup} B/ V.MN. !a2: -аце+ць#140: стракаце+ць/1124183a: {стракаці+ш/R2S} Зыходная змена: {стракочаш/R2S/POTENTIAL} => {стракаці+ш/R2S}
Дадаць новыя формы па v10{sup}1{/sup} B/ V.MN. !a2: -аце+ць#140: стракаце+ць/1124183a: {стракаціце+/R2P} Зыходная змена: {стракочаце/R2P/POTENTIAL} => {стракаціце+/R2P}
Дадаць новыя формы па v10{sup}1{/sup} B/ V.MN. !a2: -аце+ць#140: стракаце+ць/1124183a: {стракаця+ць/R3P} Зыходная змена: {стракочуць/R3P/POTENTIAL} => {стракаця+ць/R3P}
Дадаць новыя формы па v10{sup}1{/sup} B/ V.MN. !a2: -аце+ць#140: стракаце+ць/1124183a: {страко+цячы/RG/POTENTIAL} Зыходная змена: {стракочучы/RG/POTENTIAL} => {страко+цячы/RG/POTENTIAL}
Дадаць новыя формы па v10{sup}1{/sup} B/ V.MN. !a2: -аце+ць#140: стукаце+ць/1150606a: {стуко+цячы/RG/POTENTIAL} Зыходная змена: {} => {стуко+цячы/RG/POTENTIAL}
Дадаць новыя формы па v10{sup}1{/sup} B/ V.MN. !a2: -аце+ць#140: траскаце+ць/1210471a: {траскаці+/I2S} Зыходная змена: {траскачы+/I2S/POTENTIAL} => {траскаці+/I2S}
Дадаць новыя формы па v10{sup}1{/sup} B/ V.MN. !a2: -аце+ць#140: траскаце+ць/1210471a: {траскаці+м/R1P} Зыходная змена: {траско+чам/R1P/A2008/sbm2012} => {траскаці+м/R1P}
Дадаць новыя формы па v10{sup}1{/sup} B/ V.MN. !a2: -аце+ць#140: траскаце+ць/1210471a: {траскаці+це/I2P} Зыходная змена: {траскачы+це/I2P/POTENTIAL} => {траскаці+це/I2P}
Дадаць новыя формы па v10{sup}1{/sup} B/ V.MN. !a2: -аце+ць#140: траскаце+ць/1210471a: {траскаці+ць/R3S} Зыходная змена: {траско+ча/R3S/A2008/sbm2012} => {траскаці+ць/R3S}
Дадаць новыя формы па v10{sup}1{/sup} B/ V.MN. !a2: -аце+ць#140: траскаце+ць/1210471a: {траскаці+ш/R2S} Зыходная змена: {траско+чаш/R2S/A2008/sbm2012} => {траскаці+ш/R2S}
Дадаць новыя формы па v10{sup}1{/sup} B/ V.MN. !a2: -аце+ць#140: траскаце+ць/1210471a: {траскаціце+/R2P} Зыходная змена: {траско+чаце/R2P/A2008/sbm2012} => {траскаціце+/R2P}
Дадаць новыя формы па v10{sup}1{/sup} B/ V.MN. !a2: -аце+ць#140: траскаце+ць/1210471a: {траскаця+ць/R3P} Зыходная змена: {траско+чуць/R3P/A2008/sbm2012} => {траскаця+ць/R3P}
Дадаць новыя формы па v10{sup}1{/sup} B/ V.MN. !a2: -аце+ць#140: траскаце+ць/1210471a: {траско+цячы/RG/POTENTIAL} Зыходная змена: {траско+чучы/RG} => {траско+цячы/RG/POTENTIAL}
Дадаць новыя формы па v10{sup}1{/sup} B/ V.MN. !a2: -аце+ць#140: тупаце+ць/1124796a: {тупо+цячы/RG/POTENTIAL} Зыходная змена: {} => {тупо+цячы/RG/POTENTIAL}
Дадаць новыя формы па v10{sup}1{/sup} B/ V.MN. !a2: -аце+ць#140: хлюпаце+ць/1210696a: {хлюпо+цячы/RG/POTENTIAL} Зыходная змена: {} => {хлюпо+цячы/RG/POTENTIAL}
Дадаць новыя формы па v10{sup}1{/sup} B/ V.MN. !a2: -аце+ць#140: шалпаце+ць/1150655a: {шалпо+цячы/RG/POTENTIAL} Зыходная змена: {} => {шалпо+цячы/RG/POTENTIAL}
Дадаць новыя формы па v10{sup}1{/sup} B/ V.MN. !a2: -аце+ць#140: шаргаце+ць/1150659a: {шарго+цячы/RG/POTENTIAL} Зыходная змена: {} => {шарго+цячы/RG/POTENTIAL}
Дадаць новыя формы па v10{sup}1{/sup} B/ V.MN. !a2: -аце+ць#140: шархаце+ць/1150661a: {шархо+цячы/RG/POTENTIAL} Зыходная змена: {} => {шархо+цячы/RG/POTENTIAL}
Дадаць новыя формы па v10{sup}1{/sup} B/ V.MN. !b: -і+ць#141: басі+ць/1107781a: {басу+/R1S} Зыходная змена: {башу+/R1S/A1957,A2008/dzsl2007,sbm2012} => {басу+/R1S}
Дадаць новыя формы па v10{sup}1{/sup} B/ V.MN. !b: -і+ць#141: басі+ць/1107781a: {басячы+/RG/POTENTIAL} Зыходная змена: {} => {басячы+/RG/POTENTIAL}
Дадаць новыя формы па v10{sup}1{/sup} B/ V.MN. !b: -і+ць#141: бузі+ць/1107904a: {бузу+/R1S} Зыходная змена: {бужу+/R1S/A1957,A2008/dzsl2007,sbm2012} => {бузу+/R1S}
Дадаць новыя формы па v10{sup}1{/sup} B/ V.MN. !b: -і+ць#141: бузі+ць/1107904a: {бузячы+/RG/POTENTIAL} Зыходная змена: {} => {бузячы+/RG/POTENTIAL}
Дадаць новыя формы па v10{sup}1{/sup} B/ V.MN. !b: -і+ць#141: драбязі+ць/1150440a: {драбезячы+/RG/POTENTIAL} Зыходная змена: {} => {драбезячы+/RG/POTENTIAL}
Дадаць новыя формы па v10{sup}1{/sup} B/ V.MN. !b: -і+ць#141: драбязі+ць/1150440a: {драбязу+/R1S} Зыходная змена: {драбяжу+/R1S/A1957,A2008/dzsl2007,sbm2012} => {драбязу+/R1S}
Дадаць новыя формы па v10{sup}1{/sup} B/ V.MN. !b: -і+ць#141: кадзі+ць/1113546a: {кадзу+/R1S} Зыходная змена: {каджу+/R1S/dzsl2007,sbm2012} => {кадзу+/R1S}
Дадаць новыя формы па v10{sup}1{/sup} B/ V.MN. !b: -і+ць#141: калясі+ць/1113604a: {калесячы+/RG/POTENTIAL} Зыходная змена: {} => {калесячы+/RG/POTENTIAL}
Дадаць новыя формы па v10{sup}1{/sup} B/ V.MN. !b: -і+ць#141: калясі+ць/1113604a: {калясу+/R1S} Зыходная змена: {каляшу+/R1S/A1957,A2008/dzsl2007,sbm2012} => {калясу+/R1S}
Дадаць новыя формы па v10{sup}1{/sup} B/ V.MN. !b: -і+ць#141: рысі+ць/1123109a: {рысу+/R1S} Зыходная змена: {рышу+/R1S/dzsl2007,sbm2012} => {рысу+/R1S}
Дадаць новыя формы па v10{sup}1{/sup} B/ V.MN. !b: -і+ць#141: слядзі+ць/1150591a: {слядзу+/R1S} Зыходная змена: {сляджу+/R1S/dzsl2007,sbm2012} => {слядзу+/R1S}
Дадаць новыя формы па v10{sup}1{/sup} B/ V.MN. !b: -і+ць#141: фарсі+ць/1126154a: {фарсу+/R1S} Зыходная змена: {фаршу+/R1S/A1957,A2008/dzsl2007,sbm2012} => {фарсу+/R1S}
Дадаць новыя формы па v10{sup}1{/sup} B/ V.MN. !b: -і+ць#141: фарсі+ць/1126154a: {фарсячы+/RG/POTENTIAL} Зыходная змена: {} => {фарсячы+/RG/POTENTIAL}
Дадаць новыя формы па v10{sup}1{/sup} B/ V.MN. !b: -і+ць#141: фундзі+ць/1150631a: {фундзу+/R1S} Зыходная змена: {фунджу+/R1S/A1957,A2008/dzsl2007,sbm2012} => {фундзу+/R1S}
Дадаць новыя формы па v10{sup}1{/sup} B/ V.MN. !b: -і+ць#141: фундзі+ць/1150631a: {фундзячы+/RG/POTENTIAL} Зыходная змена: {} => {фундзячы+/RG/POTENTIAL}
Дадаць новыя формы па v10{sup}1{/sup} B/ V.MN. !b2: -ці+ць#142: кіпяці+ць/1113528a: {кіпецячы+/RG/POTENTIAL} Зыходная змена: {кіпя+цячы/RG/NONSTANDARD} => {кіпецячы+/RG/POTENTIAL}
Дадаць новыя формы па v10{sup}1{/sup} B/ V.MN. !b2: -ці+ць#142: ксці+ць/1207360a: {ксчу+/R1S} Зыходная змена: {кшчу/R1S} => {ксчу+/R1S}
Дадаць новыя формы па v10{sup}1{/sup} B/ V.MN. !b2: -ці+ць#142: рабаці+ць/1121878a: {рабаці+/I2S} Зыходная змена: {рабаць/I2S/POTENTIAL} => {рабаці+/I2S}
Дадаць новыя формы па v10{sup}1{/sup} B/ V.MN. !b2: -ці+ць#142: рабаці+ць/1121878a: {рабаці+це/I2P} Зыходная змена: {рабацьце/I2P/POTENTIAL} => {рабаці+це/I2P}
Дадаць новыя формы па v10{sup}1{/sup} B/ V.MN. !b2: -ці+ць#142: тахці+ць/1150622a: {тахцячы+/RG/POTENTIAL} Зыходная змена: {} => {тахцячы+/RG/POTENTIAL}
Дадаць новыя формы па v10{sup}1{/sup} B/ V.MN. !b2: -ці+ць#142: франці+ць/1126222a: {францячы+/RG/POTENTIAL} Зыходная змена: {} => {францячы+/RG/POTENTIAL}
Дадаць новыя формы па v10{sup}1{/sup} B/ V.MN. !b2: -ці+ць#142: шарсці+ць/1126596a: {шарсцячы+/RG/POTENTIAL} Зыходная змена: {} => {шарсцячы+/RG/POTENTIAL}
Дадаць новыя формы па v10{sup}1{/sup} B/ V.MN. !b2: -ці+ць#142: шарсці+ць/1126596a: {шарсчу+/R1S} Зыходная змена: {шаршчу+/R1S/A1957,A2008/dzsl2007,sbm2012} => {шарсчу+/R1S}
Дадаць новыя формы па v10{sup}1{/sup} B/ V.MN. !d2: -зе+ць#137: глядзе+ць/1109599a: {гледзючы+/RG/POTENTIAL} Зыходная змена: {гле+дзячы/RG/dzsl2007,tsbm1984,tsbm2016} => {гледзючы+/RG/POTENTIAL + гледзячы+/RG/POTENTIAL}
Дадаць новыя формы па v10{sup}1{/sup} B/ V.MN. !d2: -зе+ць#137: гудзе+ць/1109694a: {гудзючы+/RG/POTENTIAL} Зыходная змена: {гудзячы+/RG/POTENTIAL} => {гудзючы+/RG/POTENTIAL + гудзячы+/RG/POTENTIAL}
Дадаць новыя формы па v10{sup}1{/sup} B/ V.MN. !d2: -зе+ць#137: дудзе+ць/1150448a: {дудзючы+/RG/POTENTIAL + дудзячы+/RG/POTENTIAL} Зыходная змена: {} => {дудзючы+/RG/POTENTIAL + дудзячы+/RG/POTENTIAL}
Дадаць новыя формы па v10{sup}1{/sup} B/ V.MN. !d2: -зе+ць#137: напаўсядзе+ць/1150533a: {напаўседзючы+/RG/POTENTIAL + напаўседзячы+/RG/POTENTIAL} Зыходная змена: {} => {напаўседзючы+/RG/POTENTIAL + напаўседзячы+/RG/POTENTIAL}
Дадаць новыя формы па v10{sup}1{/sup} B/ V.MN. !d2: -зе+ць#137: паўсядзе+ць/1150547a: {паўседзючы+/RG/POTENTIAL} Зыходная змена: {паўсе+дзячы/RG/dzsl2007} => {паўседзючы+/RG/POTENTIAL + паўседзячы+/RG/POTENTIAL}
Дадаць новыя формы па v10{sup}1{/sup} B/ V.MN. !d2: -зе+ць#137: смярдзе+ць/1123801a: {смярдзючы+/RG/POTENTIAL + смярдзячы+/RG/POTENTIAL} Зыходная змена: {смердзячы/RG/POTENTIAL} => {смярдзючы+/RG/POTENTIAL + смярдзячы+/RG/POTENTIAL}
Дадаць новыя формы па v10{sup}1{/sup} B/ V.MN. !d2: -зе+ць#137: сядзе+ць/1124565a: {седзючы+/RG/POTENTIAL} Зыходная змена: {се+дзячы/RG/dzsl2007} => {седзючы+/RG/POTENTIAL + седзячы+/RG/POTENTIAL}
Дадаць новыя формы па v10{sup}1{/sup} B/ V.MN. !d3: -це+ць#138: дыхце+ць/1206663a: {дыхцячы+/RG} Зыходная змена: {} => {дыхцячы+/RG}
Дадаць новыя формы па v10{sup}1{/sup} B/ V.MN. !d3: -це+ць#138: зіхце+ць/1150464a: {зіхцячы+/RG} Зыходная змена: {} => {зіхцячы+/RG}
Дадаць новыя формы па v10{sup}1{/sup} B/ V.MN. !d3: -це+ць#138: карце+ць/1113849a: {карцячы+/RG} Зыходная змена: {корцячы/RG/POTENTIAL} => {карцячы+/RG}
Дадаць новыя формы па v10{sup}1{/sup} B/ V.MN. !d3: -це+ць#138: плюхце+ць/1209299a: {плюхцячы+/RG} Зыходная змена: {плюхце+ючы/RG} => {плюхцячы+/RG}
Дадаць новыя формы па v10{sup}1{/sup} B/ V.MN. !d3: -це+ць#138: пыхце+ць/1150562a: {пыхцячы+/RG} Зыходная змена: {} => {пыхцячы+/RG}
Дадаць новыя формы па v10{sup}1{/sup} B/ V.MN. !d3: -це+ць#138: тарахце+ць/1150617a: {тарахцячы+/RG} Зыходная змена: {} => {тарахцячы+/RG}
Дадаць новыя формы па v10{sup}1{/sup} B/ V.MN. !d3: -це+ць#138: трупце+ць/1210472a: {трупцячы+/RG} Зыходная змена: {} => {трупцячы+/RG}
Дадаць новыя формы па v10{sup}1{/sup} B/ V.MN. !d3: -це+ць#138: трупце+ць/1210472a: {трупчу+/R1S} Зыходная змена: {тручу+/R1S} => {трупчу+/R1S}
Дадаць новыя формы па v10{sup}1{/sup} B/ V.MN. !d3: -це+ць#138: шалахце+ць/1150654a: {шалахцячы+/RG} Зыходная змена: {} => {шалахцячы+/RG}
Дадаць новыя формы па v10{sup}1{/sup} B/ V.MN. !d3: -це+ць#138: шамце+ць/1150657a: {шамцячы+/RG} Зыходная змена: {} => {шамцячы+/RG}
Дадаць новыя формы па v10{sup}1{/sup} B/ V.MN. !d3: -це+ць#138: шарахце+ць/1150658a: {шарахцячы+/RG} Зыходная змена: {} => {шарахцячы+/RG}
Дадаць новыя формы па v10{sup}1{/sup} B/ V.MN. !d31: -сце+ць#139: хрумсце+ць/1126325a: {хрумсцячы+/RG} Зыходная змена: {} => {хрумсцячы+/RG}
Дадаць новыя формы па v10{sup}1{/sup} B/ V.MN. !d31: -сце+ць#139: хрусце+ць/1126329a: {хрусцячы+/RG} Зыходная змена: {} => {хрусцячы+/RG}
Дадаць новыя формы па v10{sup}1{/sup} B/ V.MN. !d31: -сце+ць#139: шалясце+ць/1150656a: {шалесцячы+/RG} Зыходная змена: {} => {шалесцячы+/RG}
Дадаць новыя формы па v10{sup}1{/sup} B/ V.MN. !d31: -сце+ць#139: шарсце+ць/1210738a: {шарсцячы+/RG} Зыходная змена: {} => {шарсцячы+/RG}
Дадаць новыя формы па v10{sup}1{/sup} B/ V.MN. !d31: -сце+ць#139: шасце+ць/1210741a: {шасцячы+/RG} Зыходная змена: {} => {шасцячы+/RG}
Дадаць новыя формы па v10{sup}1{/sup} B/ V.MN. !d31: -сце+ць#139: шасце+ць/1210741a: {шашчу+/R1S} Зыходная змена: {шаршчу+/R1S} => {шашчу+/R1S}
Дадаць новыя формы па v10{sup}1{/sup} B/ V.MR. !a: -і+цца#152: кіпяці+цца/1113527a: {кіпецячы+ся/RG} Зыходная змена: {} => {кіпецячы+ся/RG}
Дадаць новыя формы па v10{sup}1{/sup} B/ V.MR. !a: -і+цца#152: кіпяці+цца/1113527a: {кіпяцу+ся/R1S} Зыходная змена: {кіпячу+ся/R1S/A1957,A2008/dzsl2007,sbm2012} => {кіпяцу+ся/R1S}
Дадаць новыя формы па v10{sup}1{/sup} B/ V.MR. !a: -і+цца#152: ксці+цца/1207359a: {ксцу+ся/R1S} Зыходная змена: {кшчу+ся/R1S} => {ксцу+ся/R1S}
Дадаць новыя формы па v10{sup}1{/sup} B/ V.MR. !a: -і+цца#152: мітусі+цца/1114193a: {мітусу+ся/R1S} Зыходная змена: {мітушу+ся/R1S/A1957,A2008/dzsl2007,sbm2012} => {мітусу+ся/R1S}
Дадаць новыя формы па v10{sup}1{/sup} B/ V.MR. !a: -і+цца#152: мітусі+цца/1114193a: {мітусячы+ся/RG} Зыходная змена: {} => {мітусячы+ся/RG}
Дадаць новыя формы па v10{sup}1{/sup} B/ V.MR. !a: -і+цца#152: сарамаці+цца/1123389a: {сарамацу+ся/R1S} Зыходная змена: {сарамачу+ся/R1S/dzsl2007,sbm2012} => {сарамацу+ся/R1S}
Дадаць новыя формы па v10{sup}1{/sup} B/ V.MR. !a: -і+цца#152: слязі+цца/1210301a: {слязіце+ся/R2P} Зыходная змена: {слезі+цеся/R2P} => {слязіце+ся/R2P}
Дадаць новыя формы па v10{sup}1{/sup} B/ V.MR. !a: -і+цца#152: слязі+цца/1210301a: {слязу+ся/R1S} Зыходная змена: {сляжу+ся/R1S} => {слязу+ся/R1S}
Дадаць новыя формы па v10{sup}1{/sup} B/ V.MR. !a: -і+цца#152: слязі+цца/1210301a: {слязячы+ся/RG} Зыходная змена: {} => {слязячы+ся/RG}
Дадаць новыя формы па v10{sup}1{/sup} B/ V.MR. !a: -і+цца#152: франці+цца/1126221a: {францу+ся/R1S} Зыходная змена: {франчуся/R1S} => {францу+ся/R1S}
Дадаць новыя формы па v10{sup}1{/sup} B/ V.MR. !b: -це+цца#153: зіхаце+цца/1110711a: {зіхацячы+ся/RG} Зыходная змена: {} => {зіхацячы+ся/RG}
Дадаць новыя формы па v10{sup}1{/sup} B/ V.MR. !b: -це+цца#153: зіхце+цца/1151617a: {зіхцячы+ся/RG} Зыходная змена: {} => {зіхцячы+ся/RG}
Дадаць новыя формы па v10{sup}1{/sup} B/ V.MR. !b: -це+цца#153: мігаце+цца/1207433a: {мігацячы+ся/RG} Зыходная змена: {} => {мігацячы+ся/RG}
Дадаць новыя формы па v10{sup}1{/sup} B/ V.PN. !a: -зе+ць#129: папаглядзе+ць/1157614a: {папаглядзі+/I2S} Зыходная змена: {} => {папаглядзі+/I2S}
Дадаць новыя формы па v10{sup}1{/sup} B/ V.PN. !a: -зе+ць#129: папаглядзе+ць/1157614a: {папаглядзі+це/I2P} Зыходная змена: {} => {папаглядзі+це/I2P}
Дадаць новыя формы па v10{sup}1{/sup} B/ V.PN. !a: -зе+ць#129: прагудзе+ць/1157903a: {прагуджу+/F1S} Зыходная змена: {прагуду+/F1S/dzsl2007,sbm2012} => {прагуджу+/F1S}
Дадаць новыя формы па v10{sup}1{/sup} B/ V.PN. !a2: -це+ць#130: адгрукаце+ць/1106118a: {адгрукаці+/I2S} Зыходная змена: {адгрукачы+/I2S/POTENTIAL + адгруко+ч/I2S/POTENTIAL} => {адгрукаці+/I2S}
Дадаць новыя формы па v10{sup}1{/sup} B/ V.PN. !a2: -це+ць#130: адгрукаце+ць/1106118a: {адгрукаці+це/I2P} Зыходная змена: {адгрукачы+це/I2P/POTENTIAL + адгруко+чце/I2P/POTENTIAL} => {адгрукаці+це/I2P}
Дадаць новыя формы па v10{sup}1{/sup} B/ V.PN. !a2: -це+ць#130: забліскаце+ць/1110796a: {забліскаці+/I2S} Зыходная змена: {забліскачы/I2S/POTENTIAL} => {забліскаці+/I2S}
Дадаць новыя формы па v10{sup}1{/sup} B/ V.PN. !a2: -це+ць#130: забліскаце+ць/1110796a: {забліскаці+м/F1P} Зыходная змена: {забліскочам/F1P/POTENTIAL} => {забліскаці+м/F1P}
Дадаць новыя формы па v10{sup}1{/sup} B/ V.PN. !a2: -це+ць#130: забліскаце+ць/1110796a: {забліскаці+це/I2P} Зыходная змена: {забліскачыце/I2P/POTENTIAL} => {забліскаці+це/I2P}
Дадаць новыя формы па v10{sup}1{/sup} B/ V.PN. !a2: -це+ць#130: забліскаце+ць/1110796a: {забліскаці+ць/F3S} Зыходная змена: {забліскоча/F3S/POTENTIAL} => {забліскаці+ць/F3S}
Дадаць новыя формы па v10{sup}1{/sup} B/ V.PN. !a2: -це+ць#130: забліскаце+ць/1110796a: {забліскаці+ш/F2S} Зыходная змена: {забліскочаш/F2S/POTENTIAL} => {забліскаці+ш/F2S}
Дадаць новыя формы па v10{sup}1{/sup} B/ V.PN. !a2: -це+ць#130: забліскаце+ць/1110796a: {забліскаціце+/F2P} Зыходная змена: {забліскочаце/F2P/POTENTIAL} => {забліскаціце+/F2P}
Дадаць новыя формы па v10{sup}1{/sup} B/ V.PN. !a2: -це+ць#130: забліскаце+ць/1110796a: {забліскаця+ць/F3P} Зыходная змена: {забліскочуць/F3P/POTENTIAL} => {забліскаця+ць/F3P}
Дадаць новыя формы па v10{sup}1{/sup} B/ V.PN. !a2: -це+ць#130: закарце+ць/1111330a: {закарці+/I2S} Зыходная змена: {закарцей/I2S/POTENTIAL} => {закарці+/I2S}
Дадаць новыя формы па v10{sup}1{/sup} B/ V.PN. !a2: -це+ць#130: закарце+ць/1111330a: {закарці+м/F1P} Зыходная змена: {закарцеем/F1P/POTENTIAL} => {закарці+м/F1P}
Дадаць новыя формы па v10{sup}1{/sup} B/ V.PN. !a2: -це+ць#130: закарце+ць/1111330a: {закарці+це/I2P} Зыходная змена: {закарцейце/I2P/POTENTIAL} => {закарці+це/I2P}
Дадаць новыя формы па v10{sup}1{/sup} B/ V.PN. !a2: -це+ць#130: закарце+ць/1111330a: {закарці+ць/F3S} Зыходная змена: {закарцее/F3S/POTENTIAL} => {закарці+ць/F3S}
Дадаць новыя формы па v10{sup}1{/sup} B/ V.PN. !a2: -це+ць#130: закарце+ць/1111330a: {закарці+ш/F2S} Зыходная змена: {закарцееш/F2S/POTENTIAL} => {закарці+ш/F2S}
Дадаць новыя формы па v10{sup}1{/sup} B/ V.PN. !a2: -це+ць#130: закарце+ць/1111330a: {закарціце+/F2P} Зыходная змена: {закарцееце/F2P/POTENTIAL} => {закарціце+/F2P}
Дадаць новыя формы па v10{sup}1{/sup} B/ V.PN. !a2: -це+ць#130: закарце+ць/1111330a: {закарця+ць/F3P} Зыходная змена: {закарцеюць/F3P/POTENTIAL} => {закарця+ць/F3P}
Дадаць новыя формы па v10{sup}1{/sup} B/ V.PN. !a2: -це+ць#130: закарце+ць/1111330a: {закарчу+/F1S} Зыходная змена: {закарцею/F1S/POTENTIAL} => {закарчу+/F1S}
Дадаць новыя формы па v10{sup}1{/sup} B/ V.PN. !a2: -це+ць#130: залапаце+ць/1157043a: {залапаці+/I2S} Зыходная змена: {} => {залапаці+/I2S}
Дадаць новыя формы па v10{sup}1{/sup} B/ V.PN. !a2: -це+ць#130: залапаце+ць/1157043a: {залапаці+це/I2P} Зыходная змена: {} => {залапаці+це/I2P}
Дадаць новыя формы па v10{sup}1{/sup} B/ V.PN. !a2: -це+ць#130: залескаце+ць/1157046a: {залескаці+/I2S} Зыходная змена: {} => {залескаці+/I2S}
Дадаць новыя формы па v10{sup}1{/sup} B/ V.PN. !a2: -це+ць#130: залескаце+ць/1157046a: {залескаці+це/I2P} Зыходная змена: {} => {залескаці+це/I2P}
Дадаць новыя формы па v10{sup}1{/sup} B/ V.PN. !a2: -це+ць#130: заслізгаце+ць/1206969a: {заслізгаці+/I2S} Зыходная змена: {} => {заслізгаці+/I2S}
Дадаць новыя формы па v10{sup}1{/sup} B/ V.PN. !a2: -це+ць#130: заслізгаце+ць/1206969a: {заслізгаці+це/I2P} Зыходная змена: {} => {заслізгаці+це/I2P}
Дадаць новыя формы па v10{sup}1{/sup} B/ V.PN. !a2: -це+ць#130: застракаце+ць/1112209a: {застракаці+м/F1P} Зыходная змена: {застракочам/F1P/POTENTIAL} => {застракаці+м/F1P}
Дадаць новыя формы па v10{sup}1{/sup} B/ V.PN. !a2: -це+ць#130: застракаце+ць/1112209a: {застракаці+ш/F2S} Зыходная змена: {застракочаш/F2S/POTENTIAL} => {застракаці+ш/F2S}
Дадаць новыя формы па v10{sup}1{/sup} B/ V.PN. !a2: -це+ць#130: застракаце+ць/1112209a: {застракаціце+/F2P} Зыходная змена: {застракацім/F2P/POTENTIAL} => {застракаціце+/F2P}
Дадаць новыя формы па v10{sup}1{/sup} B/ V.PN. !a2: -це+ць#130: палетуце+ць/1117615a: {палетуці+/I2S} Зыходная змена: {палетуце+й/I2S/POTENTIAL} => {палетуці+/I2S}
Дадаць новыя формы па v10{sup}1{/sup} B/ V.PN. !a2: -це+ць#130: палетуце+ць/1117615a: {палетуці+м/F1P} Зыходная змена: {палетуце+ем/F1P/dzsl2007} => {палетуці+м/F1P}
Дадаць новыя формы па v10{sup}1{/sup} B/ V.PN. !a2: -це+ць#130: палетуце+ць/1117615a: {палетуці+це/I2P} Зыходная змена: {палетуце+йце/I2P/POTENTIAL} => {палетуці+це/I2P}
Дадаць новыя формы па v10{sup}1{/sup} B/ V.PN. !a2: -це+ць#130: палетуце+ць/1117615a: {палетуці+ць/F3S} Зыходная змена: {палетуце+е/F3S/dzsl2007,sbm2012} => {палетуці+ць/F3S}
Дадаць новыя формы па v10{sup}1{/sup} B/ V.PN. !a2: -це+ць#130: палетуце+ць/1117615a: {палетуці+ш/F2S} Зыходная змена: {палетуце+еш/F2S/dzsl2007,sbm2012} => {палетуці+ш/F2S}
Дадаць новыя формы па v10{sup}1{/sup} B/ V.PN. !a2: -це+ць#130: палетуце+ць/1117615a: {палетуціце+/F2P} Зыходная змена: {палетуце+еце/F2P/dzsl2007} => {палетуціце+/F2P}
Дадаць новыя формы па v10{sup}1{/sup} B/ V.PN. !a2: -це+ць#130: палетуце+ць/1117615a: {палетуця+ць/F3P} Зыходная змена: {палетуце+юць/F3P/dzsl2007,sbm2012} => {палетуця+ць/F3P}
Дадаць новыя формы па v10{sup}1{/sup} B/ V.PN. !a2: -це+ць#130: палетуце+ць/1117615a: {палетучу+/F1S} Зыходная змена: {палетуце+ю/F1S/dzsl2007,sbm2012} => {палетучу+/F1S}
Дадаць новыя формы па v10{sup}1{/sup} B/ V.PN. !a2: -це+ць#130: паляскаце+ць/1157574a: {паляскаці+/I2S} Зыходная змена: {паляскачы+/I2S/dzsl2007} => {паляскаці+/I2S}
Дадаць новыя формы па v10{sup}1{/sup} B/ V.PN. !a2: -це+ць#130: паляскаце+ць/1157574a: {паляскаці+це/I2P} Зыходная змена: {паляскачы+це/I2P/dzsl2007} => {паляскаці+це/I2P}
Дадаць новыя формы па v10{sup}1{/sup} B/ V.PN. !a2: -це+ць#130: прагрукаце+ць/1157900a: {прагрукаці+/I2S} Зыходная змена: {прагрукачы+/I2S/dzsl2007} => {прагрукаці+/I2S}
Дадаць новыя формы па v10{sup}1{/sup} B/ V.PN. !a2: -це+ць#130: прагрукаце+ць/1157900a: {прагрукаці+це/I2P} Зыходная змена: {прагрукачы+це/I2P/dzsl2007} => {прагрукаці+це/I2P}
Дадаць новыя формы па v10{sup}1{/sup} B/ V.PN. !a2: -це+ць#130: пралескаце+ць/1157938a: {пралескаці+/I2S} Зыходная змена: {} => {пралескаці+/I2S}
Дадаць новыя формы па v10{sup}1{/sup} B/ V.PN. !a2: -це+ць#130: пралескаце+ць/1157938a: {пралескаці+це/I2P} Зыходная змена: {} => {пралескаці+це/I2P}
Дадаць новыя формы па v10{sup}1{/sup} B/ V.PN. !a2: -це+ць#130: праляскаце+ць/1157941a: {праляскаці+/I2S} Зыходная змена: {} => {праляскаці+/I2S}
Дадаць новыя формы па v10{sup}1{/sup} B/ V.PN. !a2: -це+ць#130: праляскаце+ць/1157941a: {праляскаці+це/I2P} Зыходная змена: {} => {праляскаці+це/I2P}
Дадаць новыя формы па v10{sup}1{/sup} B/ V.PN. !a2: -це+ць#130: пратупаце+ць/1157993a: {пратупаці+/I2S} Зыходная змена: {} => {пратупаці+/I2S}
Дадаць новыя формы па v10{sup}1{/sup} B/ V.PN. !a2: -це+ць#130: пратупаце+ць/1157993a: {пратупаці+це/I2P} Зыходная змена: {} => {пратупаці+це/I2P}
Дадаць новыя формы па v10{sup}1{/sup} B/ V.PN. !a3: -сце+ць#131: прашалясце+ць/1209576a: {прашалясціце+/F2P} Зыходная змена: {прашалесці+це/F2P} => {прашалясціце+/F2P}
Дадаць новыя формы па v10{sup}1{/sup} B/ V.PN. !b: -зі+ць#132: падрабязі+ць/1157503a: {падрабязі+/I2S} Зыходная змена: {} => {падрабязі+/I2S}
Дадаць новыя формы па v10{sup}1{/sup} B/ V.PN. !b: -зі+ць#132: падрабязі+ць/1157503a: {падрабязі+це/I2P} Зыходная змена: {} => {падрабязі+це/I2P}
Дадаць новыя формы па v10{sup}1{/sup} B/ V.PN. !b4: -ці+ць#135: накіпяці+ць/1114904a: {накіпеціце+/F2P} Зыходная змена: {накіпяці+це/F2P/NONSTANDARD} => {накіпеціце+/F2P}
Дадаць новыя формы па v10{sup}1{/sup} B/ V.PR. !a2: -зі+цца#144: заслязі+цца/1206970a: {заслязіце+ся/F2P} Зыходная змена: {заслезі+цеся/F2P} => {заслязіце+ся/F2P}
Дадаць новыя формы па v10{sup}1{/sup} B/ V.PR. !a3: -сі+цца#145: намітусі+цца/1159421a: {намітусі+ся/I2S} Зыходная змена: {} => {намітусі+ся/I2S}
Дадаць новыя формы па v10{sup}1{/sup} B/ V.PR. !a3: -сі+цца#145: намітусі+цца/1159421a: {намітусі+цеся/I2P} Зыходная змена: {} => {намітусі+цеся/I2P}
Дадаць новыя формы па v10{sup}1{/sup} B/ V.PR. !a3: -сі+цца#145: прымарсі+цца/1159577a: {прымарсі+ся/I2S} Зыходная змена: {} => {прымарсі+ся/I2S}
Дадаць новыя формы па v10{sup}1{/sup} B/ V.PR. !a3: -сі+цца#145: прымарсі+цца/1159577a: {прымарсі+цеся/I2P} Зыходная змена: {} => {прымарсі+цеся/I2P}
Дадаць новыя формы па v10{sup}1{/sup} B/ V.PR. !a4: -ці+цца#146: асарамаці+цца/1107354a: {асарамаці+ся/I2S} Зыходная змена: {асарама+цься/I2S/POTENTIAL} => {асарамаці+ся/I2S}
Дадаць новыя формы па v10{sup}1{/sup} B/ V.PR. !a4: -ці+цца#146: асарамаці+цца/1107354a: {асарамаці+цеся/I2P} Зыходная змена: {асарама+цьцеся/I2P/POTENTIAL} => {асарамаці+цеся/I2P}
Дадаць новыя формы па v10{sup}1{/sup} B/ V.PR. !a4: -ці+цца#146: засарамаці+цца/1112074a: {засарамаці+ся/I2S} Зыходная змена: {засарамацься/I2S/POTENTIAL} => {засарамаці+ся/I2S}
Дадаць новыя формы па v10{sup}1{/sup} B/ V.PR. !a4: -ці+цца#146: засарамаці+цца/1112074a: {засарамаці+цеся/I2P} Зыходная змена: {засарамацьцеся/I2P/POTENTIAL} => {засарамаці+цеся/I2P}
Дадаць новыя формы па v10{sup}1{/sup} B/ V.PR. !b1: -це+цца#149: зляце+цца/1113183a: {злеціце+ся/F2P} Зыходная змена: {зляціцеся/F2P/POTENTIAL} => {злеціце+ся/F2P}
Дадаць новыя формы па v10{sup}1{/sup} B/ V.PR. !b2: -зе+цца#150: разгудзе+цца/1159020a: {разгуджу+ся/F1S} Зыходная змена: {разгуду+ся/F1S/dzsl2007,sbm2012} => {разгуджу+ся/F1S}
Дадаць новыя формы па v10{sup}1{/sup} B/ V.PR. !b2: -зе+цца#150: разгудзе+цца/1159020a: {разгудзі+мся/F1P} Зыходная змена: {разгудзё+мся/F1P/dzsl2007,sbm2012} => {разгудзі+мся/F1P}
Дадаць новыя формы па v10{sup}1{/sup} B/ V.PR. !b2: -зе+цца#150: разгудзе+цца/1159020a: {разгудзі+цца/F3S} Зыходная змена: {разгудзе+цца/F3S/dzsl2007,sbm2012} => {разгудзі+цца/F3S}
Дадаць новыя формы па v10{sup}1{/sup} B/ V.PR. !b2: -зе+цца#150: разгудзе+цца/1159020a: {разгудзі+шся/F2S} Зыходная змена: {разгудзе+шся/F2S/dzsl2007,sbm2012} => {разгудзі+шся/F2S}
Дадаць новыя формы па v10{sup}1{/sup} B/ V.PR. !b2: -зе+цца#150: разгудзе+цца/1159020a: {разгудзіце+ся/F2P} Зыходная змена: {разгудзяце+ся/F2P/dzsl2007,sbm2012} => {разгудзіце+ся/F2P}
Дадаць новыя формы па v10{sup}1{/sup} B/ V.PR. !b2: -зе+цца#150: разгудзе+цца/1159020a: {разгудзя+цца/F3P} Зыходная змена: {разгуду+цца/F3P/dzsl2007,sbm2012} => {разгудзя+цца/F3P}
Памылка: Too many rules for прычасці+ць: v10{sup}1{/sup} B/ V.PN. !b3: -сці+ць#134, v10{sup}1{/sup} B/ V.PN. !b4: -ці+ць#135
Памылка: Няма правіла для тыпу v10{sup}1{/sup} B/ для глядзе+цца/VIMR2
Памылка: Няма правіла для тыпу v10{sup}1{/sup} B/ для летуце+ць/VIMN2
Памылка: Няма правіла для тыпу v10{sup}1{/sup} B/ для павісе+ць/VIPN2
Памылка: Няма правіла для тыпу v10{sup}1{/sup} B/ для перавісе+ць/VXPN2
Памылка: Няма правіла для тыпу v10{sup}1{/sup} B/ для правісе+ць/VIPN2
Памылка: Няма правіла для тыпу v10{sup}1{/sup} B/ для сядзе+цца/VIMR2
Рукамі: Выдаліць форму па v10{sup}1{/sup} B/ V.MN. !a2: -аце+ць#140: бліскаце+ць/1107805a: бліскаці+ць/XXXX/dzsl2007,sbm2012 Зыходная змена: {бліскаці+ць/XXXX/dzsl2007,sbm2012 + бліскаця+ць/XXXX/dzsl2007,sbm2012} => {}
Рукамі: Выдаліць форму па v10{sup}1{/sup} B/ V.MN. !a2: -аце+ць#140: бліскаце+ць/1107805a: бліскаця+ць/XXXX/dzsl2007,sbm2012 Зыходная змена: {бліскаці+ць/XXXX/dzsl2007,sbm2012 + бліскаця+ць/XXXX/dzsl2007,sbm2012} => {}
Рукамі: Выдаліць форму па v10{sup}1{/sup} B/ V.MN. !a2: -аце+ць#140: бубаце+ць/1206138a: бубаце+ючы/RG Зыходная змена: {бубаце+ючы/RG} => {бубо+цячы/RG/POTENTIAL}
Рукамі: Выдаліць форму па v10{sup}1{/sup} B/ V.MN. !a2: -аце+ць#140: грукаце+ць/1109661a: груко+чучы/RG Зыходная змена: {груко+чучы/RG} => {груко+цячы/RG/POTENTIAL}
Рукамі: Выдаліць форму па v10{sup}1{/sup} B/ V.MN. !a2: -аце+ць#140: дрыгаце+ць/1110437a: дрыгаці+ць/XXXX/dzsl2007,sbm2012 Зыходная змена: {дрыгаці+ць/XXXX/dzsl2007,sbm2012 + дрыгаця+ць/XXXX/dzsl2007,sbm2012} => {}
Рукамі: Выдаліць форму па v10{sup}1{/sup} B/ V.MN. !a2: -аце+ць#140: дрыгаце+ць/1110437a: дрыгаця+ць/XXXX/dzsl2007,sbm2012 Зыходная змена: {дрыгаці+ць/XXXX/dzsl2007,sbm2012 + дрыгаця+ць/XXXX/dzsl2007,sbm2012} => {}
Рукамі: Выдаліць форму па v10{sup}1{/sup} B/ V.MN. !a2: -аце+ць#140: лапаце+ць/1150503a: лапо+чучы/RG/dzsl2007 Зыходная змена: {лапо+чучы/RG/dzsl2007} => {лапо+цячы/RG/POTENTIAL}
Рукамі: Выдаліць форму па v10{sup}1{/sup} B/ V.MN. !a2: -аце+ць#140: лескаце+ць/1150505a: ляско+чучы/RG/dzsl2007 Зыходная змена: {ляско+чучы/RG/dzsl2007} => {ляско+цячы/RG/POTENTIAL}
Рукамі: Выдаліць форму па v10{sup}1{/sup} B/ V.MN. !a2: -аце+ць#140: мігаце+ць/1114153a: мігаці+ць/XXXX/dzsl2007,sbm2012 Зыходная змена: {мігаці+ць/XXXX/dzsl2007,sbm2012 + мігаця+ць/XXXX/dzsl2007,sbm2012} => {}
Рукамі: Выдаліць форму па v10{sup}1{/sup} B/ V.MN. !a2: -аце+ць#140: мігаце+ць/1114153a: мігаця+ць/XXXX/dzsl2007,sbm2012 Зыходная змена: {мігаці+ць/XXXX/dzsl2007,sbm2012 + мігаця+ць/XXXX/dzsl2007,sbm2012} => {}
Рукамі: Выдаліць форму па v10{sup}1{/sup} B/ V.MN. !a2: -аце+ць#140: слізгаце+ць/1149805a: слізгачы+/I2S/dzsl2007 Зыходная змена: {слізгачы+/I2S/dzsl2007} => {слізгаці+/I2S}
Рукамі: Выдаліць форму па v10{sup}1{/sup} B/ V.MN. !a2: -аце+ць#140: слізгаце+ць/1149805a: слізгачы+це/I2P/dzsl2007 Зыходная змена: {слізгачы+це/I2P/dzsl2007} => {слізгаці+це/I2P}
Рукамі: Выдаліць форму па v10{sup}1{/sup} B/ V.MN. !a2: -аце+ць#140: слізгаце+ць/1149805a: слізго+ча/R3S/dzsl2007,sbm2012 Зыходная змена: {слізго+ча/R3S/dzsl2007,sbm2012} => {слізгаці+ць/R3S}
Рукамі: Выдаліць форму па v10{sup}1{/sup} B/ V.MN. !a2: -аце+ць#140: слізгаце+ць/1149805a: слізго+чам/R1P/dzsl2007,sbm2012 Зыходная змена: {слізго+чам/R1P/dzsl2007,sbm2012} => {слізгаці+м/R1P}
Рукамі: Выдаліць форму па v10{sup}1{/sup} B/ V.MN. !a2: -аце+ць#140: слізгаце+ць/1149805a: слізго+чаце/R2P/dzsl2007,sbm2012 Зыходная змена: {слізго+чаце/R2P/dzsl2007,sbm2012} => {слізгаціце+/R2P}
Рукамі: Выдаліць форму па v10{sup}1{/sup} B/ V.MN. !a2: -аце+ць#140: слізгаце+ць/1149805a: слізго+чаш/R2S/dzsl2007,sbm2012 Зыходная змена: {слізго+чаш/R2S/dzsl2007,sbm2012} => {слізгаці+ш/R2S}
Рукамі: Выдаліць форму па v10{sup}1{/sup} B/ V.MN. !a2: -аце+ць#140: слізгаце+ць/1149805a: слізго+чуць/R3P/dzsl2007,sbm2012 Зыходная змена: {слізго+чуць/R3P/dzsl2007,sbm2012} => {слізгаця+ць/R3P}
Рукамі: Выдаліць форму па v10{sup}1{/sup} B/ V.MN. !a2: -аце+ць#140: слізгаце+ць/1149805a: слізго+чучы/RG/dzsl2007 Зыходная змена: {слізго+чучы/RG/dzsl2007} => {слізго+цячы/RG/POTENTIAL}
Рукамі: Выдаліць форму па v10{sup}1{/sup} B/ V.MN. !a2: -аце+ць#140: стракаце+ць/1124183a: стракаце+е/XXXX/dzsl2007 Зыходная змена: {стракаце+е/XXXX/dzsl2007 + стракаце+юць/XXXX/dzsl2007 + стракаці+ць/XXXX/dzsl2007 + стракаця+ць/XXXX/dzsl2007} => {}
Рукамі: Выдаліць форму па v10{sup}1{/sup} B/ V.MN. !a2: -аце+ць#140: стракаце+ць/1124183a: стракаце+юць/XXXX/dzsl2007 Зыходная змена: {стракаце+е/XXXX/dzsl2007 + стракаце+юць/XXXX/dzsl2007 + стракаці+ць/XXXX/dzsl2007 + стракаця+ць/XXXX/dzsl2007} => {}
Рукамі: Выдаліць форму па v10{sup}1{/sup} B/ V.MN. !a2: -аце+ць#140: стракаце+ць/1124183a: стракаці+ць/XXXX/dzsl2007 Зыходная змена: {стракаце+е/XXXX/dzsl2007 + стракаце+юць/XXXX/dzsl2007 + стракаці+ць/XXXX/dzsl2007 + стракаця+ць/XXXX/dzsl2007} => {}
Рукамі: Выдаліць форму па v10{sup}1{/sup} B/ V.MN. !a2: -аце+ць#140: стракаце+ць/1124183a: стракаця+ць/XXXX/dzsl2007 Зыходная змена: {стракаце+е/XXXX/dzsl2007 + стракаце+юць/XXXX/dzsl2007 + стракаці+ць/XXXX/dzsl2007 + стракаця+ць/XXXX/dzsl2007} => {}
Рукамі: Выдаліць форму па v10{sup}1{/sup} B/ V.MN. !a2: -аце+ць#140: траскаце+ць/1210471a: траско+ча/R3S/A2008/sbm2012 Зыходная змена: {траско+ча/R3S/A2008/sbm2012} => {траскаці+ць/R3S}
Рукамі: Выдаліць форму па v10{sup}1{/sup} B/ V.MN. !a2: -аце+ць#140: траскаце+ць/1210471a: траско+чам/R1P/A2008/sbm2012 Зыходная змена: {траско+чам/R1P/A2008/sbm2012} => {траскаці+м/R1P}
Рукамі: Выдаліць форму па v10{sup}1{/sup} B/ V.MN. !a2: -аце+ць#140: траскаце+ць/1210471a: траско+чаце/R2P/A2008/sbm2012 Зыходная змена: {траско+чаце/R2P/A2008/sbm2012} => {траскаціце+/R2P}
Рукамі: Выдаліць форму па v10{sup}1{/sup} B/ V.MN. !a2: -аце+ць#140: траскаце+ць/1210471a: траско+чаш/R2S/A2008/sbm2012 Зыходная змена: {траско+чаш/R2S/A2008/sbm2012} => {траскаці+ш/R2S}
Рукамі: Выдаліць форму па v10{sup}1{/sup} B/ V.MN. !a2: -аце+ць#140: траскаце+ць/1210471a: траско+чуць/R3P/A2008/sbm2012 Зыходная змена: {траско+чуць/R3P/A2008/sbm2012} => {траскаця+ць/R3P}
Рукамі: Выдаліць форму па v10{sup}1{/sup} B/ V.MN. !a2: -аце+ць#140: траскаце+ць/1210471a: траско+чучы/RG Зыходная змена: {траско+чучы/RG} => {траско+цячы/RG/POTENTIAL}
Рукамі: Выдаліць форму па v10{sup}1{/sup} B/ V.MN. !b: -і+ць#141: басі+ць/1107781a: башу+/R1S/A1957,A2008/dzsl2007,sbm2012 Зыходная змена: {башу+/R1S/A1957,A2008/dzsl2007,sbm2012} => {басу+/R1S}
Рукамі: Выдаліць форму па v10{sup}1{/sup} B/ V.MN. !b: -і+ць#141: бузі+ць/1107904a: бужу+/R1S/A1957,A2008/dzsl2007,sbm2012 Зыходная змена: {бужу+/R1S/A1957,A2008/dzsl2007,sbm2012} => {бузу+/R1S}
Рукамі: Выдаліць форму па v10{sup}1{/sup} B/ V.MN. !b: -і+ць#141: драбязі+ць/1150440a: драбяжу+/R1S/A1957,A2008/dzsl2007,sbm2012 Зыходная змена: {драбяжу+/R1S/A1957,A2008/dzsl2007,sbm2012} => {драбязу+/R1S}
Рукамі: Выдаліць форму па v10{sup}1{/sup} B/ V.MN. !b: -і+ць#141: кадзі+ць/1113546a: каджу+/R1S/dzsl2007,sbm2012 Зыходная змена: {каджу+/R1S/dzsl2007,sbm2012} => {кадзу+/R1S}
Рукамі: Выдаліць форму па v10{sup}1{/sup} B/ V.MN. !b: -і+ць#141: калясі+ць/1113604a: калясі+це/R2P/A1957,A2008/dzsl2007 Зыходная змена: {калясі+це/R2P/A1957,A2008/dzsl2007 + калесіце+/R2P/A1957,A2008/dzsl2007,sbm2012} => {калесіце+/R2P}
Рукамі: Выдаліць форму па v10{sup}1{/sup} B/ V.MN. !b: -і+ць#141: калясі+ць/1113604a: каляшу+/R1S/A1957,A2008/dzsl2007,sbm2012 Зыходная змена: {каляшу+/R1S/A1957,A2008/dzsl2007,sbm2012} => {калясу+/R1S}
Рукамі: Выдаліць форму па v10{sup}1{/sup} B/ V.MN. !b: -і+ць#141: рысі+ць/1123109a: рышу+/R1S/dzsl2007,sbm2012 Зыходная змена: {рышу+/R1S/dzsl2007,sbm2012} => {рысу+/R1S}
Рукамі: Выдаліць форму па v10{sup}1{/sup} B/ V.MN. !b: -і+ць#141: слядзі+ць/1150591a: сляджу+/R1S/dzsl2007,sbm2012 Зыходная змена: {сляджу+/R1S/dzsl2007,sbm2012} => {слядзу+/R1S}
Рукамі: Выдаліць форму па v10{sup}1{/sup} B/ V.MN. !b: -і+ць#141: фарсі+ць/1126154a: фаршу+/R1S/A1957,A2008/dzsl2007,sbm2012 Зыходная змена: {фаршу+/R1S/A1957,A2008/dzsl2007,sbm2012} => {фарсу+/R1S}
Рукамі: Выдаліць форму па v10{sup}1{/sup} B/ V.MN. !b: -і+ць#141: фундзі+ць/1150631a: фунджу+/R1S/A1957,A2008/dzsl2007,sbm2012 Зыходная змена: {фунджу+/R1S/A1957,A2008/dzsl2007,sbm2012} => {фундзу+/R1S}
Рукамі: Выдаліць форму па v10{sup}1{/sup} B/ V.MN. !b2: -ці+ць#142: кіпяці+ць/1113528a: кіпя+цячы/RG/NONSTANDARD Зыходная змена: {кіпя+цячы/RG/NONSTANDARD} => {кіпецячы+/RG/POTENTIAL}
Рукамі: Выдаліць форму па v10{sup}1{/sup} B/ V.MN. !b2: -ці+ць#142: кіпяці+ць/1113528a: кіпяці+це/R2P/NONSTANDARD Зыходная змена: {кіпяці+це/R2P/NONSTANDARD + кіпеціце+/R2P/dzsl2007,sbm2012} => {кіпеціце+/R2P}
Рукамі: Выдаліць форму па v10{sup}1{/sup} B/ V.MN. !b2: -ці+ць#142: ксці+ць/1207360a: кшчу/R1S Зыходная змена: {кшчу/R1S} => {ксчу+/R1S}
Рукамі: Выдаліць форму па v10{sup}1{/sup} B/ V.MN. !b2: -ці+ць#142: шарсці+ць/1126596a: шаршчу+/R1S/A1957,A2008/dzsl2007,sbm2012 Зыходная змена: {шаршчу+/R1S/A1957,A2008/dzsl2007,sbm2012} => {шарсчу+/R1S}
Рукамі: Выдаліць форму па v10{sup}1{/sup} B/ V.MN. !d2: -зе+ць#137: глядзе+ць/1109599a: глядзі+це/R2P/NONSTANDARD Зыходная змена: {глядзі+це/R2P/NONSTANDARD + гледзіце+/R2P/dzsl2007,sbm2012} => {гледзіце+/R2P}
Рукамі: Выдаліць форму па v10{sup}1{/sup} B/ V.MN. !d2: -зе+ць#137: сядзе+ць/1124565a: сядзі+це/R2P/NONSTANDARD Зыходная змена: {сядзі+це/R2P/NONSTANDARD + седзіце+/R2P/dzsl2007,sbm2012} => {седзіце+/R2P}
Рукамі: Выдаліць форму па v10{sup}1{/sup} B/ V.MN. !d3: -це+ць#138: плюхце+ць/1209299a: плюхце+ючы/RG Зыходная змена: {плюхце+ючы/RG} => {плюхцячы+/RG}
Рукамі: Выдаліць форму па v10{sup}1{/sup} B/ V.MN. !d3: -це+ць#138: трупце+ць/1210472a: тручу+/R1S Зыходная змена: {тручу+/R1S} => {трупчу+/R1S}
Рукамі: Выдаліць форму па v10{sup}1{/sup} B/ V.MN. !d31: -сце+ць#139: храбусце+ць/1126320a: храбу+шчачы/RG/dzsl2007 Зыходная змена: {храбу+сцячы/RG/NONSTANDARD + храбу+шчачы/RG/dzsl2007} => {храбусцячы+/RG}
Рукамі: Выдаліць форму па v10{sup}1{/sup} B/ V.MN. !d31: -сце+ць#139: шасце+ць/1210741a: шаршчу+/R1S Зыходная змена: {шаршчу+/R1S} => {шашчу+/R1S}
Рукамі: Выдаліць форму па v10{sup}1{/sup} B/ V.MR. !a: -і+цца#152: кіпяці+цца/1113527a: кіпяці+цеся/R2P/A1957,A2008/dzsl2007 Зыходная змена: {кіпяці+цеся/R2P/A1957,A2008/dzsl2007 + кіпеціце+ся/R2P/A1957,A2008/dzsl2007,sbm2012} => {кіпеціце+ся/R2P}
Рукамі: Выдаліць форму па v10{sup}1{/sup} B/ V.MR. !a: -і+цца#152: кіпяці+цца/1113527a: кіпячу+ся/R1S/A1957,A2008/dzsl2007,sbm2012 Зыходная змена: {кіпячу+ся/R1S/A1957,A2008/dzsl2007,sbm2012} => {кіпяцу+ся/R1S}
Рукамі: Выдаліць форму па v10{sup}1{/sup} B/ V.MR. !a: -і+цца#152: ксці+цца/1207359a: кшчу+ся/R1S Зыходная змена: {кшчу+ся/R1S} => {ксцу+ся/R1S}
Рукамі: Выдаліць форму па v10{sup}1{/sup} B/ V.MR. !a: -і+цца#152: мітусі+цца/1114193a: мітушу+ся/R1S/A1957,A2008/dzsl2007,sbm2012 Зыходная змена: {мітушу+ся/R1S/A1957,A2008/dzsl2007,sbm2012} => {мітусу+ся/R1S}
Рукамі: Выдаліць форму па v10{sup}1{/sup} B/ V.MR. !a: -і+цца#152: сарамаці+цца/1123389a: сарамачу+ся/R1S/dzsl2007,sbm2012 Зыходная змена: {сарамачу+ся/R1S/dzsl2007,sbm2012} => {сарамацу+ся/R1S}
Рукамі: Выдаліць форму па v10{sup}1{/sup} B/ V.MR. !a: -і+цца#152: слязі+цца/1210301a: слезі+цеся/R2P Зыходная змена: {слезі+цеся/R2P} => {слязіце+ся/R2P}
Рукамі: Выдаліць форму па v10{sup}1{/sup} B/ V.MR. !a: -і+цца#152: слязі+цца/1210301a: сляжу+ся/R1S Зыходная змена: {сляжу+ся/R1S} => {слязу+ся/R1S}
Рукамі: Выдаліць форму па v10{sup}1{/sup} B/ V.MR. !a: -і+цца#152: франці+цца/1126221a: франчуся/R1S Зыходная змена: {франчуся/R1S} => {францу+ся/R1S}
Рукамі: Выдаліць форму па v10{sup}1{/sup} B/ V.PN. !a: -зе+ць#129: адсядзе+ць/1106689a: адсядзі+це/F2P/NONSTANDARD Зыходная змена: {адсядзі+це/F2P/NONSTANDARD + адседзіце+/F2P/dzsl2007,sbm2012} => {адседзіце+/F2P}
Рукамі: Выдаліць форму па v10{sup}1{/sup} B/ V.PN. !a: -зе+ць#129: дасядзе+ць/1110270a: дасядзі+це/F2P/NONSTANDARD Зыходная змена: {дасядзі+це/F2P/NONSTANDARD + даседзіце+/F2P/dzsl2007,sbm2012} => {даседзіце+/F2P}
Рукамі: Выдаліць форму па v10{sup}1{/sup} B/ V.PN. !a: -зе+ць#129: насядзе+ць/1115451a: насядзі+це/F2P/NONSTANDARD Зыходная змена: {насядзі+це/F2P/NONSTANDARD + наседзіце+/F2P/dzsl2007,sbm2012} => {наседзіце+/F2P}
Рукамі: Выдаліць форму па v10{sup}1{/sup} B/ V.PN. !a: -зе+ць#129: паглядзе+ць/1116246a: паглядзі+це/F2P/NONSTANDARD Зыходная змена: {паглядзі+це/F2P/NONSTANDARD + пагледзіце+/F2P/dzsl2007,sbm2012} => {пагледзіце+/F2P}
Рукамі: Выдаліць форму па v10{sup}1{/sup} B/ V.PN. !a: -зе+ць#129: пасядзе+ць/1118555a: пасядзі+це/F2P/NONSTANDARD Зыходная змена: {пасядзі+це/F2P/NONSTANDARD + паседзіце+/F2P/dzsl2007,sbm2012} => {паседзіце+/F2P}
Рукамі: Выдаліць форму па v10{sup}1{/sup} B/ V.PN. !a: -зе+ць#129: прагудзе+ць/1157903a: прагуду+/F1S/dzsl2007,sbm2012 Зыходная змена: {прагуду+/F1S/dzsl2007,sbm2012} => {прагуджу+/F1S}
Рукамі: Выдаліць форму па v10{sup}1{/sup} B/ V.PN. !a2: -це+ць#130: абляце+ць/1105369a: абляці+це/F2P/NONSTANDARD Зыходная змена: {абляці+це/F2P/NONSTANDARD + аблеціце+/F2P/dzsl2007,sbm2012} => {аблеціце+/F2P}
Рукамі: Выдаліць форму па v10{sup}1{/sup} B/ V.PN. !a2: -це+ць#130: адгрукаце+ць/1106118a: адгруко+ча/F3S/NONSTANDARD Зыходная змена: {адгрукаці+ць/F3S/dzsl2007,sbm2012 + адгруко+ча/F3S/NONSTANDARD} => {адгрукаці+ць/F3S}
Рукамі: Выдаліць форму па v10{sup}1{/sup} B/ V.PN. !a2: -це+ць#130: адгрукаце+ць/1106118a: адгруко+чам/F1P/NONSTANDARD Зыходная змена: {адгрукаці+м/F1P/dzsl2007,sbm2012 + адгруко+чам/F1P/NONSTANDARD} => {адгрукаці+м/F1P}
Рукамі: Выдаліць форму па v10{sup}1{/sup} B/ V.PN. !a2: -це+ць#130: адгрукаце+ць/1106118a: адгруко+чаце/F2P/NONSTANDARD Зыходная змена: {адгрукаціце+/F2P/dzsl2007,sbm2012 + адгруко+чаце/F2P/NONSTANDARD} => {адгрукаціце+/F2P}
Рукамі: Выдаліць форму па v10{sup}1{/sup} B/ V.PN. !a2: -це+ць#130: адгрукаце+ць/1106118a: адгруко+чаш/F2S/NONSTANDARD Зыходная змена: {адгрукаці+ш/F2S/dzsl2007,sbm2012 + адгруко+чаш/F2S/NONSTANDARD} => {адгрукаці+ш/F2S}
Рукамі: Выдаліць форму па v10{sup}1{/sup} B/ V.PN. !a2: -це+ць#130: адгрукаце+ць/1106118a: адгруко+чу/F1S/NONSTANDARD Зыходная змена: {адгрукачу+/F1S/dzsl2007,sbm2012 + адгруко+чу/F1S/NONSTANDARD} => {адгрукачу+/F1S}
Рукамі: Выдаліць форму па v10{sup}1{/sup} B/ V.PN. !a2: -це+ць#130: адгрукаце+ць/1106118a: адгруко+чуць/F3P/NONSTANDARD Зыходная змена: {адгрукаця+ць/F3P/dzsl2007,sbm2012 + адгруко+чуць/F3P/NONSTANDARD} => {адгрукаця+ць/F3P}
Рукамі: Выдаліць форму па v10{sup}1{/sup} B/ V.PN. !a2: -це+ць#130: адляце+ць/1106342a: адляці+це/F2P/NONSTANDARD Зыходная змена: {адляці+це/F2P/NONSTANDARD + адлеціце+/F2P/dzsl2007,sbm2012} => {адлеціце+/F2P}
Рукамі: Выдаліць форму па v10{sup}1{/sup} B/ V.PN. !a2: -це+ць#130: даляце+ць/1110033a: даляці+це/F2P/NONSTANDARD Зыходная змена: {даляці+це/F2P/NONSTANDARD + далеціце+/F2P/dzsl2007,sbm2012} => {далеціце+/F2P}
Рукамі: Выдаліць форму па v10{sup}1{/sup} B/ V.PN. !a2: -це+ць#130: забліскаце+ць/1110796a: забліскаці+ць/XXXX/dzsl2007,sbm2012 Зыходная змена: {забліскаці+ць/XXXX/dzsl2007,sbm2012 + забліскаця+ць/XXXX/dzsl2007,sbm2012} => {}
Рукамі: Выдаліць форму па v10{sup}1{/sup} B/ V.PN. !a2: -це+ць#130: забліскаце+ць/1110796a: забліскаця+ць/XXXX/dzsl2007,sbm2012 Зыходная змена: {забліскаці+ць/XXXX/dzsl2007,sbm2012 + забліскаця+ць/XXXX/dzsl2007,sbm2012} => {}
Рукамі: Выдаліць форму па v10{sup}1{/sup} B/ V.PN. !a2: -це+ць#130: закарце+ць/1111330a: закарці+ць/XXXX/dzsl2007,sbm2012 Зыходная змена: {закарці+ць/XXXX/dzsl2007,sbm2012} => {}
Рукамі: Выдаліць форму па v10{sup}1{/sup} B/ V.PN. !a2: -це+ць#130: заляце+ць/1111554a: заляці+це/F2P/NONSTANDARD Зыходная змена: {заляці+це/F2P/NONSTANDARD + залеціце+/F2P/dzsl2007,sbm2012} => {залеціце+/F2P}
Рукамі: Выдаліць форму па v10{sup}1{/sup} B/ V.PN. !a2: -це+ць#130: зляце+ць/1113184a: зляці+це/F2P/NONSTANDARD Зыходная змена: {зляці+це/F2P/NONSTANDARD + злеціце+/F2P/dzsl2007,sbm2012} => {злеціце+/F2P}
Рукамі: Выдаліць форму па v10{sup}1{/sup} B/ V.PN. !a2: -це+ць#130: наляце+ць/1115049a: наляці+це/F2P/NONSTANDARD Зыходная змена: {наляці+це/F2P/NONSTANDARD + налеціце+/F2P/dzsl2007,sbm2012} => {налеціце+/F2P}
Рукамі: Выдаліць форму па v10{sup}1{/sup} B/ V.PN. !a2: -це+ць#130: падляце+ць/1116713a: падляці+це/F2P/NONSTANDARD Зыходная змена: {падляці+це/F2P/NONSTANDARD + падлеціце+/F2P/dzsl2007,sbm2012} => {падлеціце+/F2P}
Рукамі: Выдаліць форму па v10{sup}1{/sup} B/ V.PN. !a2: -це+ць#130: палетуце+ць/1117615a: палетуце+е/F3S/dzsl2007,sbm2012 Зыходная змена: {палетуце+е/F3S/dzsl2007,sbm2012} => {палетуці+ць/F3S}
Рукамі: Выдаліць форму па v10{sup}1{/sup} B/ V.PN. !a2: -це+ць#130: палетуце+ць/1117615a: палетуце+ем/F1P/dzsl2007 Зыходная змена: {палетуце+ем/F1P/dzsl2007} => {палетуці+м/F1P}
Рукамі: Выдаліць форму па v10{sup}1{/sup} B/ V.PN. !a2: -це+ць#130: палетуце+ць/1117615a: палетуце+еце/F2P/dzsl2007 Зыходная змена: {палетуце+еце/F2P/dzsl2007} => {палетуціце+/F2P}
Рукамі: Выдаліць форму па v10{sup}1{/sup} B/ V.PN. !a2: -це+ць#130: палетуце+ць/1117615a: палетуце+еш/F2S/dzsl2007,sbm2012 Зыходная змена: {палетуце+еш/F2S/dzsl2007,sbm2012} => {палетуці+ш/F2S}
Рукамі: Выдаліць форму па v10{sup}1{/sup} B/ V.PN. !a2: -це+ць#130: палетуце+ць/1117615a: палетуце+ю/F1S/dzsl2007,sbm2012 Зыходная змена: {палетуце+ю/F1S/dzsl2007,sbm2012} => {палетучу+/F1S}
Рукамі: Выдаліць форму па v10{sup}1{/sup} B/ V.PN. !a2: -це+ць#130: палетуце+ць/1117615a: палетуце+юць/F3P/dzsl2007,sbm2012 Зыходная змена: {палетуце+юць/F3P/dzsl2007,sbm2012} => {палетуця+ць/F3P}
Рукамі: Выдаліць форму па v10{sup}1{/sup} B/ V.PN. !a2: -це+ць#130: паляскаце+ць/1157574a: паляскачы+/I2S/dzsl2007 Зыходная змена: {паляскачы+/I2S/dzsl2007} => {паляскаці+/I2S}
Рукамі: Выдаліць форму па v10{sup}1{/sup} B/ V.PN. !a2: -це+ць#130: паляскаце+ць/1157574a: паляскачы+це/I2P/dzsl2007 Зыходная змена: {паляскачы+це/I2P/dzsl2007} => {паляскаці+це/I2P}
Рукамі: Выдаліць форму па v10{sup}1{/sup} B/ V.PN. !a2: -це+ць#130: паляце+ць/1117669a: паляці+це/F2P/NONSTANDARD Зыходная змена: {паляці+це/F2P/NONSTANDARD + палеціце+/F2P/dzsl2007,sbm2012} => {палеціце+/F2P}
Рукамі: Выдаліць форму па v10{sup}1{/sup} B/ V.PN. !a2: -це+ць#130: пераляце+ць/1119454a: пераляці+це/F2P/NONSTANDARD Зыходная змена: {пераляці+це/F2P/NONSTANDARD + пералеціце+/F2P/dzsl2007,sbm2012} => {пералеціце+/F2P}
Рукамі: Выдаліць форму па v10{sup}1{/sup} B/ V.PN. !a2: -це+ць#130: прагрукаце+ць/1157900a: прагрукачы+/I2S/dzsl2007 Зыходная змена: {прагрукачы+/I2S/dzsl2007} => {прагрукаці+/I2S}
Рукамі: Выдаліць форму па v10{sup}1{/sup} B/ V.PN. !a2: -це+ць#130: прагрукаце+ць/1157900a: прагрукачы+це/I2P/dzsl2007 Зыходная змена: {прагрукачы+це/I2P/dzsl2007} => {прагрукаці+це/I2P}
Рукамі: Выдаліць форму па v10{sup}1{/sup} B/ V.PN. !a2: -це+ць#130: праляце+ць/1120580a: праляці+це/F2P/NONSTANDARD Зыходная змена: {праляці+це/F2P/NONSTANDARD + пралеціце+/F2P/dzsl2007,sbm2012} => {пралеціце+/F2P}
Рукамі: Выдаліць форму па v10{sup}1{/sup} B/ V.PN. !a2: -це+ць#130: прыляце+ць/1121369a: прыляці+це/F2P/NONSTANDARD Зыходная змена: {прыляці+це/F2P/NONSTANDARD + прылеціце+/F2P/dzsl2007,sbm2012} => {прылеціце+/F2P}
Рукамі: Выдаліць форму па v10{sup}1{/sup} B/ V.PN. !a2: -це+ць#130: узляце+ць/1125281a: узляці+це/F2P/NONSTANDARD Зыходная змена: {узляці+це/F2P/NONSTANDARD + узлеціце+/F2P/dzsl2007,sbm2012} => {узлеціце+/F2P}
Рукамі: Выдаліць форму па v10{sup}1{/sup} B/ V.PN. !a2: -це+ць#130: уляце+ць/1125473a: уляці+це/F2P/NONSTANDARD Зыходная змена: {уляці+це/F2P/NONSTANDARD + улеціце+/F2P/dzsl2007, sbm2012} => {улеціце+/F2P}
Рукамі: Выдаліць форму па v10{sup}1{/sup} B/ V.PN. !a3: -сце+ць#131: прашалясце+ць/1209576a: прашалесці+це/F2P Зыходная змена: {прашалесці+це/F2P} => {прашалясціце+/F2P}
Рукамі: Выдаліць форму па v10{sup}1{/sup} B/ V.PN. !b4: -ці+ць#135: закіпяці+ць/1111276a: закіпяці+це/F2P/NONSTANDARD Зыходная змена: {закіпяці+це/F2P/NONSTANDARD + закіпеціце+/F2P/dzsl2007,sbm2012} => {закіпеціце+/F2P}
Рукамі: Выдаліць форму па v10{sup}1{/sup} B/ V.PN. !b4: -ці+ць#135: накіпяці+ць/1114904a: накіпеціце+/XXXX/dzsl2007,sbm2012 Зыходная змена: {накіпеціце+/XXXX/dzsl2007,sbm2012} => {}
Рукамі: Выдаліць форму па v10{sup}1{/sup} B/ V.PN. !b4: -ці+ць#135: накіпяці+ць/1114904a: накіпяці+це/F2P/NONSTANDARD Зыходная змена: {накіпяці+це/F2P/NONSTANDARD} => {накіпеціце+/F2P}
Рукамі: Выдаліць форму па v10{sup}1{/sup} B/ V.PN. !b4: -ці+ць#135: пакіпяці+ць/1117413a: пакіпяці+це/F2P/NONSTANDARD Зыходная змена: {пакіпяці+це/F2P/NONSTANDARD + пакіпеціце+/F2P/dzsl2007} => {пакіпеціце+/F2P}
Рукамі: Выдаліць форму па v10{sup}1{/sup} B/ V.PN. !b4: -ці+ць#135: перакіпяці+ць/1119320a: перакіпяці+це/F2P/NONSTANDARD Зыходная змена: {перакіпяці+це/F2P/NONSTANDARD + перакіпеціце+/F2P/dzsl2007,sbm2012} => {перакіпеціце+/F2P}
Рукамі: Выдаліць форму па v10{sup}1{/sup} B/ V.PR. !a2: -зі+цца#144: заслязі+цца/1206970a: заслезі+цеся/F2P Зыходная змена: {заслезі+цеся/F2P} => {заслязіце+ся/F2P}
Рукамі: Выдаліць форму па v10{sup}1{/sup} B/ V.PR. !a4: -ці+цца#146: закіпяці+цца/1111275a: закіпяці+цеся/F2P/NONSTANDARD Зыходная змена: {закіпеціце+ся/F2P/dzsl2007, sbm2012 + закіпяці+цеся/F2P/NONSTANDARD} => {закіпеціце+ся/F2P}
Рукамі: Выдаліць форму па v10{sup}1{/sup} B/ V.PR. !b1: -це+цца#149: адляце+цца/1106341a: адляці+цеся/F2P/NONSTANDARD Зыходная змена: {адляці+цеся/F2P/NONSTANDARD + адлеціце+ся/F2P/dzsl2007,sbm2012} => {адлеціце+ся/F2P}
Рукамі: Выдаліць форму па v10{sup}1{/sup} B/ V.PR. !b1: -це+цца#149: зляце+цца/1113183a: злеціце+ся/XXXX/dzsl2007,sbm2012 Зыходная змена: {злеціце+ся/XXXX/dzsl2007,sbm2012} => {}
Рукамі: Выдаліць форму па v10{sup}1{/sup} B/ V.PR. !b2: -зе+цца#150: адсядзе+цца/1106688a: адсядзі+цеся/F2P/NONSTANDARD Зыходная змена: {адсядзі+цеся/F2P/NONSTANDARD + адседзіце+ся/F2P/dzsl2007,sbm2012} => {адседзіце+ся/F2P}
Рукамі: Выдаліць форму па v10{sup}1{/sup} B/ V.PR. !b2: -зе+цца#150: дасядзе+цца/1110269a: дасядзі+цеся/F2P/NONSTANDARD Зыходная змена: {дасядзі+цеся/F2P/NONSTANDARD + даседзіце+ся/F2P/dzsl2007,sbm2012} => {даседзіце+ся/F2P}
Рукамі: Выдаліць форму па v10{sup}1{/sup} B/ V.PR. !b2: -зе+цца#150: засядзе+цца/1112265a: засядзі+цеся/F2P/NONSTANDARD Зыходная змена: {засядзі+цеся/F2P/NONSTANDARD + заседзіце+ся/F2P/dzsl2007,sbm2012} => {заседзіце+ся/F2P}
Рукамі: Выдаліць форму па v10{sup}1{/sup} B/ V.PR. !b2: -зе+цца#150: насядзе+цца/1115450a: насядзі+цеся/F2P/NONSTANDARD Зыходная змена: {насядзі+цеся/F2P/NONSTANDARD + наседзіце+ся/F2P/dzsl2007,sbm2012} => {наседзіце+ся/F2P}
Рукамі: Выдаліць форму па v10{sup}1{/sup} B/ V.PR. !b2: -зе+цца#150: паглядзе+цца/1116245a: паглядзі+цеся/F2P/NONSTANDARD Зыходная змена: {паглядзі+цеся/F2P/NONSTANDARD + пагледзіце+ся/F2P/dzsl2007,sbm2012} => {пагледзіце+ся/F2P}
Рукамі: Выдаліць форму па v10{sup}1{/sup} B/ V.PR. !b2: -зе+цца#150: разгудзе+цца/1159020a: разгудзё+мся/F1P/dzsl2007,sbm2012 Зыходная змена: {разгудзё+мся/F1P/dzsl2007,sbm2012} => {разгудзі+мся/F1P}
Рукамі: Выдаліць форму па v10{sup}1{/sup} B/ V.PR. !b2: -зе+цца#150: разгудзе+цца/1159020a: разгудзе+цца/F3S/dzsl2007,sbm2012 Зыходная змена: {разгудзе+цца/F3S/dzsl2007,sbm2012} => {разгудзі+цца/F3S}
Рукамі: Выдаліць форму па v10{sup}1{/sup} B/ V.PR. !b2: -зе+цца#150: разгудзе+цца/1159020a: разгудзе+шся/F2S/dzsl2007,sbm2012 Зыходная змена: {разгудзе+шся/F2S/dzsl2007,sbm2012} => {разгудзі+шся/F2S}
Рукамі: Выдаліць форму па v10{sup}1{/sup} B/ V.PR. !b2: -зе+цца#150: разгудзе+цца/1159020a: разгудзяце+ся/F2P/dzsl2007,sbm2012 Зыходная змена: {разгудзяце+ся/F2P/dzsl2007,sbm2012} => {разгудзіце+ся/F2P}
Рукамі: Выдаліць форму па v10{sup}1{/sup} B/ V.PR. !b2: -зе+цца#150: разгудзе+цца/1159020a: разгуду+ся/F1S/dzsl2007,sbm2012 Зыходная змена: {разгуду+ся/F1S/dzsl2007,sbm2012} => {разгуджу+ся/F1S}
Рукамі: Выдаліць форму па v10{sup}1{/sup} B/ V.PR. !b2: -зе+цца#150: разгудзе+цца/1159020a: разгуду+цца/F3P/dzsl2007,sbm2012 Зыходная змена: {разгуду+цца/F3P/dzsl2007,sbm2012} => {разгудзя+цца/F3P}
Рукамі: пераход быў е->я для заслязі+цца ў {[засляжу+ся, заслязя+цца, заслязі+лася, заслязі+ліся, заслязі+мся, заслязі+ся, заслязі+цеся, заслязі+цца, заслязі+шся, заслязі+ўся, заслязі+ўшыся]} і небыло ў {[заслезі+цеся]}
Рукамі: пераход быў е->я для прашалясце+ць ў {[прашалясце+ла, прашалясце+лі, прашалясце+ць, прашалясце+ў, прашалясце+ўшы, прашалясця+ць, прашалясці+, прашалясці+м, прашалясці+це, прашалясці+ць, прашалясці+ш, прашаляшчу+]} і небыло ў {[прашалесці+це]}
Рукамі: пераход быў е->я для слязі+цца ў {[сляжу+ся, слязя+цца, слязі+лася, слязі+ліся, слязі+мся, слязі+ся, слязі+цеся, слязі+цца, слязі+шся, слязі+ўся]} і небыло ў {[слезі+цеся]}
Рукамі: пераход няправільны я->е ў заслязі+цца->заслезі+цеся
Рукамі: пераход няправільны я->е ў прашалясце+ць->прашалесці+це
Рукамі: пераход няправільны я->е ў слязі+цца->слезі+цеся
=================================================
Статыстыка па адсутнасці правілаў:
    v10{sup}1{/sup} B/: 6
=================================================
Статыстыка па колькасці неразгорнутых:
