Выдаліць форму па v12{sup}1{/sup} B/ V.MN. !c: -э+ць#122: імжэ+ць/1104627a: імжэ+е/R3S/POTENTIAL Зыходная змена: {імжы+ць/R3S/A1957,A2008/dzsl2007,sbm2012 + імжэ+е/R3S/POTENTIAL} => {імжы+ць/R3S}
Выдаліць форму па v12{sup}1{/sup} B/ V.MN. !c: -э+ць#122: цурчэ+ць/1126414a: цурчэе/R3S/POTENTIAL Зыходная змена: {цурчэе/R3S/POTENTIAL} => {цурчы+ць/R3S}
Выдаліць форму па v12{sup}1{/sup} B/ V.MN. !c: -э+ць#122: цурчэ+ць/1126414a: цурчэем/R1P/POTENTIAL Зыходная змена: {цурчэем/R1P/POTENTIAL} => {цурчы+м/R1P}
Выдаліць форму па v12{sup}1{/sup} B/ V.MN. !c: -э+ць#122: цурчэ+ць/1126414a: цурчэеце/R2P/POTENTIAL Зыходная змена: {цурчэеце/R2P/POTENTIAL} => {цурчыце+/R2P}
Выдаліць форму па v12{sup}1{/sup} B/ V.MN. !c: -э+ць#122: цурчэ+ць/1126414a: цурчэеш/R2S/POTENTIAL Зыходная змена: {цурчэеш/R2S/POTENTIAL} => {цурчы+ш/R2S}
Выдаліць форму па v12{sup}1{/sup} B/ V.MN. !c: -э+ць#122: цурчэ+ць/1126414a: цурчэй/I2S/POTENTIAL Зыходная змена: {цурчэй/I2S/POTENTIAL} => {цурчы+/I2S}
Выдаліць форму па v12{sup}1{/sup} B/ V.MN. !c: -э+ць#122: цурчэ+ць/1126414a: цурчэйце/I2P/POTENTIAL Зыходная змена: {цурчэйце/I2P/POTENTIAL} => {цурчы+це/I2P}
Выдаліць форму па v12{sup}1{/sup} B/ V.MN. !c: -э+ць#122: цурчэ+ць/1126414a: цурчэю/R1S/POTENTIAL Зыходная змена: {цурчэю/R1S/POTENTIAL} => {цурчу+/R1S}
Выдаліць форму па v12{sup}1{/sup} B/ V.MN. !c: -э+ць#122: цурчэ+ць/1126414a: цурчэюць/R3P/POTENTIAL Зыходная змена: {цурчэюць/R3P/POTENTIAL} => {цурча+ць/R3P}
Выдаліць форму па v12{sup}1{/sup} B/ V.MN. !c: -э+ць#122: цурчэ+ць/1126414a: цурчэючы/RG/POTENTIAL Зыходная змена: {цурчэючы/RG/POTENTIAL} => {цурчачы+/RG/POTENTIAL + цурчучы+/RG/POTENTIAL}
Выдаліць форму па v12{sup}1{/sup} B/ V.MN. !c: -э+ць#122: шамрэ+ць/1210736a: шамрэ+й/I2S/POTENTIAL Зыходная змена: {шамрэ+й/I2S/POTENTIAL} => {шамры+/I2S}
Выдаліць форму па v12{sup}1{/sup} B/ V.MN. !c: -э+ць#122: шамрэ+ць/1210736a: шамрэ+йце/I2P/POTENTIAL Зыходная змена: {шамрэ+йце/I2P/POTENTIAL} => {шамры+це/I2P}
Выдаліць форму па v12{sup}1{/sup} B/ V.MR. !a: -а+цца#126: імча+цца/1104637a: імчучы+ся/RG/POTENTIAL Зыходная змена: {імчучы+ся/RG/POTENTIAL} => {імчачы+ся/RG}
Выдаліць форму па v12{sup}1{/sup} B/ V.MR. !a: -а+цца#126: ляжа+цца/1114132a: лежучыся/RG/POTENTIAL Зыходная змена: {лежучыся/RG/POTENTIAL} => {ляжачы+ся/RG}
Выдаліць форму па v12{sup}1{/sup} B/ V.MR. !b: -ы+цца#127: казыры+цца/1113550a: казы+рся/I2S/POTENTIAL Зыходная змена: {казы+рся/I2S/POTENTIAL + казыры+ся/I2S/POTENTIAL} => {казыры+ся/I2S}
Выдаліць форму па v12{sup}1{/sup} B/ V.MR. !b: -ы+цца#127: казыры+цца/1113550a: казы+рцеся/I2P/POTENTIAL Зыходная змена: {казы+рцеся/I2P/POTENTIAL + казыры+цеся/I2P/POTENTIAL} => {казыры+цеся/I2P}
Выдаліць форму па v12{sup}1{/sup} B/ V.PN. !a: -а+ць#117: пабурча+ць/1115993a: пабурчы/I2S/POTENTIAL Зыходная змена: {пабурчы+/I2S/POTENTIAL/A1957,A2008 + пабурчы/I2S/POTENTIAL} => {пабурчы+/I2S}
Выдаліць форму па v12{sup}1{/sup} B/ V.PN. !a: -а+ць#117: пабурча+ць/1115993a: пабурчыце/I2P/POTENTIAL Зыходная змена: {пабурчы+це/I2P/POTENTIAL/A1957,A2008 + пабурчыце/I2P/POTENTIAL} => {пабурчы+це/I2P}
Выдаліць форму па v12{sup}1{/sup} B/ V.PN. !b: -ы+ць#118: зымшы+ць/1157217a: з'імшы+/I2S/POTENTIAL/A1957 Зыходная змена: {зымшы+/I2S/POTENTIAL/A1957,A2008 + з'імшы+/I2S/POTENTIAL/A1957} => {зымшы+/I2S}
Выдаліць форму па v12{sup}1{/sup} B/ V.PN. !b: -ы+ць#118: зымшы+ць/1157217a: з'імшы+це/I2P/POTENTIAL/A1957 Зыходная змена: {зымшы+це/I2P/POTENTIAL/A1957,A2008 + з'імшы+це/I2P/POTENTIAL/A1957} => {зымшы+це/I2P}
Выдаліць форму па v12{sup}1{/sup} B/ V.PN. !b: -ы+ць#118: паімжы+ць/1208458a: паімжаце+/F2P/POTENTIAL Зыходная змена: {паімжаце+/F2P/POTENTIAL} => {паімжыце+/F2P}
Выдаліць форму па v12{sup}1{/sup} B/ V.PN. !c: -э+ць#119: адымжэ+ць/1205891a: адымжэ+й/I2S/POTENTIAL Зыходная змена: {адымжэ+й/I2S/POTENTIAL} => {адымжы+/I2S}
Выдаліць форму па v12{sup}1{/sup} B/ V.PN. !c: -э+ць#119: адымжэ+ць/1205891a: адымжэ+йце/I2P/POTENTIAL Зыходная змена: {адымжэ+йце/I2P/POTENTIAL} => {адымжы+це/I2P}
Выдаліць форму па v12{sup}1{/sup} B/ V.PN. !c: -э+ць#119: загучэ+ць/1206787a: загучэ+й/I2S/POTENTIAL Зыходная змена: {загучэ+й/I2S/POTENTIAL} => {загучы+/I2S}
Выдаліць форму па v12{sup}1{/sup} B/ V.PN. !c: -э+ць#119: загучэ+ць/1206787a: загучэ+йце/I2P/POTENTIAL Зыходная змена: {загучэ+йце/I2P/POTENTIAL} => {загучы+це/I2P}
Выдаліць форму па v12{sup}1{/sup} B/ V.PN. !c: -э+ць#119: замжэ+ць/1111635a: замжэе/F3S/POTENTIAL Зыходная змена: {замжэе/F3S/POTENTIAL} => {замжы+ць/F3S}
Выдаліць форму па v12{sup}1{/sup} B/ V.PN. !c: -э+ць#119: замжэ+ць/1111635a: замжэем/F1P/POTENTIAL Зыходная змена: {замжэем/F1P/POTENTIAL} => {замжы+м/F1P}
Выдаліць форму па v12{sup}1{/sup} B/ V.PN. !c: -э+ць#119: замжэ+ць/1111635a: замжэеце/F2P/POTENTIAL Зыходная змена: {замжэеце/F2P/POTENTIAL} => {замжыце+/F2P}
Выдаліць форму па v12{sup}1{/sup} B/ V.PN. !c: -э+ць#119: замжэ+ць/1111635a: замжэеш/F2S/POTENTIAL Зыходная змена: {замжэеш/F2S/POTENTIAL} => {замжы+ш/F2S}
Выдаліць форму па v12{sup}1{/sup} B/ V.PN. !c: -э+ць#119: замжэ+ць/1111635a: замжэй/I2S/POTENTIAL Зыходная змена: {замжэй/I2S/POTENTIAL} => {замжы+/I2S}
Выдаліць форму па v12{sup}1{/sup} B/ V.PN. !c: -э+ць#119: замжэ+ць/1111635a: замжэйце/I2P/POTENTIAL Зыходная змена: {замжэйце/I2P/POTENTIAL} => {замжы+це/I2P}
Выдаліць форму па v12{sup}1{/sup} B/ V.PN. !c: -э+ць#119: замжэ+ць/1111635a: замжэю/F1S/POTENTIAL Зыходная змена: {замжэю/F1S/POTENTIAL} => {замжу+/F1S}
Выдаліць форму па v12{sup}1{/sup} B/ V.PN. !c: -э+ць#119: замжэ+ць/1111635a: замжэюць/F3P/POTENTIAL Зыходная змена: {замжэюць/F3P/POTENTIAL} => {замжа+ць/F3P}
Выдаліць форму па v12{sup}1{/sup} B/ V.PN. !c: -э+ць#119: паімжэ+ць/1115835a: паімжаце/F2P/POTENTIAL Зыходная змена: {паімжаце/F2P/POTENTIAL} => {паімжыце+/F2P}
Выдаліць форму па v12{sup}1{/sup} B/ V.PN. !c: -э+ць#119: паімжэ+ць/1115835a: паімжэй/I2S/POTENTIAL Зыходная змена: {паімжэй/I2S/POTENTIAL} => {паімжы+/I2S}
Выдаліць форму па v12{sup}1{/sup} B/ V.PN. !c: -э+ць#119: паімжэ+ць/1115835a: паімжэйце/I2P/POTENTIAL Зыходная змена: {паімжэйце/I2P/POTENTIAL} => {паімжы+це/I2P}
Дадаць новыя формы па v12{sup}1{/sup} B/ V.MN. !a: -а+ць#120: блішча+ць/1107807a: {блішчачы+/RG/POTENTIAL} Зыходная змена: {блішчучы+/RG/dzsl2007} => {блішчачы+/RG/POTENTIAL + блішчучы+/RG/POTENTIAL}
Дадаць новыя формы па v12{sup}1{/sup} B/ V.MN. !a: -а+ць#120: бразджа+ць/1107848a: {бразджачы+/RG/POTENTIAL + бразджучы+/RG/POTENTIAL} Зыходная змена: {} => {бразджачы+/RG/POTENTIAL + бразджучы+/RG/POTENTIAL}
Дадаць новыя формы па v12{sup}1{/sup} B/ V.MN. !a: -а+ць#120: брынча+ць/1150404a: {брынчачы+/RG/POTENTIAL + брынчучы+/RG/POTENTIAL} Зыходная змена: {} => {брынчачы+/RG/POTENTIAL + брынчучы+/RG/POTENTIAL}
Дадаць новыя формы па v12{sup}1{/sup} B/ V.MN. !a: -а+ць#120: бурча+ць/1107925a: {бурчачы+/RG/POTENTIAL} Зыходная змена: {бурчучы+/RG} => {бурчачы+/RG/POTENTIAL + бурчучы+/RG/POTENTIAL}
Дадаць новыя формы па v12{sup}1{/sup} B/ V.MN. !a: -а+ць#120: верашча+ць/1108090a: {верашчучы+/RG/POTENTIAL} Зыходная змена: {верашча+чы/RG/NONSTANDARD} => {верашчачы+/RG/POTENTIAL + верашчучы+/RG/POTENTIAL}
Дадаць новыя формы па v12{sup}1{/sup} B/ V.MN. !a: -а+ць#120: вурча+ць/1150419a: {вурчачы+/RG/POTENTIAL + вурчучы+/RG/POTENTIAL} Зыходная змена: {} => {вурчачы+/RG/POTENTIAL + вурчучы+/RG/POTENTIAL}
Дадаць новыя формы па v12{sup}1{/sup} B/ V.MN. !a: -а+ць#120: груча+ць/1150435a: {гручачы+/RG/POTENTIAL + гручучы+/RG/POTENTIAL} Зыходная змена: {} => {гручачы+/RG/POTENTIAL + гручучы+/RG/POTENTIAL}
Дадаць новыя формы па v12{sup}1{/sup} B/ V.MN. !a: -а+ць#120: гурча+ць/1206490a: {гурчачы+/RG/POTENTIAL + гурчучы+/RG/POTENTIAL} Зыходная змена: {} => {гурчачы+/RG/POTENTIAL + гурчучы+/RG/POTENTIAL}
Дадаць новыя формы па v12{sup}1{/sup} B/ V.MN. !a: -а+ць#120: гуча+ць/1109715a: {гучачы+/RG/POTENTIAL} Зыходная змена: {гучучы/RG/POTENTIAL} => {гучачы+/RG/POTENTIAL + гучучы+/RG/POTENTIAL}
Дадаць новыя формы па v12{sup}1{/sup} B/ V.MN. !a: -а+ць#120: дзюрча+ць/1206641a: {дзюрчачы+/RG/POTENTIAL + дзюрчучы+/RG/POTENTIAL} Зыходная змена: {} => {дзюрчачы+/RG/POTENTIAL + дзюрчучы+/RG/POTENTIAL}
Дадаць новыя формы па v12{sup}1{/sup} B/ V.MN. !a: -а+ць#120: дзяржа+ць/1150438a: {дзержучы+/RG/POTENTIAL} Зыходная змена: {дзе+ржачы/RG/POTENTIAL} => {дзержачы+/RG/POTENTIAL + дзержучы+/RG/POTENTIAL}
Дадаць новыя формы па v12{sup}1{/sup} B/ V.MN. !a: -а+ць#120: дрыжа+ць/1110438a: {дрыжачы+/RG/POTENTIAL} Зыходная змена: {дрыжучы+/RG} => {дрыжачы+/RG/POTENTIAL + дрыжучы+/RG/POTENTIAL}
Дадаць новыя формы па v12{sup}1{/sup} B/ V.MN. !a: -а+ць#120: дрынча+ць/1150445a: {дрынчачы+/RG/POTENTIAL + дрынчучы+/RG/POTENTIAL} Зыходная змена: {} => {дрынчачы+/RG/POTENTIAL + дрынчучы+/RG/POTENTIAL}
Дадаць новыя формы па v12{sup}1{/sup} B/ V.MN. !a: -а+ць#120: журча+ць/1206709a: {журчачы+/RG/POTENTIAL} Зыходная змена: {журчучы+/RG} => {журчачы+/RG/POTENTIAL + журчучы+/RG/POTENTIAL}
Дадаць новыя формы па v12{sup}1{/sup} B/ V.MN. !a: -а+ць#120: імча+ць/1104638a: {імчачы+/RG/POTENTIAL} Зыходная змена: {імчучы+/RG} => {імчачы+/RG/POTENTIAL + імчучы+/RG/POTENTIAL}
Дадаць новыя формы па v12{sup}1{/sup} B/ V.MN. !a: -а+ць#120: крыча+ць/1113905a: {крычачы+/RG/POTENTIAL} Зыходная змена: {крычучы+/RG/dzsl2007} => {крычачы+/RG/POTENTIAL + крычучы+/RG/POTENTIAL}
Дадаць новыя формы па v12{sup}1{/sup} B/ V.MN. !a: -а+ць#120: маўча+ць/1114199a: {маўчачы+/RG/POTENTIAL + маўчучы+/RG/POTENTIAL} Зыходная змена: {} => {маўчачы+/RG/POTENTIAL + маўчучы+/RG/POTENTIAL}
Дадаць новыя формы па v12{sup}1{/sup} B/ V.MN. !a: -а+ць#120: мыча+ць/1150524a: {мычачы+/RG/POTENTIAL + мычучы+/RG/POTENTIAL} Зыходная змена: {} => {мычачы+/RG/POTENTIAL + мычучы+/RG/POTENTIAL}
Дадаць новыя формы па v12{sup}1{/sup} B/ V.MN. !a: -а+ць#120: напаўляжа+ць/1150532a: {напаўлежачы+/RG/POTENTIAL + напаўлежучы+/RG/POTENTIAL} Зыходная змена: {} => {напаўлежачы+/RG/POTENTIAL + напаўлежучы+/RG/POTENTIAL}
Дадаць новыя формы па v12{sup}1{/sup} B/ V.MN. !a: -а+ць#120: паўляжа+ць/1150546a: {паўлежачы+/RG/POTENTIAL} Зыходная змена: {паўлежучы+/RG/dzsl2007} => {паўлежачы+/RG/POTENTIAL + паўлежучы+/RG/POTENTIAL}
Дадаць новыя формы па v12{sup}1{/sup} B/ V.MN. !a: -а+ць#120: пішча+ць/1115783a: {пішчачы+/RG/POTENTIAL + пішчучы+/RG/POTENTIAL} Зыходная змена: {} => {пішчачы+/RG/POTENTIAL + пішчучы+/RG/POTENTIAL}
Дадаць новыя формы па v12{sup}1{/sup} B/ V.MN. !a: -а+ць#120: тарча+ць/1150620a: {тарчачы+/RG/POTENTIAL + тарчучы+/RG/POTENTIAL} Зыходная змена: {} => {тарчачы+/RG/POTENTIAL + тарчучы+/RG/POTENTIAL}
Дадаць новыя формы па v12{sup}1{/sup} B/ V.MN. !a: -а+ць#120: трашча+ць/1124735a: {трашчучы+/RG/POTENTIAL} Зыходная змена: {трашча+чы/RG/NONSTANDARD} => {трашчачы+/RG/POTENTIAL + трашчучы+/RG/POTENTIAL}
Дадаць новыя формы па v12{sup}1{/sup} B/ V.MN. !a: -а+ць#120: турча+ць/1124805a: {турчучы+/RG/POTENTIAL} Зыходная змена: {турчачы+/RG} => {турчачы+/RG/POTENTIAL + турчучы+/RG/POTENTIAL}
Дадаць новыя формы па v12{sup}1{/sup} B/ V.MN. !a: -а+ць#120: тырча+ць/1124836a: {тырчучы+/RG/POTENTIAL} Зыходная змена: {тырча+чы/RG/NONSTANDARD} => {тырчачы+/RG/POTENTIAL + тырчучы+/RG/POTENTIAL}
Дадаць новыя формы па v12{sup}1{/sup} B/ V.MN. !a: -а+ць#120: фырча+ць/1150632a: {фырчачы+/RG/POTENTIAL + фырчучы+/RG/POTENTIAL} Зыходная змена: {} => {фырчачы+/RG/POTENTIAL + фырчучы+/RG/POTENTIAL}
Дадаць новыя формы па v12{sup}1{/sup} B/ V.MN. !a: -а+ць#120: цвірча+ць/1126375a: {цвірчучы+/RG/POTENTIAL} Зыходная змена: {цвірчачы/RG} => {цвірчачы+/RG/POTENTIAL + цвірчучы+/RG/POTENTIAL}
Дадаць новыя формы па v12{sup}1{/sup} B/ V.MN. !a: -а+ць#120: цурча+ць/1126413a: {цурчучы+/RG/POTENTIAL} Зыходная змена: {цурчачы/RG/POTENTIAL} => {цурчачы+/RG/POTENTIAL + цурчучы+/RG/POTENTIAL}
Дадаць новыя формы па v12{sup}1{/sup} B/ V.MN. !b: -ы+ць#121: багры+ць/1150388a: {багручы+/RG/POTENTIAL} Зыходная змена: {баграчы+/RG/dzsl2007} => {баграчы+/RG/POTENTIAL + багручы+/RG/POTENTIAL}
Дадаць новыя формы па v12{sup}1{/sup} B/ V.MN. !b: -ы+ць#121: віры+ць/1107990a: {віручы+/RG/POTENTIAL} Зыходная змена: {вірачы/RG/POTENTIAL} => {вірачы+/RG/POTENTIAL + віручы+/RG/POTENTIAL}
Дадаць новыя формы па v12{sup}1{/sup} B/ V.MN. !b: -ы+ць#121: віхры+ць/1150424a: {віхрачы+/RG/POTENTIAL + віхручы+/RG/POTENTIAL} Зыходная змена: {} => {віхрачы+/RG/POTENTIAL + віхручы+/RG/POTENTIAL}
Дадаць новыя формы па v12{sup}1{/sup} B/ V.MN. !b: -ы+ць#121: гарачы+ць/1109518a: {гарачачы+/RG/POTENTIAL + гарачучы+/RG/POTENTIAL} Зыходная змена: {} => {гарачачы+/RG/POTENTIAL + гарачучы+/RG/POTENTIAL}
Дадаць новыя формы па v12{sup}1{/sup} B/ V.MN. !b: -ы+ць#121: гарчы+ць/1206440a: {гарчачы+/RG/POTENTIAL + гарчучы+/RG/POTENTIAL} Зыходная змена: {го+рчачы/RG} => {гарчачы+/RG/POTENTIAL + гарчучы+/RG/POTENTIAL}
Дадаць новыя формы па v12{sup}1{/sup} B/ V.MN. !b: -ы+ць#121: дажджы+ць/1206528a: {дажджачы+/RG/POTENTIAL + дажджучы+/RG/POTENTIAL} Зыходная змена: {} => {дажджачы+/RG/POTENTIAL + дажджучы+/RG/POTENTIAL}
Дадаць новыя формы па v12{sup}1{/sup} B/ V.MN. !b: -ы+ць#121: дажджы+ць/1206528a: {дажджы+/I2S} Зыходная змена: {} => {дажджы+/I2S}
Дадаць новыя формы па v12{sup}1{/sup} B/ V.MN. !b: -ы+ць#121: дажджы+ць/1206528a: {дажджы+це/I2P} Зыходная змена: {} => {дажджы+це/I2P}
Дадаць новыя формы па v12{sup}1{/sup} B/ V.MN. !b: -ы+ць#121: даражы+ць/1110168a: {даражачы+/RG/POTENTIAL + даражучы+/RG/POTENTIAL} Зыходная змена: {} => {даражачы+/RG/POTENTIAL + даражучы+/RG/POTENTIAL}
Дадаць новыя формы па v12{sup}1{/sup} B/ V.MN. !b: -ы+ць#121: значы+ць/1207212a: {значучы+/RG/POTENTIAL} Зыходная змена: {зна+чачы/RG/POTENTIAL} => {значачы+/RG/POTENTIAL + значучы+/RG/POTENTIAL}
Дадаць новыя формы па v12{sup}1{/sup} B/ V.MN. !b: -ы+ць#121: імжы+ць/1207249a: {імжа+ць/R3P} Зыходная змена: {} => {імжа+ць/R3P}
Дадаць новыя формы па v12{sup}1{/sup} B/ V.MN. !b: -ы+ць#121: імжы+ць/1207249a: {імжачы+/RG/POTENTIAL + імжучы+/RG/POTENTIAL} Зыходная змена: {} => {імжачы+/RG/POTENTIAL + імжучы+/RG/POTENTIAL}
Дадаць новыя формы па v12{sup}1{/sup} B/ V.MN. !b: -ы+ць#121: імжы+ць/1207249a: {імжу+/R1S} Зыходная змена: {} => {імжу+/R1S}
Дадаць новыя формы па v12{sup}1{/sup} B/ V.MN. !b: -ы+ць#121: імжы+ць/1207249a: {імжы+/I2S} Зыходная змена: {} => {імжы+/I2S}
Дадаць новыя формы па v12{sup}1{/sup} B/ V.MN. !b: -ы+ць#121: імжы+ць/1207249a: {імжы+лі/PXP} Зыходная змена: {} => {імжы+лі/PXP}
Дадаць новыя формы па v12{sup}1{/sup} B/ V.MN. !b: -ы+ць#121: імжы+ць/1207249a: {імжы+м/R1P} Зыходная змена: {} => {імжы+м/R1P}
Дадаць новыя формы па v12{sup}1{/sup} B/ V.MN. !b: -ы+ць#121: імжы+ць/1207249a: {імжы+це/I2P} Зыходная змена: {} => {імжы+це/I2P}
Дадаць новыя формы па v12{sup}1{/sup} B/ V.MN. !b: -ы+ць#121: імжы+ць/1207249a: {імжы+ш/R2S} Зыходная змена: {} => {імжы+ш/R2S}
Дадаць новыя формы па v12{sup}1{/sup} B/ V.MN. !b: -ы+ць#121: імжы+ць/1207249a: {імжыце+/R2P} Зыходная змена: {} => {імжыце+/R2P}
Дадаць новыя формы па v12{sup}1{/sup} B/ V.MN. !b: -ы+ць#121: імшы+ць/1104640a: {імшачы+/RG/POTENTIAL + імшучы+/RG/POTENTIAL} Зыходная змена: {} => {імшачы+/RG/POTENTIAL + імшучы+/RG/POTENTIAL}
Дадаць новыя формы па v12{sup}1{/sup} B/ V.MN. !b: -ы+ць#121: іскры+ць/1104751a: {іскручы+/RG/POTENTIAL} Зыходная змена: {іскрачы/RG/POTENTIAL} => {іскрачы+/RG/POTENTIAL + іскручы+/RG/POTENTIAL}
Дадаць новыя формы па v12{sup}1{/sup} B/ V.MN. !b: -ы+ць#121: камшы+ць/1150470a: {камшачы+/RG/POTENTIAL + камшучы+/RG/POTENTIAL} Зыходная змена: {} => {камшачы+/RG/POTENTIAL + камшучы+/RG/POTENTIAL}
Дадаць новыя формы па v12{sup}1{/sup} B/ V.MN. !b: -ы+ць#121: ляшы+ць/1150507a: {лешачы+/RG/POTENTIAL + лешучы+/RG/POTENTIAL} Зыходная змена: {} => {лешачы+/RG/POTENTIAL + лешучы+/RG/POTENTIAL}
Дадаць новыя формы па v12{sup}1{/sup} B/ V.MN. !b: -ы+ць#121: мудры+ць/1150519a: {мудрачы+/RG/POTENTIAL + мудручы+/RG/POTENTIAL} Зыходная змена: {} => {мудрачы+/RG/POTENTIAL + мудручы+/RG/POTENTIAL}
Дадаць новыя формы па v12{sup}1{/sup} B/ V.MN. !b: -ы+ць#121: мяздры+ць/1150526a: {мездрачы+/RG/POTENTIAL + мездручы+/RG/POTENTIAL} Зыходная змена: {} => {мездрачы+/RG/POTENTIAL + мездручы+/RG/POTENTIAL}
Дадаць новыя формы па v12{sup}1{/sup} B/ V.MN. !b: -ы+ць#121: парушы+ць/1150544a: {парушучы+/RG/POTENTIAL} Зыходная змена: {пару+шачы/RG/dzsl2007} => {парушачы+/RG/POTENTIAL + парушучы+/RG/POTENTIAL}
Дадаць новыя формы па v12{sup}1{/sup} B/ V.MN. !b: -ы+ць#121: пяршы+ць/1209781a: {пяршачы+/RG/POTENTIAL + пяршучы+/RG/POTENTIAL} Зыходная змена: {пе+ршачы/RG} => {пяршачы+/RG/POTENTIAL + пяршучы+/RG/POTENTIAL}
Дадаць новыя формы па v12{sup}1{/sup} B/ V.MN. !b: -ы+ць#121: пяршы+ць/1209781a: {пяршыце+/R2P} Зыходная змена: {першы+це/R2P} => {пяршыце+/R2P}
Дадаць новыя формы па v12{sup}1{/sup} B/ V.MN. !b: -ы+ць#121: хандры+ць/1150635a: {хандрачы+/RG/POTENTIAL + хандручы+/RG/POTENTIAL} Зыходная змена: {} => {хандрачы+/RG/POTENTIAL + хандручы+/RG/POTENTIAL}
Дадаць новыя формы па v12{sup}1{/sup} B/ V.MN. !b: -ы+ць#121: хітры+ць/1126257a: {хітрачы+/RG/POTENTIAL + хітручы+/RG/POTENTIAL} Зыходная змена: {} => {хітрачы+/RG/POTENTIAL + хітручы+/RG/POTENTIAL}
Дадаць новыя формы па v12{sup}1{/sup} B/ V.MN. !b: -ы+ць#121: чапуры+ць/1150646a: {чапурачы+/RG/POTENTIAL + чапуручы+/RG/POTENTIAL} Зыходная змена: {} => {чапурачы+/RG/POTENTIAL + чапуручы+/RG/POTENTIAL}
Дадаць новыя формы па v12{sup}1{/sup} B/ V.MN. !b: -ы+ць#121: шчалачы+ць/1150669a: {шчалачачы+/RG/POTENTIAL + шчалачучы+/RG/POTENTIAL} Зыходная змена: {} => {шчалачачы+/RG/POTENTIAL + шчалачучы+/RG/POTENTIAL}
Дадаць новыя формы па v12{sup}1{/sup} B/ V.MN. !b: -ы+ць#121: юры+ць/1126806a: {юрачы+/RG/POTENTIAL + юручы+/RG/POTENTIAL} Зыходная змена: {} => {юрачы+/RG/POTENTIAL + юручы+/RG/POTENTIAL}
Дадаць новыя формы па v12{sup}1{/sup} B/ V.MN. !b: -ы+ць#121: яршы+ць/1150673a: {яршачы+/RG/POTENTIAL + яршучы+/RG/POTENTIAL} Зыходная змена: {} => {яршачы+/RG/POTENTIAL + яршучы+/RG/POTENTIAL}
Дадаць новыя формы па v12{sup}1{/sup} B/ V.MN. !c: -э+ць#122: блішчэ+ць/1150396a: {блішчачы+/RG/POTENTIAL} Зыходная змена: {блішчучы+/RG/dzsl2007} => {блішчачы+/RG/POTENTIAL + блішчучы+/RG/POTENTIAL}
Дадаць новыя формы па v12{sup}1{/sup} B/ V.MN. !c: -э+ць#122: брынчэ+ць/1150405a: {брынчачы+/RG/POTENTIAL + брынчучы+/RG/POTENTIAL} Зыходная змена: {} => {брынчачы+/RG/POTENTIAL + брынчучы+/RG/POTENTIAL}
Дадаць новыя формы па v12{sup}1{/sup} B/ V.MN. !c: -э+ць#122: бурчэ+ць/1107926a: {бурчачы+/RG/POTENTIAL + бурчучы+/RG/POTENTIAL} Зыходная змена: {} => {бурчачы+/RG/POTENTIAL + бурчучы+/RG/POTENTIAL}
Дадаць новыя формы па v12{sup}1{/sup} B/ V.MN. !c: -э+ць#122: гарэ+ць/1109514a: {гарачы+/RG/POTENTIAL} Зыходная змена: {гаручы+/RG/dzsl2007} => {гарачы+/RG/POTENTIAL + гаручы+/RG/POTENTIAL}
Дадаць новыя формы па v12{sup}1{/sup} B/ V.MN. !c: -э+ць#122: дзюрчэ+ць/1206642a: {дзюрчачы+/RG/POTENTIAL + дзюрчучы+/RG/POTENTIAL} Зыходная змена: {} => {дзюрчачы+/RG/POTENTIAL + дзюрчучы+/RG/POTENTIAL}
Дадаць новыя формы па v12{sup}1{/sup} B/ V.MN. !c: -э+ць#122: дрыжэ+ць/1150444a: {дрыжучы+/RG/POTENTIAL} Зыходная змена: {дры+жачы/RG/POTENTIAL} => {дрыжачы+/RG/POTENTIAL + дрыжучы+/RG/POTENTIAL}
Дадаць новыя формы па v12{sup}1{/sup} B/ V.MN. !c: -э+ць#122: дрынчэ+ць/1150446a: {дрынчачы+/RG/POTENTIAL + дрынчучы+/RG/POTENTIAL} Зыходная змена: {} => {дрынчачы+/RG/POTENTIAL + дрынчучы+/RG/POTENTIAL}
Дадаць новыя формы па v12{sup}1{/sup} B/ V.MN. !c: -э+ць#122: журчэ+ць/1206710a: {журчачы+/RG/POTENTIAL + журчучы+/RG/POTENTIAL} Зыходная змена: {} => {журчачы+/RG/POTENTIAL + журчучы+/RG/POTENTIAL}
Дадаць новыя формы па v12{sup}1{/sup} B/ V.MN. !c: -э+ць#122: імжэ+ць/1104627a: {імжа+ць/R3P} Зыходная змена: {} => {імжа+ць/R3P}
Дадаць новыя формы па v12{sup}1{/sup} B/ V.MN. !c: -э+ць#122: імжэ+ць/1104627a: {імжачы+/RG/POTENTIAL + імжучы+/RG/POTENTIAL} Зыходная змена: {} => {імжачы+/RG/POTENTIAL + імжучы+/RG/POTENTIAL}
Дадаць новыя формы па v12{sup}1{/sup} B/ V.MN. !c: -э+ць#122: імжэ+ць/1104627a: {імжу+/R1S} Зыходная змена: {} => {імжу+/R1S}
Дадаць новыя формы па v12{sup}1{/sup} B/ V.MN. !c: -э+ць#122: імжэ+ць/1104627a: {імжы+м/R1P} Зыходная змена: {} => {імжы+м/R1P}
Дадаць новыя формы па v12{sup}1{/sup} B/ V.MN. !c: -э+ць#122: імжэ+ць/1104627a: {імжы+ш/R2S} Зыходная змена: {} => {імжы+ш/R2S}
Дадаць новыя формы па v12{sup}1{/sup} B/ V.MN. !c: -э+ць#122: імжэ+ць/1104627a: {імжыце+/R2P} Зыходная змена: {} => {імжыце+/R2P}
Дадаць новыя формы па v12{sup}1{/sup} B/ V.MN. !c: -э+ць#122: кішэ+ць/1113535a: {кішачы+/RG/POTENTIAL} Зыходная змена: {кішучы+/RG} => {кішачы+/RG/POTENTIAL + кішучы+/RG/POTENTIAL}
Дадаць новыя формы па v12{sup}1{/sup} B/ V.MN. !c: -э+ць#122: свірчэ+ць/1150583a: {свірчачы+/RG/POTENTIAL + свірчучы+/RG/POTENTIAL} Зыходная змена: {} => {свірчачы+/RG/POTENTIAL + свірчучы+/RG/POTENTIAL}
Дадаць новыя формы па v12{sup}1{/sup} B/ V.MN. !c: -э+ць#122: сквірчэ+ць/1123647a: {сквірчачы+/RG/POTENTIAL} Зыходная змена: {сквірчучы/RG/POTENTIAL} => {сквірчачы+/RG/POTENTIAL + сквірчучы+/RG/POTENTIAL}
Дадаць новыя формы па v12{sup}1{/sup} B/ V.MN. !c: -э+ць#122: сычэ+ць/1150612a: {сычачы+/RG/POTENTIAL + сычучы+/RG/POTENTIAL} Зыходная змена: {} => {сычачы+/RG/POTENTIAL + сычучы+/RG/POTENTIAL}
Дадаць новыя формы па v12{sup}1{/sup} B/ V.MN. !c: -э+ць#122: цурчэ+ць/1126414a: {цурча+ць/R3P} Зыходная змена: {цурчэюць/R3P/POTENTIAL} => {цурча+ць/R3P}
Дадаць новыя формы па v12{sup}1{/sup} B/ V.MN. !c: -э+ць#122: цурчэ+ць/1126414a: {цурчачы+/RG/POTENTIAL + цурчучы+/RG/POTENTIAL} Зыходная змена: {цурчэючы/RG/POTENTIAL} => {цурчачы+/RG/POTENTIAL + цурчучы+/RG/POTENTIAL}
Дадаць новыя формы па v12{sup}1{/sup} B/ V.MN. !c: -э+ць#122: цурчэ+ць/1126414a: {цурчу+/R1S} Зыходная змена: {цурчэю/R1S/POTENTIAL} => {цурчу+/R1S}
Дадаць новыя формы па v12{sup}1{/sup} B/ V.MN. !c: -э+ць#122: цурчэ+ць/1126414a: {цурчы+/I2S} Зыходная змена: {цурчэй/I2S/POTENTIAL} => {цурчы+/I2S}
Дадаць новыя формы па v12{sup}1{/sup} B/ V.MN. !c: -э+ць#122: цурчэ+ць/1126414a: {цурчы+м/R1P} Зыходная змена: {цурчэем/R1P/POTENTIAL} => {цурчы+м/R1P}
Дадаць новыя формы па v12{sup}1{/sup} B/ V.MN. !c: -э+ць#122: цурчэ+ць/1126414a: {цурчы+це/I2P} Зыходная змена: {цурчэйце/I2P/POTENTIAL} => {цурчы+це/I2P}
Дадаць новыя формы па v12{sup}1{/sup} B/ V.MN. !c: -э+ць#122: цурчэ+ць/1126414a: {цурчы+ць/R3S} Зыходная змена: {цурчэе/R3S/POTENTIAL} => {цурчы+ць/R3S}
Дадаць новыя формы па v12{sup}1{/sup} B/ V.MN. !c: -э+ць#122: цурчэ+ць/1126414a: {цурчы+ш/R2S} Зыходная змена: {цурчэеш/R2S/POTENTIAL} => {цурчы+ш/R2S}
Дадаць новыя формы па v12{sup}1{/sup} B/ V.MN. !c: -э+ць#122: цурчэ+ць/1126414a: {цурчыце+/R2P} Зыходная змена: {цурчэеце/R2P/POTENTIAL} => {цурчыце+/R2P}
Дадаць новыя формы па v12{sup}1{/sup} B/ V.MN. !c: -э+ць#122: шабуршэ+ць/1150651a: {шабуршачы+/RG/POTENTIAL + шабуршучы+/RG/POTENTIAL} Зыходная змена: {} => {шабуршачы+/RG/POTENTIAL + шабуршучы+/RG/POTENTIAL}
Дадаць новыя формы па v12{sup}1{/sup} B/ V.MN. !c: -э+ць#122: шамрэ+ць/1210736a: {шамрачы+/RG/POTENTIAL + шамручы+/RG/POTENTIAL} Зыходная змена: {} => {шамрачы+/RG/POTENTIAL + шамручы+/RG/POTENTIAL}
Дадаць новыя формы па v12{sup}1{/sup} B/ V.MN. !c: -э+ць#122: шамрэ+ць/1210736a: {шамру+/R1S} Зыходная змена: {шамрэ+ю/R1S} => {шамру+/R1S}
Дадаць новыя формы па v12{sup}1{/sup} B/ V.MN. !c: -э+ць#122: шамрэ+ць/1210736a: {шамры+/I2S} Зыходная змена: {шамрэ+й/I2S/POTENTIAL} => {шамры+/I2S}
Дадаць новыя формы па v12{sup}1{/sup} B/ V.MN. !c: -э+ць#122: шамрэ+ць/1210736a: {шамры+це/I2P} Зыходная змена: {шамрэ+йце/I2P/POTENTIAL} => {шамры+це/I2P}
Дадаць новыя формы па v12{sup}1{/sup} B/ V.MN. !c: -э+ць#122: шуршэ+ць/1150668a: {шуршачы+/RG/POTENTIAL + шуршучы+/RG/POTENTIAL} Зыходная змена: {} => {шуршачы+/RG/POTENTIAL + шуршучы+/RG/POTENTIAL}
Дадаць новыя формы па v12{sup}1{/sup} B/ V.MR. !a: -а+цца#126: імча+цца/1104637a: {імчачы+ся/RG} Зыходная змена: {імчучы+ся/RG/POTENTIAL} => {імчачы+ся/RG}
Дадаць новыя формы па v12{sup}1{/sup} B/ V.MR. !a: -а+цца#126: ляжа+цца/1114132a: {ляжачы+ся/RG} Зыходная змена: {лежучыся/RG/POTENTIAL} => {ляжачы+ся/RG}
Дадаць новыя формы па v12{sup}1{/sup} B/ V.MR. !b: -ы+цца#127: бугры+цца/1206139a: {буграчы+ся/RG} Зыходная змена: {} => {буграчы+ся/RG}
Дадаць новыя формы па v12{sup}1{/sup} B/ V.MR. !b: -ы+цца#127: віры+цца/1206165a: {вірачы+ся/RG} Зыходная змена: {} => {вірачы+ся/RG}
Дадаць новыя формы па v12{sup}1{/sup} B/ V.MR. !b: -ы+цца#127: віры+цца/1206165a: {віры+ся/I2S} Зыходная змена: {} => {віры+ся/I2S}
Дадаць новыя формы па v12{sup}1{/sup} B/ V.MR. !b: -ы+цца#127: віры+цца/1206165a: {віры+цеся/I2P} Зыходная змена: {} => {віры+цеся/I2P}
Дадаць новыя формы па v12{sup}1{/sup} B/ V.MR. !b: -ы+цца#127: ганары+цца/1109504a: {ганарачы+ся/RG} Зыходная змена: {} => {ганарачы+ся/RG}
Дадаць новыя формы па v12{sup}1{/sup} B/ V.MR. !b: -ы+цца#127: гарачы+цца/1109517a: {гарачачы+ся/RG} Зыходная змена: {} => {гарачачы+ся/RG}
Дадаць новыя формы па v12{sup}1{/sup} B/ V.MR. !b: -ы+цца#127: даражы+цца/1151612a: {даражачы+ся/RG} Зыходная змена: {} => {даражачы+ся/RG}
Дадаць новыя формы па v12{sup}1{/sup} B/ V.MR. !b: -ы+цца#127: імжы+цца/1207248a: {імжачы+ся/RG} Зыходная змена: {} => {імжачы+ся/RG}
Дадаць новыя формы па v12{sup}1{/sup} B/ V.MR. !b: -ы+цца#127: лапушы+цца/1207378a: {лапушачы+ся/RG} Зыходная змена: {} => {лапушачы+ся/RG}
Дадаць новыя формы па v12{sup}1{/sup} B/ V.MR. !b: -ы+цца#127: мяздры+цца/1207452a: {мяздрачы+ся/RG} Зыходная змена: {} => {мяздрачы+ся/RG}
Дадаць новыя формы па v12{sup}1{/sup} B/ V.MR. !b: -ы+цца#127: наздры+цца/1207579a: {наздрачы+ся/RG} Зыходная змена: {} => {наздрачы+ся/RG}
Дадаць новыя формы па v12{sup}1{/sup} B/ V.MR. !b: -ы+цца#127: храбры+цца/1151663a: {храбрачы+ся/RG} Зыходная змена: {} => {храбрачы+ся/RG}
Дадаць новыя формы па v12{sup}1{/sup} B/ V.MR. !b: -ы+цца#127: чапуры+цца/1126488a: {чапурачы+ся/RG} Зыходная змена: {} => {чапурачы+ся/RG}
Дадаць новыя формы па v12{sup}1{/sup} B/ V.MR. !b: -ы+цца#127: шчалачы+цца/1210775a: {шчалачачы+ся/RG} Зыходная змена: {шчало+чачыся/RG} => {шчалачачы+ся/RG}
Дадаць новыя формы па v12{sup}1{/sup} B/ V.MR. !b: -ы+цца#127: яршы+цца/1151669a: {яршачы+ся/RG} Зыходная змена: {} => {яршачы+ся/RG}
Дадаць новыя формы па v12{sup}1{/sup} B/ V.PN. !b: -ы+ць#118: амшы+ць/1156761a: {амшы+/I2S} Зыходная змена: {} => {амшы+/I2S}
Дадаць новыя формы па v12{sup}1{/sup} B/ V.PN. !b: -ы+ць#118: амшы+ць/1156761a: {амшы+це/I2P} Зыходная змена: {} => {амшы+це/I2P}
Дадаць новыя формы па v12{sup}1{/sup} B/ V.PN. !b: -ы+ць#118: запяршы+ць/1206925a: {запяршыце+/F2P} Зыходная змена: {запершы+це/F2P} => {запяршыце+/F2P}
Дадаць новыя формы па v12{sup}1{/sup} B/ V.PN. !b: -ы+ць#118: паімжы+ць/1208458a: {паімжыце+/F2P} Зыходная змена: {паімжаце+/F2P/POTENTIAL} => {паімжыце+/F2P}
Дадаць новыя формы па v12{sup}1{/sup} B/ V.PN. !c: -э+ць#119: адымжэ+ць/1205891a: {адымжы+/I2S} Зыходная змена: {адымжэ+й/I2S/POTENTIAL} => {адымжы+/I2S}
Дадаць новыя формы па v12{sup}1{/sup} B/ V.PN. !c: -э+ць#119: адымжэ+ць/1205891a: {адымжы+це/I2P} Зыходная змена: {адымжэ+йце/I2P/POTENTIAL} => {адымжы+це/I2P}
Дадаць новыя формы па v12{sup}1{/sup} B/ V.PN. !c: -э+ць#119: загучэ+ць/1206787a: {загучы+/I2S} Зыходная змена: {загучэ+й/I2S/POTENTIAL} => {загучы+/I2S}
Дадаць новыя формы па v12{sup}1{/sup} B/ V.PN. !c: -э+ць#119: загучэ+ць/1206787a: {загучы+це/I2P} Зыходная змена: {загучэ+йце/I2P/POTENTIAL} => {загучы+це/I2P}
Дадаць новыя формы па v12{sup}1{/sup} B/ V.PN. !c: -э+ць#119: закішэ+ць/1206840a: {закішы+/I2S} Зыходная змена: {} => {закішы+/I2S}
Дадаць новыя формы па v12{sup}1{/sup} B/ V.PN. !c: -э+ць#119: закішэ+ць/1206840a: {закішы+це/I2P} Зыходная змена: {} => {закішы+це/I2P}
Дадаць новыя формы па v12{sup}1{/sup} B/ V.PN. !c: -э+ць#119: замжэ+ць/1111635a: {замжа+ць/F3P} Зыходная змена: {замжэюць/F3P/POTENTIAL} => {замжа+ць/F3P}
Дадаць новыя формы па v12{sup}1{/sup} B/ V.PN. !c: -э+ць#119: замжэ+ць/1111635a: {замжу+/F1S} Зыходная змена: {замжэю/F1S/POTENTIAL} => {замжу+/F1S}
Дадаць новыя формы па v12{sup}1{/sup} B/ V.PN. !c: -э+ць#119: замжэ+ць/1111635a: {замжы+/I2S} Зыходная змена: {замжэй/I2S/POTENTIAL} => {замжы+/I2S}
Дадаць новыя формы па v12{sup}1{/sup} B/ V.PN. !c: -э+ць#119: замжэ+ць/1111635a: {замжы+м/F1P} Зыходная змена: {замжэем/F1P/POTENTIAL} => {замжы+м/F1P}
Дадаць новыя формы па v12{sup}1{/sup} B/ V.PN. !c: -э+ць#119: замжэ+ць/1111635a: {замжы+це/I2P} Зыходная змена: {замжэйце/I2P/POTENTIAL} => {замжы+це/I2P}
Дадаць новыя формы па v12{sup}1{/sup} B/ V.PN. !c: -э+ць#119: замжэ+ць/1111635a: {замжы+ць/F3S} Зыходная змена: {замжэе/F3S/POTENTIAL} => {замжы+ць/F3S}
Дадаць новыя формы па v12{sup}1{/sup} B/ V.PN. !c: -э+ць#119: замжэ+ць/1111635a: {замжы+ш/F2S} Зыходная змена: {замжэеш/F2S/POTENTIAL} => {замжы+ш/F2S}
Дадаць новыя формы па v12{sup}1{/sup} B/ V.PN. !c: -э+ць#119: замжэ+ць/1111635a: {замжыце+/F2P} Зыходная змена: {замжэеце/F2P/POTENTIAL} => {замжыце+/F2P}
Дадаць новыя формы па v12{sup}1{/sup} B/ V.PN. !c: -э+ць#119: зацурчэ+ць/1207051a: {зацурчы+/I2S} Зыходная змена: {} => {зацурчы+/I2S}
Дадаць новыя формы па v12{sup}1{/sup} B/ V.PN. !c: -э+ць#119: зацурчэ+ць/1207051a: {зацурчы+це/I2P} Зыходная змена: {} => {зацурчы+це/I2P}
Дадаць новыя формы па v12{sup}1{/sup} B/ V.PN. !c: -э+ць#119: паімжэ+ць/1115835a: {паімжы+/I2S} Зыходная змена: {паімжэй/I2S/POTENTIAL} => {паімжы+/I2S}
Дадаць новыя формы па v12{sup}1{/sup} B/ V.PN. !c: -э+ць#119: паімжэ+ць/1115835a: {паімжы+це/I2P} Зыходная змена: {паімжэйце/I2P/POTENTIAL} => {паімжы+це/I2P}
Дадаць новыя формы па v12{sup}1{/sup} B/ V.PN. !c: -э+ць#119: паімжэ+ць/1115835a: {паімжыце+/F2P} Зыходная змена: {паімжаце/F2P/POTENTIAL} => {паімжыце+/F2P}
Дадаць новыя формы па v12{sup}1{/sup} B/ V.PR. !a: -а+цца#123: заімча+цца/1159375a: {заімчы+ся/I2S} Зыходная змена: {} => {заімчы+ся/I2S}
Дадаць новыя формы па v12{sup}1{/sup} B/ V.PR. !a: -а+цца#123: заімча+цца/1159375a: {заімчы+цеся/I2P} Зыходная змена: {} => {заімчы+цеся/I2P}
Дадаць новыя формы па v12{sup}1{/sup} B/ V.PR. !a: -а+цца#123: надрыжа+цца/1159405a: {надрыжы+ся/I2S} Зыходная змена: {} => {надрыжы+ся/I2S}
Дадаць новыя формы па v12{sup}1{/sup} B/ V.PR. !a: -а+цца#123: надрыжа+цца/1159405a: {надрыжы+цеся/I2P} Зыходная змена: {} => {надрыжы+цеся/I2P}
Дадаць новыя формы па v12{sup}1{/sup} B/ V.PR. !a: -а+цца#123: намаўча+цца/1159418a: {намаўчы+ся/I2S} Зыходная змена: {} => {намаўчы+ся/I2S}
Дадаць новыя формы па v12{sup}1{/sup} B/ V.PR. !a: -а+цца#123: намаўча+цца/1159418a: {намаўчы+цеся/I2P} Зыходная змена: {} => {намаўчы+цеся/I2P}
Дадаць новыя формы па v12{sup}1{/sup} B/ V.PR. !a: -а+цца#123: напішча+цца/1159429a: {напішчы+ся/I2S} Зыходная змена: {} => {напішчы+ся/I2S}
Дадаць новыя формы па v12{sup}1{/sup} B/ V.PR. !a: -а+цца#123: напішча+цца/1159429a: {напішчы+цеся/I2P} Зыходная змена: {} => {напішчы+цеся/I2P}
Дадаць новыя формы па v12{sup}1{/sup} B/ V.PR. !b: -ы+цца#124: загарачы+цца/1159325a: {загарачы+ся/I2S} Зыходная змена: {} => {загарачы+ся/I2S}
Дадаць новыя формы па v12{sup}1{/sup} B/ V.PR. !b: -ы+цца#124: загарачы+цца/1159325a: {загарачы+цеся/I2P} Зыходная змена: {} => {загарачы+цеся/I2P}
Дадаць новыя формы па v12{sup}1{/sup} B/ V.PR. !b: -ы+цца#124: заіскры+цца/1159376a: {заіскры+ся/I2S} Зыходная змена: {} => {заіскры+ся/I2S}
Дадаць новыя формы па v12{sup}1{/sup} B/ V.PR. !b: -ы+цца#124: заіскры+цца/1159376a: {заіскры+цеся/I2P} Зыходная змена: {} => {заіскры+цеся/I2P}
Дадаць новыя формы па v12{sup}1{/sup} B/ V.PR. !b: -ы+цца#124: наяршы+цца/1159444a: {наяршы+ся/I2S} Зыходная змена: {} => {наяршы+ся/I2S}
Дадаць новыя формы па v12{sup}1{/sup} B/ V.PR. !b: -ы+цца#124: наяршы+цца/1159444a: {наяршы+цеся/I2P} Зыходная змена: {} => {наяршы+цеся/I2P}
Дадаць новыя формы па v12{sup}1{/sup} B/ V.PR. !b: -ы+цца#124: размахры+цца/1122298a: {размахрыце+ся/F2P} Зыходная змена: {размахраце+ся/F2P} => {размахрыце+ся/F2P}
Рукамі: Выдаліць форму па v12{sup}1{/sup} B/ V.MN. !a: -а+ць#120: гуча+ць/1109715a: гучэ+ла/PFS/dzsl2007 Зыходная змена: {гуча+ла/PFS/dzsl2007 + гучэ+ла/PFS/dzsl2007} => {гуча+ла/PFS}
Рукамі: Выдаліць форму па v12{sup}1{/sup} B/ V.MN. !a: -а+ць#120: гуча+ць/1109715a: гучэ+ла/PNS/dzsl2007 Зыходная змена: {гуча+ла/PNS/dzsl2007 + гучэ+ла/PNS/dzsl2007} => {гуча+ла/PNS}
Рукамі: Выдаліць форму па v12{sup}1{/sup} B/ V.MN. !a: -а+ць#120: гуча+ць/1109715a: гучэ+лі/PXP/dzsl2007 Зыходная змена: {гуча+лі/PXP/dzsl2007 + гучэ+лі/PXP/dzsl2007} => {гуча+лі/PXP}
Рукамі: Выдаліць форму па v12{sup}1{/sup} B/ V.MN. !a: -а+ць#120: гуча+ць/1109715a: гучэ+ў/PMS/dzsl2007 Зыходная змена: {гуча+ў/PMS/dzsl2007 + гучэ+ў/PMS/dzsl2007} => {гуча+ў/PMS}
Рукамі: Выдаліць форму па v12{sup}1{/sup} B/ V.MN. !a: -а+ць#120: гуча+ць/1109715a: гучэ+ць/0/dzsl2007,sbm2012,tsbm1984,tsblm1996,krapivabr2012 Зыходная змена: {гуча+ць/0/dzsl2007,sbm2012,tsblm1996,tsbm1984,krapivabr2012 + гучэ+ць/0/dzsl2007,sbm2012,tsbm1984,tsblm1996,krapivabr2012} => {гуча+ць/0}
Рукамі: Выдаліць форму па v12{sup}1{/sup} B/ V.MN. !a: -а+ць#120: ляжа+ць/1114133a: ляжы+це/R2P/NONSTANDARD Зыходная змена: {ляжы+це/R2P/NONSTANDARD + лежыце+/R2P/A1957,A2008/dzsl2007,sbm2012} => {лежыце+/R2P}
Рукамі: Выдаліць форму па v12{sup}1{/sup} B/ V.MN. !b: -ы+ць#121: гарчы+ць/1206440a: го+рчачы/RG Зыходная змена: {го+рчачы/RG} => {гарчачы+/RG/POTENTIAL + гарчучы+/RG/POTENTIAL}
Рукамі: Выдаліць форму па v12{sup}1{/sup} B/ V.MN. !b: -ы+ць#121: пяршы+ць/1209781a: пе+ршачы/RG Зыходная змена: {пе+ршачы/RG} => {пяршачы+/RG/POTENTIAL + пяршучы+/RG/POTENTIAL}
Рукамі: Выдаліць форму па v12{sup}1{/sup} B/ V.MN. !b: -ы+ць#121: пяршы+ць/1209781a: першы+це/R2P Зыходная змена: {першы+це/R2P} => {пяршыце+/R2P}
Рукамі: Выдаліць форму па v12{sup}1{/sup} B/ V.MN. !c: -э+ць#122: цурчэ+ць/1126414a: цурча+ць/XXXX/dzsl2007,sbm2012 Зыходная змена: {цурчы+ць/XXXX/dzsl2007,sbm2012 + цурча+ць/XXXX/dzsl2007,sbm2012} => {}
Рукамі: Выдаліць форму па v12{sup}1{/sup} B/ V.MN. !c: -э+ць#122: цурчэ+ць/1126414a: цурчы+ць/XXXX/dzsl2007,sbm2012 Зыходная змена: {цурчы+ць/XXXX/dzsl2007,sbm2012 + цурча+ць/XXXX/dzsl2007,sbm2012} => {}
Рукамі: Выдаліць форму па v12{sup}1{/sup} B/ V.MN. !c: -э+ць#122: шамрэ+ць/1210736a: шамрэ+ю/R1S Зыходная змена: {шамрэ+ю/R1S} => {шамру+/R1S}
Рукамі: Выдаліць форму па v12{sup}1{/sup} B/ V.MR. !b: -ы+цца#127: шчалачы+цца/1210775a: шчало+чачыся/RG Зыходная змена: {шчало+чачыся/RG} => {шчалачачы+ся/RG}
Рукамі: Выдаліць форму па v12{sup}1{/sup} B/ V.PN. !a: -а+ць#117: абляжа+ць/1105350a: абляжы+це/F2P/NONSTANDARD Зыходная змена: {абляжы+це/F2P/NONSTANDARD + аблежыце+/F2P/dzsl2007,sbm2012} => {аблежыце+/F2P}
Рукамі: Выдаліць форму па v12{sup}1{/sup} B/ V.PN. !a: -а+ць#117: адляжа+ць/1106335a: адляжы+це/F2P/NONSTANDARD Зыходная змена: {адляжы+це/F2P/NONSTANDARD + адлежыце+/F2P/dzsl2007,sbm2012} => {адлежыце+/F2P}
Рукамі: Выдаліць форму па v12{sup}1{/sup} B/ V.PN. !a: -а+ць#117: пабурча+ць/1115993a: пабурчаць/F3P Зыходная змена: {пабурча+ць/F3P/A1957,A2008/dzsl2007,sbm2012 + пабурчаць/F3P} => {пабурча+ць/F3P}
Рукамі: Выдаліць форму па v12{sup}1{/sup} B/ V.PN. !a: -а+ць#117: пабурча+ць/1115993a: пабурчу/F1S Зыходная змена: {пабурчу+/F1S/A1957,A2008/dzsl2007,sbm2012 + пабурчу/F1S} => {пабурчу+/F1S}
Рукамі: Выдаліць форму па v12{sup}1{/sup} B/ V.PN. !a: -а+ць#117: пабурча+ць/1115993a: пабурчым/F1P Зыходная змена: {пабурчы+м/F1P/A1957,A2008/dzsl2007,sbm2012 + пабурчым/F1P} => {пабурчы+м/F1P}
Рукамі: Выдаліць форму па v12{sup}1{/sup} B/ V.PN. !a: -а+ць#117: пабурча+ць/1115993a: пабурчыце/F2P Зыходная змена: {пабурчыце+/F2P/A1957,A2008/dzsl2007,sbm2012 + пабурчыце/F2P} => {пабурчыце+/F2P}
Рукамі: Выдаліць форму па v12{sup}1{/sup} B/ V.PN. !a: -а+ць#117: пабурча+ць/1115993a: пабурчыць/F3S Зыходная змена: {пабурчы+ць/F3S/A1957,A2008/dzsl2007,sbm2012 + пабурчыць/F3S} => {пабурчы+ць/F3S}
Рукамі: Выдаліць форму па v12{sup}1{/sup} B/ V.PN. !a: -а+ць#117: пабурча+ць/1115993a: пабурчыш/F2S Зыходная змена: {пабурчы+ш/F2S/A1957,A2008/dzsl2007,sbm2012 + пабурчыш/F2S} => {пабурчы+ш/F2S}
Рукамі: Выдаліць форму па v12{sup}1{/sup} B/ V.PN. !a: -а+ць#117: пабурча+ць/1115993a: пабурчэла/PFS Зыходная змена: {пабурча+ла/PFS/A1957,A2008/dzsl2007 + пабурчэла/PFS} => {пабурча+ла/PFS}
Рукамі: Выдаліць форму па v12{sup}1{/sup} B/ V.PN. !a: -а+ць#117: пабурча+ць/1115993a: пабурчэла/PNS Зыходная змена: {пабурча+ла/PNS/A1957,A2008/dzsl2007 + пабурчэла/PNS} => {пабурча+ла/PNS}
Рукамі: Выдаліць форму па v12{sup}1{/sup} B/ V.PN. !a: -а+ць#117: пабурча+ць/1115993a: пабурчэлі/PXP Зыходная змена: {пабурча+лі/PXP/A1957,A2008/dzsl2007 + пабурчэлі/PXP} => {пабурча+лі/PXP}
Рукамі: Выдаліць форму па v12{sup}1{/sup} B/ V.PN. !a: -а+ць#117: пабурча+ць/1115993a: пабурчэў/PMS Зыходная змена: {пабурча+ў/PMS/A1957,A2008/dzsl2007 + пабурчэў/PMS} => {пабурча+ў/PMS}
Рукамі: Выдаліць форму па v12{sup}1{/sup} B/ V.PN. !a: -а+ць#117: пабурча+ць/1115993a: пабурчэўшы/PG Зыходная змена: {пабурча+ўшы/PG/A1957,A2008/dzsl2007 + пабурчэўшы/PG} => {пабурча+ўшы/PG}
Рукамі: Выдаліць форму па v12{sup}1{/sup} B/ V.PN. !a: -а+ць#117: пабурча+ць/1115993a: пабурчэць/0 Зыходная змена: {пабурча+ць/0/A1957,A2008/dzsl2007,sbm2012,tsbm1984,krapivabr2012 + пабурчэць/0} => {пабурча+ць/0}
Рукамі: Выдаліць форму па v12{sup}1{/sup} B/ V.PN. !a: -а+ць#117: паляжа+ць/1117655a: паляжы+це/F2P/NONSTANDARD Зыходная змена: {паляжы+це/F2P/NONSTANDARD + палежыце+/F2P/dzsl2007,sbm2012} => {палежыце+/F2P}
Рукамі: Выдаліць форму па v12{sup}1{/sup} B/ V.PN. !a: -а+ць#117: праляжа+ць/1120573a: праляжы+це/F2P/NONSTANDARD Зыходная змена: {праляжы+це/F2P/NONSTANDARD + пралежыце+/F2P/dzsl2007,sbm2012} => {пралежыце+/F2P}
Рукамі: Выдаліць форму па v12{sup}1{/sup} B/ V.PN. !b: -ы+ць#118: запяршы+ць/1206925a: запершы+це/F2P Зыходная змена: {запершы+це/F2P} => {запяршыце+/F2P}
Рукамі: Выдаліць форму па v12{sup}1{/sup} B/ V.PN. !b: -ы+ць#118: зымшы+ць/1157217a: з'імша+ць/R3P/A1957 Зыходная змена: {з'імша+ць/R3P/A1957} => {}
Рукамі: Выдаліць форму па v12{sup}1{/sup} B/ V.PN. !b: -ы+ць#118: зымшы+ць/1157217a: з'імшу+/R1S/A1957 Зыходная змена: {з'імшу+/R1S/A1957} => {}
Рукамі: Выдаліць форму па v12{sup}1{/sup} B/ V.PN. !b: -ы+ць#118: зымшы+ць/1157217a: з'імшы+ла/PFS/A1957 Зыходная змена: {зымшы+ла/PFS/A1957,A2008/dzsl2007 + з'імшы+ла/PFS/A1957} => {зымшы+ла/PFS}
Рукамі: Выдаліць форму па v12{sup}1{/sup} B/ V.PN. !b: -ы+ць#118: зымшы+ць/1157217a: з'імшы+ла/PNS/A1957 Зыходная змена: {зымшы+ла/PNS/A1957,A2008/dzsl2007 + з'імшы+ла/PNS/A1957} => {зымшы+ла/PNS}
Рукамі: Выдаліць форму па v12{sup}1{/sup} B/ V.PN. !b: -ы+ць#118: зымшы+ць/1157217a: з'імшы+лі/PXP/A1957 Зыходная змена: {зымшы+лі/PXP/A1957,A2008/dzsl2007 + з'імшы+лі/PXP/A1957} => {зымшы+лі/PXP}
Рукамі: Выдаліць форму па v12{sup}1{/sup} B/ V.PN. !b: -ы+ць#118: зымшы+ць/1157217a: з'імшы+м/R1P/A1957 Зыходная змена: {з'імшы+м/R1P/A1957} => {}
Рукамі: Выдаліць форму па v12{sup}1{/sup} B/ V.PN. !b: -ы+ць#118: зымшы+ць/1157217a: з'імшы+ў/PMS/A1957 Зыходная змена: {зымшы+ў/PMS/A1957,A2008/dzsl2007 + з'імшы+ў/PMS/A1957} => {зымшы+ў/PMS}
Рукамі: Выдаліць форму па v12{sup}1{/sup} B/ V.PN. !b: -ы+ць#118: зымшы+ць/1157217a: з'імшы+ўшы/RG/A1957 Зыходная змена: {з'імшы+ўшы/RG/A1957} => {}
Рукамі: Выдаліць форму па v12{sup}1{/sup} B/ V.PN. !b: -ы+ць#118: зымшы+ць/1157217a: з'імшы+це/R2P/A1957 Зыходная змена: {з'імшы+це/R2P/A1957} => {}
Рукамі: Выдаліць форму па v12{sup}1{/sup} B/ V.PN. !b: -ы+ць#118: зымшы+ць/1157217a: з'імшы+ць/0/A1957/tsbm1984 Зыходная змена: {зымшы+ць/0/A1957,A2008/dzsl2007,sbm2012 + з'імшы+ць/0/A1957/tsbm1984} => {зымшы+ць/0}
Рукамі: Выдаліць форму па v12{sup}1{/sup} B/ V.PN. !b: -ы+ць#118: зымшы+ць/1157217a: з'імшы+ць/R3S/A1957 Зыходная змена: {з'імшы+ць/R3S/A1957} => {}
Рукамі: Выдаліць форму па v12{sup}1{/sup} B/ V.PN. !b: -ы+ць#118: зымшы+ць/1157217a: з'імшы+ш/R2S/A1957 Зыходная змена: {з'імшы+ш/R2S/A1957} => {}
Рукамі: Выдаліць форму па v12{sup}1{/sup} B/ V.PN. !b: -ы+ць#118: падаражы+ць/1116366a: падаро+жаць/F3P/NONSTANDARD Зыходная змена: {падаро+жаць/F3P/NONSTANDARD + падаража+ць/F3P/dzsl2007,sbm2012} => {падаража+ць/F3P}
Рукамі: Выдаліць форму па v12{sup}1{/sup} B/ V.PN. !b: -ы+ць#118: падаражы+ць/1116366a: падаро+жым/F1P/NONSTANDARD Зыходная змена: {падаро+жым/F1P/NONSTANDARD + падаражы+м/F1P/dzsl2007,sbm2012} => {падаражы+м/F1P}
Рукамі: Выдаліць форму па v12{sup}1{/sup} B/ V.PN. !b: -ы+ць#118: падаражы+ць/1116366a: падаро+жыце/F2P/NONSTANDARD Зыходная змена: {падаро+жыце/F2P/NONSTANDARD + падаражыце+/F2P/dzsl2007,sbm2012} => {падаражыце+/F2P}
Рукамі: Выдаліць форму па v12{sup}1{/sup} B/ V.PN. !b: -ы+ць#118: падаражы+ць/1116366a: падаро+жыць/F3S/NONSTANDARD Зыходная змена: {падаро+жыць/F3S/NONSTANDARD + падаражы+ць/F3S/dzsl2007,sbm2012} => {падаражы+ць/F3S}
Рукамі: Выдаліць форму па v12{sup}1{/sup} B/ V.PN. !b: -ы+ць#118: падаражы+ць/1116366a: падаро+жыш/F2S/NONSTANDARD Зыходная змена: {падаро+жыш/F2S/NONSTANDARD + падаражы+ш/F2S/dzsl2007,sbm2012} => {падаражы+ш/F2S}
Рукамі: Выдаліць форму па v12{sup}1{/sup} B/ V.PN. !b: -ы+ць#118: счацвяры+ць/1124496a: счацвяры+це/F2P/NONSTANDARD Зыходная змена: {счацвяры+це/F2P/NONSTANDARD + счацверыце+/F2P/dzsl2007,sbm2012} => {счацверыце+/F2P}
Рукамі: Выдаліць форму па v12{sup}1{/sup} B/ V.PN. !b: -ы+ць#118: удачары+ць/1125069a: удачаро+ная/XXXX/dzsl2007 Зыходная змена: {удачаро+ная/XXXX/dzsl2007} => {}
Рукамі: Выдаліць форму па v12{sup}1{/sup} B/ V.PN. !c: -э+ць#119: замжэ+ць/1111635a: замжы+ць/XXXX/dzsl2007,sbm2012 Зыходная змена: {замжы+ць/XXXX/dzsl2007,sbm2012} => {}
Рукамі: Выдаліць форму па v12{sup}1{/sup} B/ V.PR. !a: -а+цца#123: адляжа+цца/1106334a: адляжы+цеся/F2P/NONSTANDARD Зыходная змена: {адляжы+цеся/F2P/NONSTANDARD + адлежыце+ся/F2P/dzsl2007,sbm2012} => {адлежыце+ся/F2P}
Рукамі: Выдаліць форму па v12{sup}1{/sup} B/ V.PR. !b: -ы+цца#124: размахры+цца/1122298a: размахраце+ся/F2P Зыходная змена: {размахраце+ся/F2P} => {размахрыце+ся/F2P}
Рукамі: пераход быў е->я для запяршы+ць ў {[запярша+ць, запяршу+, запяршы+, запяршы+ла, запяршы+лі, запяршы+м, запяршы+це, запяршы+ць, запяршы+ш, запяршы+ў, запяршы+ўшы]} і небыло ў {[запершы+це]}
Рукамі: пераход быў е->я для пяршы+ць ў {[пярша+ць, пяршу+, пяршы+, пяршы+ла, пяршы+лі, пяршы+м, пяршы+це, пяршы+ць, пяршы+ш, пяршы+ў]} і небыло ў {[першы+це]}
Рукамі: пераход няправільны я->е ў запяршы+ць->запершы+це
Рукамі: пераход няправільны я->е ў пяршы+ць->першы+це
=================================================
Статыстыка па адсутнасці правілаў:
=================================================
Статыстыка па колькасці неразгорнутых:
