Рукамі: Выдаліць форму па v11{sup}1{/sup} V.MN. !c: -іць#83: хі+біць/1126248a: хі+бце/XXXX/dzsl2007 Зыходная змена: {хіб/XXXX/dzsl2007 + хі+бце/XXXX/dzsl2007} => {}
Рукамі: Выдаліць форму па v11{sup}1{/sup} V.MN. !c: -іць#83: хі+біць/1126248a: хіб/XXXX/dzsl2007 Зыходная змена: {хіб/XXXX/dzsl2007 + хі+бце/XXXX/dzsl2007} => {}
Рукамі: Выдаліць форму па v11{sup}1{/sup} V.MR. !g: -іцца#105: дзяці+ніцца/1110394a: дзяці+нецеся/R2P/dzsl2007 Зыходная змена: {дзяці+ніцеся/R2P/NONSTANDARD + дзяці+нецеся/R2P/dzsl2007} => {дзяці+ніцеся/R2P}
Рукамі: Выдаліць форму па v11{sup}1{/sup} V.MR. !g: -іцца#105: дурма+ніцца/1206654a: дума+няцца/R3P/A2008/sbm2012 Зыходная змена: {дума+няцца/R3P/A2008/sbm2012 + дурма+няцца/R3P} => {дурма+няцца/R3P}
Рукамі: Выдаліць форму па v11{sup}1{/sup} V.PN. !a: -іць#71: прагарла+ніць/1157893a: пагарла+ніш/F2S/dzsl2007,sbm2012 Зыходная змена: {пагарла+ніш/F2S/dzsl2007,sbm2012 + прагарла+ніш/F2S} => {прагарла+ніш/F2S}
Рукамі: Выдаліць форму па v11{sup}1{/sup} V.PN. !b: -віць#72: супрацьпаста+віць/1124329a: супарцьпаста+віць/XXXX/dzsl2007,sbm2012 Зыходная змена: {супарцьпаста+віць/XXXX/dzsl2007,sbm2012} => {}
Рукамі: Выдаліць форму па v11{sup}1{/sup} V.PN. !c: -іць#73: вы+праміць/1108885a: вы+прам/XXXX/dzsl2007 Зыходная змена: {вы+прам/XXXX/dzsl2007 + вы+прамце/XXXX/dzsl2007} => {}
Рукамі: Выдаліць форму па v11{sup}1{/sup} V.PN. !c: -іць#73: вы+праміць/1108885a: вы+прамце/XXXX/dzsl2007 Зыходная змена: {вы+прам/XXXX/dzsl2007 + вы+прамце/XXXX/dzsl2007} => {}
Рукамі: Выдаліць форму па v11{sup}1{/sup} V.PN. !c: -іць#73: засаро+міць/1112078a: засаро+мею/F1S/NONSTANDARD Зыходная змена: {засаро+мею/F1S/NONSTANDARD + засаро+млю/F1S/dzsl2007,sbm2012} => {засаро+млю/F1S}
Рукамі: Выдаліць форму па v11{sup}1{/sup} V.PN. !c: -іць#73: знерухо+міць/1113390a: знерухо+мела/PFS Зыходная змена: {знерухо+мела/PFS + знерухо+міла/PFS} => {знерухо+міла/PFS}
Рукамі: Выдаліць форму па v11{sup}1{/sup} V.PN. !c: -іць#73: знерухо+міць/1113390a: знерухо+мела/PNS Зыходная змена: {знерухо+мела/PNS + знерухо+міла/PNS} => {знерухо+міла/PNS}
Рукамі: Выдаліць форму па v11{sup}1{/sup} V.PN. !c: -іць#73: знерухо+міць/1113390a: знерухо+мелі/PXP Зыходная змена: {знерухо+мелі/PXP + знерухо+мілі/PXP} => {знерухо+мілі/PXP}
Рукамі: Выдаліць форму па v11{sup}1{/sup} V.PN. !c: -іць#73: знерухо+міць/1113390a: знерухо+меў/PMS Зыходная змена: {знерухо+меў/PMS + знерухо+міў/PMS} => {знерухо+міў/PMS}
Рукамі: Выдаліць форму па v11{sup}1{/sup} V.PN. !c: -іць#73: знерухо+міць/1113390a: знерухо+меўшы/PG Зыходная змена: {знерухо+меўшы/PG + знерухо+міўшы/PG} => {знерухо+міўшы/PG}
Рукамі: Выдаліць форму па v11{sup}1{/sup} V.PN. !c: -іць#73: знерухо+міць/1113390a: знерухо+мею/F1S Зыходная змена: {знерухо+мею/F1S + знерухо+млю/F1S} => {знерухо+млю/F1S}
Рукамі: Выдаліць форму па v11{sup}1{/sup} V.PN. !c: -іць#73: падсо+біць/1157518a: падсабі+/I2S/dzsl2007 Зыходная змена: {падсабі+/I2S/dzsl2007 + падсо+б/I2S/dzsl2007 + падсо+бі/I2S/POTENTIAL} => {падсо+б/I2S/POTENTIAL + падсо+бі/I2S/POTENTIAL}
Рукамі: Выдаліць форму па v11{sup}1{/sup} V.PN. !c: -іць#73: падсо+біць/1157518a: падсабі+це/I2P/dzsl2007 Зыходная змена: {падсабі+це/I2P/dzsl2007 + падсо+бце/I2P/dzsl2007 + падсо+біце/I2P/POTENTIAL} => {падсо+бце/I2P/POTENTIAL + падсо+біце/I2P/POTENTIAL}
Рукамі: Выдаліць форму па v11{sup}1{/sup} V.PN. !d: -іць#74: вы+даіць/1108333a: вы+даі/I2S/dzsl2007 Зыходная змена: {вы+даі/I2S/dzsl2007 + вы+дай/I2S/POTENTIAL} => {вы+дай/I2S/POTENTIAL}
Рукамі: Выдаліць форму па v11{sup}1{/sup} V.PN. !d: -іць#74: вы+даіць/1108333a: вы+даіце/I2P/dzsl2007 Зыходная змена: {вы+даіце/I2P/dzsl2007 + вы+дайце/I2P/POTENTIAL} => {вы+дайце/I2P/POTENTIAL}
Рукамі: Выдаліць форму па v11{sup}1{/sup} V.PN. !d: -іць#74: вы+драіць/1156826a: вы+драі/I2S/dzsl2007 Зыходная змена: {вы+драі/I2S/dzsl2007 + вы+драй/I2S/POTENTIAL} => {вы+драй/I2S/POTENTIAL}
Рукамі: Выдаліць форму па v11{sup}1{/sup} V.PN. !d: -іць#74: вы+драіць/1156826a: вы+драіце/I2P/dzsl2007 Зыходная змена: {вы+драіце/I2P/dzsl2007 + вы+драйце/I2P/POTENTIAL} => {вы+драйце/I2P/POTENTIAL}
Рукамі: Выдаліць форму па v11{sup}1{/sup} V.PN. !d: -іць#74: вы+краіць/1156841a: вы+краі/I2S/dzsl2007 Зыходная змена: {вы+краі/I2S/dzsl2007 + вы+край/I2S/POTENTIAL} => {вы+край/I2S/POTENTIAL}
Рукамі: Выдаліць форму па v11{sup}1{/sup} V.PN. !d: -іць#74: вы+краіць/1156841a: вы+краіце/I2P/dzsl2007 Зыходная змена: {вы+краіце/I2P/dzsl2007 + вы+крайце/I2P/POTENTIAL} => {вы+крайце/I2P/POTENTIAL}
Рукамі: Выдаліць форму па v11{sup}1{/sup} V.PN. !d: -іць#74: вы+паіць/1156859a: вы+паі/I2S/dzsl2007 Зыходная змена: {вы+паі/I2S/dzsl2007 + вы+пай/I2S/POTENTIAL} => {вы+пай/I2S/POTENTIAL}
Рукамі: Выдаліць форму па v11{sup}1{/sup} V.PN. !d: -іць#74: вы+паіць/1156859a: вы+паіце/I2P/dzsl2007 Зыходная змена: {вы+паіце/I2P/dzsl2007 + вы+пайце/I2P/POTENTIAL} => {вы+пайце/I2P/POTENTIAL}
Рукамі: Выдаліць форму па v11{sup}1{/sup} V.PN. !d: -іць#74: прызвыча+іць/1121262a: прызвыча+юць/F3P/dzsl2007 Зыходная змена: {прызвыча+юць/F3P/dzsl2007 + прызвыча+яць/F3P} => {прызвыча+яць/F3P}
Рукамі: Выдаліць форму па v11{sup}1{/sup} V.PN. !f: -аць#77: вы+ламаць/1108616a: вы+ламім/F1P/dzsl2007,sbm2012 Зыходная змена: {вы+ламім/F1P/dzsl2007,sbm2012 + вы+ламаем/F1P/NONSTANDARD} => {вы+ламаем/F1P}
Рукамі: Выдаліць форму па v11{sup}1{/sup} V.PN. !f: -аць#77: вы+ламаць/1108616a: вы+ламіце/F2P/dzsl2007,sbm2012 Зыходная змена: {вы+ламіце/F2P/dzsl2007,sbm2012 + вы+ламаеце/F2P/NONSTANDARD} => {вы+ламаеце/F2P}
Рукамі: Выдаліць форму па v11{sup}1{/sup} V.PN. !f: -аць#77: вы+ламаць/1108616a: вы+ламіць/F3S/dzsl2007,sbm2012 Зыходная змена: {вы+ламіць/F3S/dzsl2007,sbm2012 + вы+ламае/F3S/NONSTANDARD} => {вы+ламае/F3S}
Рукамі: Выдаліць форму па v11{sup}1{/sup} V.PN. !f: -аць#77: вы+ламаць/1108616a: вы+ламіш/F2S/dzsl2007,sbm2012 Зыходная змена: {вы+ламіш/F2S/dzsl2007,sbm2012 + вы+ламаеш/F2S/NONSTANDARD} => {вы+ламаеш/F2S}
Рукамі: Выдаліць форму па v11{sup}1{/sup} V.PN. !f: -аць#77: вы+ламаць/1108616a: вы+ламлю/F1S/dzsl2007,sbm2012 Зыходная змена: {вы+ламлю/F1S/dzsl2007,sbm2012 + вы+ламаю/F1S/NONSTANDARD} => {вы+ламаю/F1S}
Рукамі: Выдаліць форму па v11{sup}1{/sup} V.PN. !f: -аць#77: вы+ламаць/1108616a: вы+ламяць/F3P/dzsl2007,sbm2012 Зыходная змена: {вы+ламяць/F3P/dzsl2007,sbm2012 + вы+ламаюць/F3P/NONSTANDARD} => {вы+ламаюць/F3P}
Рукамі: Выдаліць форму па v11{sup}1{/sup} V.PN. !h: -яць#79: вы+стаяць/1109110a: вы+стай/XXXX/dzsl2007 Зыходная змена: {вы+стай/XXXX/dzsl2007 + вы+стайце/XXXX/dzsl2007} => {}
Рукамі: Выдаліць форму па v11{sup}1{/sup} V.PN. !h: -яць#79: вы+стаяць/1109110a: вы+стайце/XXXX/dzsl2007 Зыходная змена: {вы+стай/XXXX/dzsl2007 + вы+стайце/XXXX/dzsl2007} => {}
Рукамі: Выдаліць форму па v11{sup}1{/sup} V.PR. !a: -іцца#87: вы+лепіцца/1108622a: вы+лепяцца/XXXX/A1957,A2008/dzsl2007,sbm2012 Зыходная змена: {вы+лепяцца/XXXX/A1957,A2008/dzsl2007,sbm2012} => {}
Рукамі: Выдаліць форму па v11{sup}1{/sup} V.PR. !a: -іцца#87: вы+лепіцца/1108622a: выляпіцца/F3S/POTENTIAL/A2008/sbm2012 Зыходная змена: {выляпіцца/F3S/POTENTIAL/A2008/sbm2012 + вы+лепіцца/F3S} => {вы+лепіцца/F3S}
Рукамі: Выдаліць форму па v11{sup}1{/sup} V.PR. !a: -іцца#87: вы+лепіцца/1108622a: выляпяцца/F3P/POTENTIAL/A2008/sbm2012 Зыходная змена: {выляпяцца/F3P/POTENTIAL/A2008/sbm2012 + вы+лепяцца/F3P} => {вы+лепяцца/F3P}
Рукамі: Выдаліць форму па v11{sup}1{/sup} V.PR. !a: -іцца#87: угро+біцца/1125035a: угро+бяца/XXXX/A1957,A2008/dzsl2007 Зыходная змена: {угро+бяца/XXXX/A1957,A2008/dzsl2007} => {}
Рукамі: Выдаліць форму па v11{sup}1{/sup} V.PR. !d: -іцца#90: абнасе+ніцца/1205485a: абнася+ніліся/PXP/A2008 Зыходная змена: {абнася+ніліся/PXP/A2008 + абнасе+ніліся/PXP} => {абнасе+ніліся/PXP}
Рукамі: Выдаліць форму па v11{sup}1{/sup} V.PR. !d: -іцца#90: абпраме+ніцца/1205494a: абпрамяні+лася/PFS/A2008 Зыходная змена: {абпрамяні+лася/PFS/A2008 + абпраме+нілася/PFS} => {абпраме+нілася/PFS}
Рукамі: Выдаліць форму па v11{sup}1{/sup} V.PR. !d: -іцца#90: абпраме+ніцца/1205494a: абпрамяні+лася/PNS/A2008 Зыходная змена: {абпрамяні+лася/PNS/A2008 + абпраме+нілася/PNS} => {абпраме+нілася/PNS}
Рукамі: Выдаліць форму па v11{sup}1{/sup} V.PR. !d: -іцца#90: абпраме+ніцца/1205494a: абпрамяні+ліся/PXP/A2008 Зыходная змена: {абпрамяні+ліся/PXP/A2008 + абпраме+ніліся/PXP} => {абпраме+ніліся/PXP}
Рукамі: Выдаліць форму па v11{sup}1{/sup} V.PR. !d: -іцца#90: абпраме+ніцца/1205494a: абпрамяні+ўся/PMS/A2008 Зыходная змена: {абпрамяні+ўся/PMS/A2008 + абпраме+ніўся/PMS} => {абпраме+ніўся/PMS}
Рукамі: Выдаліць форму па v11{sup}1{/sup} V.PR. !d: -іцца#90: абпраме+ніцца/1205494a: абпрамяні+ўшыся/PG Зыходная змена: {абпрамяні+ўшыся/PG + абпраме+ніўшыся/PG} => {абпраме+ніўшыся/PG}
Рукамі: Выдаліць форму па v11{sup}1{/sup} V.PR. !d: -іцца#90: абпраме+ніцца/1205494a: абпрамяню+ся/F1S Зыходная змена: {абпрамяню+ся/F1S + абпраме+нюся/F1S} => {абпраме+нюся/F1S}
Рукамі: Выдаліць форму па v11{sup}1{/sup} V.PR. !d: -іцца#90: адурма+ніцца/1159239a: адума+няцца/F3P/dzsl2007,sbm2012 Зыходная змена: {адума+няцца/F3P/dzsl2007,sbm2012 + адурма+няцца/F3P} => {адурма+няцца/F3P}
Рукамі: Выдаліць форму па v11{sup}1{/sup} V.PR. !d: -іцца#90: вы+скаліцца/1151606a: вы+скаліце/I2P/dzsl2007 Зыходная змена: {вы+скаліце/I2P/dzsl2007 + вы+скальцеся/I2P/POTENTIAL + вы+скаліцеся/I2P/POTENTIAL} => {вы+скальцеся/I2P/POTENTIAL + вы+скаліцеся/I2P/POTENTIAL}
Рукамі: Выдаліць форму па v11{sup}1{/sup} V.PR. !d: -іцца#90: вы+смаліцца/1109080a: вы+маліліся/XXXX/dzsl2007 Зыходная змена: {вы+маліліся/XXXX/dzsl2007} => {}
Рукамі: Выдаліць форму па v11{sup}1{/sup} V.PR. !d: -іцца#90: пага+ліцца/1116261a: паго+лімся/F1P/NONSTANDARD Зыходная змена: {паго+лімся/F1P/NONSTANDARD + пага+лімся/F1P/dzsl2007} => {пага+лімся/F1P}
Рукамі: Выдаліць форму па v11{sup}1{/sup} V.PR. !d: -іцца#90: пага+ліцца/1116261a: паго+ліцеся/F2P/NONSTANDARD Зыходная змена: {паго+ліцеся/F2P/NONSTANDARD + пага+ліцеся/F2P/dzsl2007} => {пага+ліцеся/F2P}
Рукамі: Выдаліць форму па v11{sup}1{/sup} V.PR. !d: -іцца#90: пага+ліцца/1116261a: паго+ліцца/F3S/NONSTANDARD Зыходная змена: {паго+ліцца/F3S/NONSTANDARD + пага+ліцца/F3S/dzsl2007} => {пага+ліцца/F3S}
Рукамі: Выдаліць форму па v11{sup}1{/sup} V.PR. !d: -іцца#90: пага+ліцца/1116261a: паго+лішся/F2S/NONSTANDARD Зыходная змена: {паго+лішся/F2S/NONSTANDARD + пага+лішся/F2S/dzsl2007} => {пага+лішся/F2S}
Рукамі: Выдаліць форму па v11{sup}1{/sup} V.PR. !d: -іцца#90: пага+ліцца/1116261a: паго+ляцца/F3P/NONSTANDARD Зыходная змена: {паго+ляцца/F3P/NONSTANDARD + пага+ляцца/F3P/dzsl2007} => {пага+ляцца/F3P}
Рукамі: Выдаліць форму па v11{sup}1{/sup} V.PR. !d: -іцца#90: спрыві+ліцца/1159665a: справі+лімся/F1P/dzsl2007 Зыходная змена: {справі+лімся/F1P/dzsl2007 + спрыві+лімся/F1P} => {спрыві+лімся/F1P}
Рукамі: Выдаліць форму па v11{sup}1{/sup} V.PR. !d: -іцца#90: сучле+ніцца/1210407a: сучляню+ся/F1S Зыходная змена: {сучляню+ся/F1S + сучле+нюся/F1S} => {сучле+нюся/F1S}
Рукамі: Выдаліць форму па v11{sup}1{/sup} V.PR. !h: -іцца#94: прызвыча+іцца/1121261a: прызвыча+юцца/F3P/dzsl2007 Зыходная змена: {прызвыча+юцца/F3P/dzsl2007 + прызвыча+яцца/F3P/POTENTIAL} => {прызвыча+яцца/F3P}
Рукамі: Выдаліць форму па v11{sup}1{/sup} V.PR. !j: -ацца#96: вы+ламацца/1108615a: выламаемся/F1P/NONSTANDARD Зыходная змена: {выламаемся/F1P/NONSTANDARD + вы+ламімся/F1P} => {вы+ламімся/F1P}
Рукамі: Выдаліць форму па v11{sup}1{/sup} V.PR. !j: -ацца#96: вы+ламацца/1108615a: выламаецеся/F2P/NONSTANDARD Зыходная змена: {выламаецеся/F2P/NONSTANDARD + вы+ламіцеся/F2P} => {вы+ламіцеся/F2P}
Рукамі: Выдаліць форму па v11{sup}1{/sup} V.PR. !j: -ацца#96: вы+ламацца/1108615a: выламаецца/F3S/NONSTANDARD Зыходная змена: {вы+ламіцца/F3S/dzsl2007,sbm2012 + выламаецца/F3S/NONSTANDARD} => {вы+ламіцца/F3S}
Рукамі: Выдаліць форму па v11{sup}1{/sup} V.PR. !j: -ацца#96: вы+ламацца/1108615a: выламаешся/F2S/NONSTANDARD Зыходная змена: {выламаешся/F2S/NONSTANDARD + вы+ламішся/F2S} => {вы+ламішся/F2S}
Рукамі: Выдаліць форму па v11{sup}1{/sup} V.PR. !j: -ацца#96: вы+ламацца/1108615a: выламаюся/F1S/NONSTANDARD Зыходная змена: {выламаюся/F1S/NONSTANDARD + вы+ламлюся/F1S} => {вы+ламлюся/F1S}
Рукамі: Выдаліць форму па v11{sup}1{/sup} V.PR. !j: -ацца#96: вы+ламацца/1108615a: выламаюцца/F3P/NONSTANDARD Зыходная змена: {вы+ламяцца/F3P/dzsl2007,sbm2012 + выламаюцца/F3P/NONSTANDARD} => {вы+ламяцца/F3P}
Рукамі: Выдаліць форму па v11{sup}1{/sup} V.PR. !l: -яцца#98: адча+яцца/1159240a: адча+емся/F1P/dzsl2007 Зыходная змена: {адча+емся/F1P/dzsl2007 + адча+імся/F1P} => {адча+імся/F1P}
Рукамі: Выдаліць форму па v11{sup}1{/sup} V.PR. !l: -яцца#98: адча+яцца/1159240a: адча+ецеся/F2P/dzsl2007 Зыходная змена: {адча+ецеся/F2P/dzsl2007 + адча+іцеся/F2P} => {адча+іцеся/F2P}
Рукамі: Выдаліць форму па v11{sup}1{/sup} V.PR. !l: -яцца#98: адча+яцца/1159240a: адча+ецца/F3S/dzsl2007 Зыходная змена: {адча+ецца/F3S/dzsl2007 + адча+іцца/F3S} => {адча+іцца/F3S}
Рукамі: Выдаліць форму па v11{sup}1{/sup} V.PR. !l: -яцца#98: адча+яцца/1159240a: адча+ешся/F2S/dzsl2007 Зыходная змена: {адча+ешся/F2S/dzsl2007 + адча+ішся/F2S} => {адча+ішся/F2S}
=================================================
Статыстыка па адсутнасці правілаў:
=================================================
Статыстыка па колькасці неразгорнутых:
