Выдаліць форму па v1{sup}1{/sup} V.MN.: -ць#2: адвіса+ць/1163256a: адвісаўшы/PG/POTENTIAL Зыходная змена: {адвісаўшы/PG/POTENTIAL} => {}
Выдаліць форму па v1{sup}1{/sup} V.MN.: -ць#2: зажыва+ць/1163261a: зажываўшы/PG/POTENTIAL Зыходная змена: {зажываўшы/PG/POTENTIAL} => {}
Выдаліць форму па v1{sup}1{/sup} V.MN.: -ць#2: зацвердзява+ць/1160160a: зацвердзяе+м/R1P/POTENTIAL Зыходная змена: {зацвердзява+ем/R1P/POTENTIAL + зацвердзяе+м/R1P/POTENTIAL} => {зацвердзява+ем/R1P}
Выдаліць форму па v1{sup}1{/sup} V.MN.: -ць#2: ка+нькаць/1113707a: ка+ньчы/I2S/POTENTIAL Зыходная змена: {ка+ньчы/I2S/POTENTIAL + ка+нькай/I2S/POTENTIAL} => {ка+нькай/I2S/POTENTIAL}
Выдаліць форму па v1{sup}1{/sup} V.MN.: -ць#2: ка+нькаць/1113707a: ка+ньчыце/I2P/POTENTIAL Зыходная змена: {ка+ньчыце/I2P/POTENTIAL + ка+нькайце/I2P/POTENTIAL} => {ка+нькайце/I2P/POTENTIAL}
Выдаліць форму па v1{sup}1{/sup} V.MN.: -ць#2: надзява+ць/1114756a: надзяе+м/R1P/POTENTIAL Зыходная змена: {надзява+ем/R1P/dzsl2007 + надзяе+м/R1P/POTENTIAL} => {надзява+ем/R1P}
Выдаліць форму па v1{sup}1{/sup} V.MN.: -ць#2: шкумата+ць/1126622a: шкумачы+/I2S/POTENTIAL Зыходная змена: {шкумачы+/I2S/POTENTIAL + шкумата+й/I2S/POTENTIAL} => {шкумата+й/I2S/POTENTIAL}
Выдаліць форму па v1{sup}1{/sup} V.MN.: -ць#2: шкумата+ць/1126622a: шкумачы+це/I2P/POTENTIAL Зыходная змена: {шкумачы+це/I2P/POTENTIAL + шкумата+йце/I2P/POTENTIAL} => {шкумата+йце/I2P/POTENTIAL}
Выдаліць форму па v1{sup}1{/sup} V.MR.: -цца#4: абпраме+ньвацца/1163276a: абпраме+ньваўшыся/PG/POTENTIAL Зыходная змена: {абпраме+ньваўшыся/PG/POTENTIAL} => {}
Выдаліць форму па v1{sup}1{/sup} V.MR.: -цца#4: абязво+джвацца/1163277a: абязво+джваўшыся/PG/POTENTIAL Зыходная змена: {абязво+джваўшыся/PG/POTENTIAL} => {}
Выдаліць форму па v1{sup}1{/sup} V.MR.: -цца#4: вылу+шчвацца/1163281a: вылушчваўшыся/PG/POTENTIAL Зыходная змена: {вылушчваўшыся/PG/POTENTIAL} => {}
Выдаліць форму па v1{sup}1{/sup} V.MR.: -цца#4: выпрамля+цца/1163282a: выпрамляўшыся/PG/POTENTIAL Зыходная змена: {выпрамляўшыся/PG/POTENTIAL} => {}
Выдаліць форму па v1{sup}1{/sup} V.MR.: -цца#4: выпу+чвацца/1163283a: выпучваўшыся/PG/POTENTIAL Зыходная змена: {выпучваўшыся/PG/POTENTIAL} => {}
Выдаліць форму па v1{sup}1{/sup} V.MR.: -цца#4: выскраба+цца/1163284a: выскрабаўшыся/PG/POTENTIAL Зыходная змена: {выскрабаўшыся/PG/POTENTIAL} => {}
Выдаліць форму па v1{sup}1{/sup} V.MR.: -цца#4: выясня+цца/1163285a: выясняўшыся/PG/POTENTIAL Зыходная змена: {выясняўшыся/PG/POTENTIAL} => {}
Выдаліць форму па v1{sup}1{/sup} V.MR.: -цца#4: дабаўля+цца/1163288a: дабаўляўшыся/PG/POTENTIAL Зыходная змена: {дабаўляўшыся/PG/POTENTIAL} => {}
Выдаліць форму па v1{sup}1{/sup} V.MR.: -цца#4: з'ядно+ўвацца/1163290a: з'ядно+ўваўшыся/PG/POTENTIAL Зыходная змена: {з'ядно+ўваўшыся/PG/POTENTIAL} => {}
Выдаліць форму па v1{sup}1{/sup} V.MR.: -цца#4: зазямля+цца/1163291a: зазямляўшыся/PG/POTENTIAL Зыходная змена: {зазямляўшыся/PG/POTENTIAL} => {}
Выдаліць форму па v1{sup}1{/sup} V.MR.: -цца#4: закупо+рвацца/1163292a: закупо+рваўшыся/PG/POTENTIAL Зыходная змена: {закупо+рваўшыся/PG/POTENTIAL} => {}
Выдаліць форму па v1{sup}1{/sup} V.MR.: -цца#4: затушо+ўвацца/1163293a: затушо+ўваўшыся/PG/POTENTIAL Зыходная змена: {затушо+ўваўшыся/PG/POTENTIAL} => {}
Выдаліць форму па v1{sup}1{/sup} V.MR.: -цца#4: нако+плівацца/1163295a: нако+пліваўшыся/PG/POTENTIAL Зыходная змена: {нако+пліваўшыся/PG/POTENTIAL} => {}
Выдаліць форму па v1{sup}1{/sup} V.MR.: -цца#4: нама+цвацца/1163296a: намацваўшыся/PG/POTENTIAL Зыходная змена: {намацваўшыся/PG/POTENTIAL} => {}
Выдаліць форму па v1{sup}1{/sup} V.MR.: -цца#4: намяча+цца/1163297a: намячаўшыся/PG/POTENTIAL Зыходная змена: {намячаўшыся/PG/POTENTIAL} => {}
Выдаліць форму па v1{sup}1{/sup} V.MR.: -цца#4: насло+йвацца/1163298a: насло+йваўшыся/PG/POTENTIAL Зыходная змена: {насло+йваўшыся/PG/POTENTIAL} => {}
Выдаліць форму па v1{sup}1{/sup} V.MR.: -цца#4: падго+ртвацца/1163302a: падго+ртваўшыся/PG/POTENTIAL Зыходная змена: {падго+ртваўшыся/PG/POTENTIAL} => {}
Выдаліць форму па v1{sup}1{/sup} V.MR.: -цца#4: падшыва+цца/1163303a: падшываўшыся/PG/POTENTIAL Зыходная змена: {падшываўшыся/PG/POTENTIAL} => {}
Выдаліць форму па v1{sup}1{/sup} V.MR.: -цца#4: расшчэ+плівацца/1163311a: расшчэпліваўшыся/PG/POTENTIAL Зыходная змена: {расшчэпліваўшыся/PG/POTENTIAL} => {}
Выдаліць форму па v1{sup}1{/sup} V.MR.: -цца#4: спа+йвацца/1163318a: спайваўшыся/PG/POTENTIAL Зыходная змена: {спайваўшыся/PG/POTENTIAL} => {}
Выдаліць форму па v1{sup}1{/sup} V.MR.: -цца#4: станча+цца/1163319a: станчаўшыся/PG/POTENTIAL Зыходная змена: {станчаўшыся/PG/POTENTIAL} => {}
Выдаліць форму па v1{sup}1{/sup} V.MR.: -цца#4: ускрыва+цца/1163321a: ускрываўшыся/PG/POTENTIAL Зыходная змена: {ускрываўшыся/PG/POTENTIAL} => {}
Выдаліць форму па v1{sup}1{/sup} V.PN.: -ць#1: абры+дзець/1105544a: абры+д/PMS/POTENTIAL Зыходная змена: {абры+дзеў/PMS/dzsl2007 + абры+д/PMS/POTENTIAL} => {абры+дзеў/PMS}
Выдаліць форму па v1{sup}1{/sup} V.PN.: -ць#1: абры+дзець/1105544a: абры+дзь/I2S/POTENTIAL Зыходная змена: {абры+дзь/I2S/POTENTIAL + абры+дзей/I2S/POTENTIAL} => {абры+дзей/I2S/POTENTIAL}
Выдаліць форму па v1{sup}1{/sup} V.PN.: -ць#1: абры+дзець/1105544a: абры+дзьце/I2P/POTENTIAL Зыходная змена: {абры+дзьце/I2P/POTENTIAL + абры+дзейце/I2P/POTENTIAL} => {абры+дзейце/I2P/POTENTIAL}
Выдаліць форму па v1{sup}1{/sup} V.PN.: -ць#1: абры+дзець/1105544a: абры+дла/PFS/POTENTIAL Зыходная змена: {абры+дзела/PFS/dzsl2007 + абры+дла/PFS/POTENTIAL} => {абры+дзела/PFS}
Выдаліць форму па v1{sup}1{/sup} V.PN.: -ць#1: абры+дзець/1105544a: абры+дла/PNS/POTENTIAL Зыходная змена: {абры+дзела/PNS/dzsl2007 + абры+дла/PNS/POTENTIAL} => {абры+дзела/PNS}
Выдаліць форму па v1{sup}1{/sup} V.PN.: -ць#1: абры+дзець/1105544a: абры+длі/PXP/POTENTIAL Зыходная змена: {абры+дзелі/PXP/dzsl2007 + абры+длі/PXP/POTENTIAL} => {абры+дзелі/PXP}
Выдаліць форму па v1{sup}1{/sup} V.PN.: -ць#1: наддзяўба+ць/1114736a: наддзяўбі+/I2S/POTENTIAL Зыходная змена: {наддзяўбі+/I2S/POTENTIAL + наддзяўба+й/I2S/POTENTIAL/A1957,A2008} => {наддзяўба+й/I2S/POTENTIAL}
Выдаліць форму па v1{sup}1{/sup} V.PN.: -ць#1: наддзяўба+ць/1114736a: наддзяўбі+це/I2P/POTENTIAL Зыходная змена: {наддзяўбі+це/I2P/POTENTIAL + наддзяўба+йце/I2P/POTENTIAL/A1957,A2008} => {наддзяўба+йце/I2P/POTENTIAL}
Выдаліць форму па v1{sup}1{/sup} V.PN.: -ць#1: пакуро+дымець/1117549a: пакуро+дымі/I2S/POTENTIAL Зыходная змена: {пакуро+дымі/I2S/POTENTIAL} => {пакуро+дымей/I2S/POTENTIAL}
Выдаліць форму па v1{sup}1{/sup} V.PN.: -ць#1: пакуро+дымець/1117549a: пакуро+дымім/F1P/POTENTIAL Зыходная змена: {пакуро+дымім/F1P/POTENTIAL} => {пакуро+дымеем/F1P}
Выдаліць форму па v1{sup}1{/sup} V.PN.: -ць#1: пакуро+дымець/1117549a: пакуро+дыміце/F2P/POTENTIAL Зыходная змена: {пакуро+дыміце/F2P/POTENTIAL} => {пакуро+дымееце/F2P}
Выдаліць форму па v1{sup}1{/sup} V.PN.: -ць#1: пакуро+дымець/1117549a: пакуро+дыміце/I2P/POTENTIAL Зыходная змена: {пакуро+дыміце/I2P/POTENTIAL} => {пакуро+дымейце/I2P/POTENTIAL}
Выдаліць форму па v1{sup}1{/sup} V.PN.: -ць#1: пакуро+дымець/1117549a: пакуро+дыміш/F2S/POTENTIAL Зыходная змена: {пакуро+дыміш/F2S/POTENTIAL} => {пакуро+дымееш/F2S}
Выдаліць форму па v1{sup}1{/sup} V.PN.: -ць#1: пакуро+дымець/1117549a: пакуро+дымлю/F1S/POTENTIAL Зыходная змена: {пакуро+дымлю/F1S/POTENTIAL} => {пакуро+дымею/F1S}
Выдаліць форму па v1{sup}1{/sup} V.PN.: -ць#1: пакуро+дымець/1117549b: пакуро+дымеце/I2P/POTENTIAL Зыходная змена: {пакуро+дымеце/I2P/POTENTIAL} => {пакуро+дымейце/I2P/POTENTIAL}
Выдаліць форму па v1{sup}1{/sup} V.PR.: -цца#3: задзяўба+цца/1111166a: задзяўбіся/I2S/POTENTIAL Зыходная змена: {задзяўбіся/I2S/POTENTIAL + задзяўба+йся/I2S/POTENTIAL} => {задзяўба+йся/I2S/POTENTIAL}
Выдаліць форму па v1{sup}1{/sup} V.PR.: -цца#3: задзяўба+цца/1111166a: задзяўбіцеся/I2P/POTENTIAL Зыходная змена: {задзяўбіцеся/I2P/POTENTIAL + задзяўба+йцеся/I2P/POTENTIAL} => {задзяўба+йцеся/I2P/POTENTIAL}
Выдаліць форму па v1{sup}1{/sup} V.PR.: -цца#3: пазвалака+цца/1117324a: пазвалакла+ся/PFS/POTENTIAL Зыходная змена: {пазвалакла+ся/PFS/POTENTIAL + пазвалака+лася/PFS/dzsl2007} => {пазвалака+лася/PFS}
Выдаліць форму па v1{sup}1{/sup} V.PR.: -цца#3: пазвалака+цца/1117324a: пазвалаклі+ся/PXP/POTENTIAL Зыходная змена: {пазвалаклі+ся/PXP/POTENTIAL + пазвалака+ліся/PXP/dzsl2007} => {пазвалака+ліся/PXP}
Выдаліць форму па v1{sup}1{/sup} V.PR.: -цца#3: пазвалака+цца/1117324a: пазвалакло+ся/PNS/POTENTIAL Зыходная змена: {пазвалакло+ся/PNS/POTENTIAL + пазвалака+лася/PNS/dzsl2007} => {пазвалака+лася/PNS}
Выдаліць форму па v1{sup}1{/sup} V.PR.: -цца#3: пазвалака+цца/1117324a: пазвалаку+ся/F1S/POTENTIAL Зыходная змена: {пазвалаку+ся/F1S/POTENTIAL + пазвалака+юся/F1S/POTENTIAL} => {пазвалака+юся/F1S}
Выдаліць форму па v1{sup}1{/sup} V.PR.: -цца#3: пазвалака+цца/1117324a: пазвалаку+цца/F3P/POTENTIAL Зыходная змена: {пазвалаку+цца/F3P/POTENTIAL + пазвалака+юцца/F3P/dzsl2007,sbm2012} => {пазвалака+юцца/F3P}
Выдаліць форму па v1{sup}1{/sup} V.PR.: -цца#3: пазвалака+цца/1117324a: пазвалачаце+ся/F2P/POTENTIAL Зыходная змена: {пазвалачэ+цеся/F2P/NONSTANDARD + пазвалачаце+ся/F2P/POTENTIAL + пазвалака+ецеся/F2P/dzsl2007,sbm2012} => {пазвалака+ецеся/F2P}
Выдаліць форму па v1{sup}1{/sup} V.PR.: -цца#3: пазвалака+цца/1117324a: пазвалачы+ся/I2S/POTENTIAL Зыходная змена: {пазвалачы+ся/I2S/POTENTIAL + пазвалака+йся/I2S/POTENTIAL} => {пазвалака+йся/I2S/POTENTIAL}
Выдаліць форму па v1{sup}1{/sup} V.PR.: -цца#3: пазвалака+цца/1117324a: пазвалачы+цеся/I2P/POTENTIAL Зыходная змена: {пазвалачы+цеся/I2P/POTENTIAL + пазвалака+йцеся/I2P/POTENTIAL} => {пазвалака+йцеся/I2P/POTENTIAL}
Выдаліць форму па v1{sup}1{/sup} V.PR.: -цца#3: пазвалака+цца/1117324a: пазвалачэ+мся/F1P/POTENTIAL Зыходная змена: {пазвалачэ+мся/F1P/POTENTIAL + пазвалака+емся/F1P/dzsl2007,sbm2012} => {пазвалака+емся/F1P}
Выдаліць форму па v1{sup}1{/sup} V.PR.: -цца#3: пазвалака+цца/1117324a: пазвалачэ+цца/F3S/POTENTIAL Зыходная змена: {пазвалачэ+цца/F3S/POTENTIAL + пазвалака+ецца/F3S/dzsl2007,sbm2012} => {пазвалака+ецца/F3S}
Выдаліць форму па v1{sup}1{/sup} V.PR.: -цца#3: пазвалака+цца/1117324a: пазвалачэ+шся/F2S/POTENTIAL Зыходная змена: {пазвалачэ+шся/F2S/POTENTIAL + пазвалака+ешся/F2S/POTENTIAL} => {пазвалака+ешся/F2S}
Выдаліць форму па v1{sup}1{/sup} V.PR.: -цца#3: пазвалака+цца/1117324a: пазвало+кся/PMS/POTENTIAL Зыходная змена: {пазвало+кся/PMS/POTENTIAL + пазвалака+ўся/PMS/dzsl2007} => {пазвалака+ўся/PMS}
Выдаліць форму па v1{sup}1{/sup} V.PR.: -цца#3: пазвалака+цца/1117324a: пазвало+кшыся/PG/POTENTIAL Зыходная змена: {пазвало+кшыся/PG/POTENTIAL + пазвалака+ўшыся/PG/dzsl2007} => {пазвалака+ўшыся/PG}
Дадаць новыя формы па v1{sup}1{/sup} V.PN.: -ць#1: пакуро+дымець/1117549a: {пакуро+дымее/F3S} Зыходная змена: {пакуро+дыміць/F3S/dzsl2007,sbm2012} => {пакуро+дымее/F3S}
Дадаць новыя формы па v1{sup}1{/sup} V.PN.: -ць#1: пакуро+дымець/1117549a: {пакуро+дымеем/F1P} Зыходная змена: {пакуро+дымім/F1P/POTENTIAL} => {пакуро+дымеем/F1P}
Дадаць новыя формы па v1{sup}1{/sup} V.PN.: -ць#1: пакуро+дымець/1117549a: {пакуро+дымееце/F2P} Зыходная змена: {пакуро+дыміце/F2P/POTENTIAL} => {пакуро+дымееце/F2P}
Дадаць новыя формы па v1{sup}1{/sup} V.PN.: -ць#1: пакуро+дымець/1117549a: {пакуро+дымееш/F2S} Зыходная змена: {пакуро+дыміш/F2S/POTENTIAL} => {пакуро+дымееш/F2S}
Дадаць новыя формы па v1{sup}1{/sup} V.PN.: -ць#1: пакуро+дымець/1117549a: {пакуро+дымей/I2S/POTENTIAL} Зыходная змена: {пакуро+дымі/I2S/POTENTIAL} => {пакуро+дымей/I2S/POTENTIAL}
Дадаць новыя формы па v1{sup}1{/sup} V.PN.: -ць#1: пакуро+дымець/1117549a: {пакуро+дымейце/I2P/POTENTIAL} Зыходная змена: {пакуро+дыміце/I2P/POTENTIAL} => {пакуро+дымейце/I2P/POTENTIAL}
Дадаць новыя формы па v1{sup}1{/sup} V.PN.: -ць#1: пакуро+дымець/1117549a: {пакуро+дымею/F1S} Зыходная змена: {пакуро+дымлю/F1S/POTENTIAL} => {пакуро+дымею/F1S}
Дадаць новыя формы па v1{sup}1{/sup} V.PN.: -ць#1: пакуро+дымець/1117549a: {пакуро+дымеюць/F3P} Зыходная змена: {пакуро+дымяць/F3P/dzsl2007,sbm2012} => {пакуро+дымеюць/F3P}
Дадаць новыя формы па v1{sup}1{/sup} V.PN.: -ць#1: пакуро+дымець/1117549b: {пакуро+дымейце/I2P/POTENTIAL} Зыходная змена: {пакуро+дымеце/I2P/POTENTIAL} => {пакуро+дымейце/I2P/POTENTIAL}
Рукамі: Выдаліць форму па v1{sup}1{/sup} V.MN.: -ць#2: аддзяля+ць/1106156a: адзяля+ючы/XXXX/dzsl2007 Зыходная змена: {адзяля+ючы/XXXX/dzsl2007} => {}
Рукамі: Выдаліць форму па v1{sup}1{/sup} V.MN.: -ць#2: адсе+джваць/1106607a: асе+джваем/XXXX/dzsl2007 Зыходная змена: {асе+джваем/XXXX/dzsl2007} => {}
Рукамі: Выдаліць форму па v1{sup}1{/sup} V.MN.: -ць#2: акрапля+ць/1106998a: акрапля+ў/PMS/dzsl2007 Зыходная змена: {акрапля+ў/PMS/NONSTANDARD + акрапля+ў/PMS/dzsl2007} => {акрапля+ў/PMS}
Рукамі: Выдаліць форму па v1{sup}1{/sup} V.MN.: -ць#2: дзява+ць/1110380a: дзяе+м/R1P/NONSTANDARD Зыходная змена: {дзяе+м/R1P/NONSTANDARD + дзява+ем/R1P/dzsl2007} => {дзява+ем/R1P}
Рукамі: Выдаліць форму па v1{sup}1{/sup} V.MN.: -ць#2: дзява+ць/1110380a: дзяе+це/R2P/NONSTANDARD Зыходная змена: {дзяе+це/R2P/NONSTANDARD + дзява+еце/R2P/dzsl2007} => {дзява+еце/R2P}
Рукамі: Выдаліць форму па v1{sup}1{/sup} V.MN.: -ць#2: жа+хаць/1110659a: жа+хні/XXXX/dzsl2007 Зыходная змена: {жа+хні/XXXX/dzsl2007 + жа+хніце/XXXX/dzsl2007} => {}
Рукамі: Выдаліць форму па v1{sup}1{/sup} V.MN.: -ць#2: жа+хаць/1110659a: жа+хніце/XXXX/dzsl2007 Зыходная змена: {жа+хні/XXXX/dzsl2007 + жа+хніце/XXXX/dzsl2007} => {}
Рукамі: Выдаліць форму па v1{sup}1{/sup} V.MN.: -ць#2: зацвердзява+ць/1160160a: зацвердзяе+/R3S/NONSTANDARD Зыходная змена: {зацвердзява+е/R3S/dzsl2007,sbm2012 + зацвердзяе+/R3S/NONSTANDARD} => {зацвердзява+е/R3S}
Рукамі: Выдаліць форму па v1{sup}1{/sup} V.MN.: -ць#2: зацвердзява+ць/1160160a: зацвердзяе+це/R2P/NONSTANDARD Зыходная змена: {зацвердзява+еце/R2P/POTENTIAL + зацвердзяе+це/R2P/NONSTANDARD} => {зацвердзява+еце/R2P}
Рукамі: Выдаліць форму па v1{sup}1{/sup} V.MN.: -ць#2: зацвердзява+ць/1160160a: зацвердзяе+ш/R2S/NONSTANDARD Зыходная змена: {зацвердзява+еш/R2S/POTENTIAL + зацвердзяе+ш/R2S/NONSTANDARD} => {зацвердзява+еш/R2S}
Рукамі: Выдаліць форму па v1{sup}1{/sup} V.MN.: -ць#2: зацвердзява+ць/1160160a: зацвердзяю+/R1S/NONSTANDARD Зыходная змена: {зацвердзява+ю/R1S/POTENTIAL + зацвердзяю+/R1S/NONSTANDARD} => {зацвердзява+ю/R1S}
Рукамі: Выдаліць форму па v1{sup}1{/sup} V.MN.: -ць#2: зацвердзява+ць/1160160a: зацвердзяю+ць/R3P/NONSTANDARD Зыходная змена: {зацвердзява+юць/R3P/dzsl2007,sbm2012 + зацвердзяю+ць/R3P/NONSTANDARD} => {зацвердзява+юць/R3P}
Рукамі: Выдаліць форму па v1{sup}1{/sup} V.MN.: -ць#2: ка+нькаць/1113707a: ка+ньча/R3S/NONSTANDARD Зыходная змена: {ка+ньча/R3S/NONSTANDARD + ка+нькае/R3S/dzsl2007,sbm2012} => {ка+нькае/R3S}
Рукамі: Выдаліць форму па v1{sup}1{/sup} V.MN.: -ць#2: ка+нькаць/1113707a: ка+ньчам/R1P/NONSTANDARD Зыходная змена: {ка+ньчам/R1P/NONSTANDARD + ка+нькаем/R1P/dzsl2007} => {ка+нькаем/R1P}
Рукамі: Выдаліць форму па v1{sup}1{/sup} V.MN.: -ць#2: ка+нькаць/1113707a: ка+ньчаце/R2P/NONSTANDARD Зыходная змена: {ка+ньчаце/R2P/NONSTANDARD + ка+нькаеце/R2P/dzsl2007} => {ка+нькаеце/R2P}
Рукамі: Выдаліць форму па v1{sup}1{/sup} V.MN.: -ць#2: ка+нькаць/1113707a: ка+ньчаш/R2S/NONSTANDARD Зыходная змена: {ка+ньчаш/R2S/NONSTANDARD + ка+нькаеш/R2S/dzsl2007,sbm2012} => {ка+нькаеш/R2S}
Рукамі: Выдаліць форму па v1{sup}1{/sup} V.MN.: -ць#2: ка+нькаць/1113707a: ка+ньчу/R1S/NONSTANDARD Зыходная змена: {ка+ньчу/R1S/NONSTANDARD + ка+нькаю/R1S/dzsl2007,sbm2012} => {ка+нькаю/R1S}
Рукамі: Выдаліць форму па v1{sup}1{/sup} V.MN.: -ць#2: ка+нькаць/1113707a: ка+ньчуць/R3P/NONSTANDARD Зыходная змена: {ка+ньчуць/R3P/NONSTANDARD + ка+нькаюць/R3P/dzsl2007,sbm2012} => {ка+нькаюць/R3P}
Рукамі: Выдаліць форму па v1{sup}1{/sup} V.MN.: -ць#2: ка+нькаць/1113707a: ка+ньчучы/RG/NONSTANDARD Зыходная змена: {ка+ньчучы/RG/NONSTANDARD + ка+нькаючы/RG/dzsl2007} => {ка+нькаючы/RG}
Рукамі: Выдаліць форму па v1{sup}1{/sup} V.MN.: -ць#2: куро+дымець/1113954a: куро+дыміць/XXXX/dzsl2007,sbm2012 Зыходная змена: {куро+дыміць/XXXX/dzsl2007,sbm2012 + куро+дымяць/XXXX/dzsl2007,sbm2012} => {}
Рукамі: Выдаліць форму па v1{sup}1{/sup} V.MN.: -ць#2: куро+дымець/1113954a: куро+дымяць/XXXX/dzsl2007,sbm2012 Зыходная змена: {куро+дыміць/XXXX/dzsl2007,sbm2012 + куро+дымяць/XXXX/dzsl2007,sbm2012} => {}
Рукамі: Выдаліць форму па v1{sup}1{/sup} V.MN.: -ць#2: курэ+ць/1113964a: кура+ць/XXXX/dzsl2007,sbm2012 Зыходная змена: {куры+ць/XXXX/dzsl2007,sbm2012 + кура+ць/XXXX/dzsl2007,sbm2012} => {}
Рукамі: Выдаліць форму па v1{sup}1{/sup} V.MN.: -ць#2: курэ+ць/1113964a: куры+ць/XXXX/dzsl2007,sbm2012 Зыходная змена: {куры+ць/XXXX/dzsl2007,sbm2012 + кура+ць/XXXX/dzsl2007,sbm2012} => {}
Рукамі: Выдаліць форму па v1{sup}1{/sup} V.MN.: -ць#2: надзява+ць/1114756a: надзяе+/R3S/NONSTANDARD Зыходная змена: {надзява+е/R3S/dzsl2007,sbm2012 + надзяе+/R3S/NONSTANDARD} => {надзява+е/R3S}
Рукамі: Выдаліць форму па v1{sup}1{/sup} V.MN.: -ць#2: надзява+ць/1114756a: надзяе+це/R2P/NONSTANDARD Зыходная змена: {надзява+еце/R2P/dzsl2007 + надзяе+це/R2P/NONSTANDARD} => {надзява+еце/R2P}
Рукамі: Выдаліць форму па v1{sup}1{/sup} V.MN.: -ць#2: надзява+ць/1114756a: надзяе+ш/R2S/NONSTANDARD Зыходная змена: {надзява+еш/R2S/dzsl2007,sbm2012 + надзяе+ш/R2S/NONSTANDARD} => {надзява+еш/R2S}
Рукамі: Выдаліць форму па v1{sup}1{/sup} V.MN.: -ць#2: надзява+ць/1114756a: надзяю+/R1S/NONSTANDARD Зыходная змена: {надзява+ю/R1S/dzsl2007,sbm2012 + надзяю+/R1S/NONSTANDARD} => {надзява+ю/R1S}
Рукамі: Выдаліць форму па v1{sup}1{/sup} V.MN.: -ць#2: надзява+ць/1114756a: надзяю+ць/R3P/NONSTANDARD Зыходная змена: {надзява+юць/R3P/dzsl2007,sbm2012 + надзяю+ць/R3P/NONSTANDARD} => {надзява+юць/R3P}
Рукамі: Выдаліць форму па v1{sup}1{/sup} V.MN.: -ць#2: падсві+стваць/1116936a: пасві+стваеш/XXXX/A1957,A2008/dzsl2007,sbm2012 Зыходная змена: {пасві+стваеш/XXXX/A1957,A2008/dzsl2007,sbm2012} => {}
Рукамі: Выдаліць форму па v1{sup}1{/sup} V.MN.: -ць#2: перакрыўля+ць/1119389a: перыкрыўля+юць/R3P/A1957,A2008/dzsl2007,sbm2012 Зыходная змена: {перакрыўля+юць/R3P/NONSTANDARD/A2008/sbm2012 + перыкрыўля+юць/R3P/A1957,A2008/dzsl2007,sbm2012} => {перакрыўля+юць/R3P}
Рукамі: Выдаліць форму па v1{sup}1{/sup} V.MN.: -ць#2: пераса+джваць/1119739a: пераса+жваў/XXXX/dzsl2007 Зыходная змена: {пераса+жваў/XXXX/dzsl2007} => {}
Рукамі: Выдаліць форму па v1{sup}1{/sup} V.MN.: -ць#2: прама+зваць/1120597a: прама+звае/R1P/A1957,A2008/dzsl2007,sbm2012 Зыходная змена: {прама+зваем/R1P/NONSTANDARD + прама+звае/R1P/A1957,A2008/dzsl2007,sbm2012} => {прама+зваем/R1P}
Рукамі: Выдаліць форму па v1{sup}1{/sup} V.MN.: -ць#2: прымаўка+ць/1121381a: прамаўка+еце/XXXX/dzsl2007 Зыходная змена: {прамаўка+еце/XXXX/dzsl2007} => {}
Рукамі: Выдаліць форму па v1{sup}1{/sup} V.MN.: -ць#2: узаемадапаўня+ць/1163273a: узаемадапаўняўшы/PG Зыходная змена: {узаемадапаўняўшы/PG} => {}
Рукамі: Выдаліць форму па v1{sup}1{/sup} V.MN.: -ць#2: уздзява+ць/1125251a: уздзяе+м/R1P/NONSTANDARD Зыходная змена: {уздзява+ем/R1P/dzsl2007 + уздзяе+м/R1P/NONSTANDARD} => {уздзява+ем/R1P}
Рукамі: Выдаліць форму па v1{sup}1{/sup} V.MN.: -ць#2: уздзява+ць/1125251a: уздзяе+це/R2P/NONSTANDARD Зыходная змена: {уздзява+еце/R2P/dzsl2007 + уздзяе+це/R2P/NONSTANDARD} => {уздзява+еце/R2P}
Рукамі: Выдаліць форму па v1{sup}1{/sup} V.MN.: -ць#2: шкумата+ць/1126622a: шкумачу+/R1S/NONSTANDARD Зыходная змена: {шкумачу+/R1S/NONSTANDARD + шкумата+ю/R1S/dzsl2007,sbm2012} => {шкумата+ю/R1S}
Рукамі: Выдаліць форму па v1{sup}1{/sup} V.MN.: -ць#2: шкумата+ць/1126622a: шкумо+ча/R3S/NONSTANDARD Зыходная змена: {шкумо+ча/R3S/NONSTANDARD + шкумата+е/R3S/dzsl2007,sbm2012} => {шкумата+е/R3S}
Рукамі: Выдаліць форму па v1{sup}1{/sup} V.MN.: -ць#2: шкумата+ць/1126622a: шкумо+чам/R1P/NONSTANDARD Зыходная змена: {шкумо+чам/R1P/NONSTANDARD + шкумата+ем/R1P/dzsl2007} => {шкумата+ем/R1P}
Рукамі: Выдаліць форму па v1{sup}1{/sup} V.MN.: -ць#2: шкумата+ць/1126622a: шкумо+чаце/R2P/NONSTANDARD Зыходная змена: {шкумо+чаце/R2P/NONSTANDARD + шкумата+еце/R2P/dzsl2007} => {шкумата+еце/R2P}
Рукамі: Выдаліць форму па v1{sup}1{/sup} V.MN.: -ць#2: шкумата+ць/1126622a: шкумо+чаш/R2S/NONSTANDARD Зыходная змена: {шкумо+чаш/R2S/NONSTANDARD + шкумата+еш/R2S/dzsl2007,sbm2012} => {шкумата+еш/R2S}
Рукамі: Выдаліць форму па v1{sup}1{/sup} V.MN.: -ць#2: шкумата+ць/1126622a: шкумо+чуць/R3P/NONSTANDARD Зыходная змена: {шкумо+чуць/R3P/NONSTANDARD + шкумата+юць/R3P/dzsl2007,sbm2012} => {шкумата+юць/R3P}
Рукамі: Выдаліць форму па v1{sup}1{/sup} V.MN.: -ць#2: шкумата+ць/1126622a: шкумо+чучы/RG/NONSTANDARD Зыходная змена: {шкумо+чучы/RG/NONSTANDARD + шкумата+ючы/RG/dzsl2007} => {шкумата+ючы/RG}
Рукамі: Выдаліць форму па v1{sup}1{/sup} V.MR.: -цца#4: адтушо+ўвацца/1205844a: адтушо+ўваўшыся/PG Зыходная змена: {адтушо+ўваўшыся/PG} => {}
Рукамі: Выдаліць форму па v1{sup}1{/sup} V.MR.: -цца#4: дзява+цца/1110379a: дзяе+мся/R1P/NONSTANDARD Зыходная змена: {дзяе+мся/R1P/NONSTANDARD + дзява+емся/R1P/dzsl2007} => {дзява+емся/R1P}
Рукамі: Выдаліць форму па v1{sup}1{/sup} V.MR.: -цца#4: дзява+цца/1110379a: дзяе+цеся/R2P/NONSTANDARD Зыходная змена: {дзяе+цеся/R2P/NONSTANDARD + дзява+ецеся/R2P/dzsl2007} => {дзява+ецеся/R2P}
Рукамі: Выдаліць форму па v1{sup}1{/sup} V.MR.: -цца#4: засця+гвацца/1206995a: засця+гваўшыся/PG Зыходная змена: {засця+гваўшыся/PG} => {}
Рукамі: Выдаліць форму па v1{sup}1{/sup} V.MR.: -цца#4: рдзе+цца/1123067a: рдзі+цца/R3S/dzsl2007,sbm2012 Зыходная змена: {рдзі+цца/R3S/dzsl2007,sbm2012 + рдзе+ецца/R3S/POTENTIAL} => {рдзе+ецца/R3S}
Рукамі: Выдаліць форму па v1{sup}1{/sup} V.MR.: -цца#4: рдзе+цца/1123067a: рдзя+цца/R3P/dzsl2007,sbm2012 Зыходная змена: {рдзя+цца/R3P/dzsl2007,sbm2012 + рдзе+юцца/R3P/POTENTIAL} => {рдзе+юцца/R3P}
Рукамі: Выдаліць форму па v1{sup}1{/sup} V.MR.: -цца#4: спада+цца/1163317a: спадаўшыся/PG Зыходная змена: {спадаўшыся/PG} => {}
Рукамі: Выдаліць форму па v1{sup}1{/sup} V.MR.: -цца#4: уздзява+цца/1125250a: уздзяе+мся/R1P/NONSTANDARD Зыходная змена: {уздзява+емся/R1P/POTENTIAL + уздзяе+мся/R1P/NONSTANDARD} => {уздзява+емся/R1P}
Рукамі: Выдаліць форму па v1{sup}1{/sup} V.MR.: -цца#4: уздзява+цца/1125250a: уздзяе+цеся/R2P/NONSTANDARD Зыходная змена: {уздзява+ецеся/R2P/POTENTIAL + уздзяе+цеся/R2P/NONSTANDARD} => {уздзява+ецеся/R2P}
Рукамі: Выдаліць форму па v1{sup}1{/sup} V.MR.: -цца#4: уздува+цца/1163320a: уздуваўшыся/PG Зыходная змена: {уздуваўшыся/PG} => {}
Рукамі: Выдаліць форму па v1{sup}1{/sup} V.PN.: -ць#1: абсі+вераць/1105560a: абсі+вераць/F3P/NONSTANDARD Зыходная змена: {абсі+вераюць/F3P/dzsl2007 + абсі+вераць/F3P/NONSTANDARD} => {абсі+вераюць/F3P}
Рукамі: Выдаліць форму па v1{sup}1{/sup} V.PN.: -ць#1: абсі+вераць/1105560a: абсі+веру/F1S/NONSTANDARD Зыходная змена: {абсі+вераю/F1S/dzsl2007 + абсі+веру/F1S/NONSTANDARD} => {абсі+вераю/F1S}
Рукамі: Выдаліць форму па v1{sup}1{/sup} V.PN.: -ць#1: абсі+вераць/1105560a: абсі+верым/F1P/NONSTANDARD Зыходная змена: {абсі+вераем/F1P/dzsl2007 + абсі+верым/F1P/NONSTANDARD} => {абсі+вераем/F1P}
Рукамі: Выдаліць форму па v1{sup}1{/sup} V.PN.: -ць#1: абсі+вераць/1105560a: абсі+верыце/F2P/NONSTANDARD Зыходная змена: {абсі+вераеце/F2P/dzsl2007 + абсі+верыце/F2P/NONSTANDARD} => {абсі+вераеце/F2P}
Рукамі: Выдаліць форму па v1{sup}1{/sup} V.PN.: -ць#1: абсі+вераць/1105560a: абсі+верыць/F3S/NONSTANDARD Зыходная змена: {абсі+верае/F3S/dzsl2007 + абсі+верыць/F3S/NONSTANDARD} => {абсі+верае/F3S}
Рукамі: Выдаліць форму па v1{sup}1{/sup} V.PN.: -ць#1: абсі+вераць/1105560a: абсі+верыш/F2S/NONSTANDARD Зыходная змена: {абсі+вераеш/F2S/dzsl2007 + абсі+верыш/F2S/NONSTANDARD} => {абсі+вераеш/F2S}
Рукамі: Выдаліць форму па v1{sup}1{/sup} V.PN.: -ць#1: даспява+ць/1110237a: даспяе+/F3S/NONSTANDARD/sbm2012 Зыходная змена: {даспяе+/F3S/NONSTANDARD/sbm2012 + даспява+е/F3S/dzsl2007} => {даспява+е/F3S}
Рукамі: Выдаліць форму па v1{sup}1{/sup} V.PN.: -ць#1: даспява+ць/1110237a: даспяе+м/F1P/NONSTANDARD Зыходная змена: {даспяе+м/F1P/NONSTANDARD + даспява+ем/F1P/dzsl2007} => {даспява+ем/F1P}
Рукамі: Выдаліць форму па v1{sup}1{/sup} V.PN.: -ць#1: даспява+ць/1110237a: даспяе+це/F2P/NONSTANDARD Зыходная змена: {даспяе+це/F2P/NONSTANDARD + даспява+еце/F2P/dzsl2007} => {даспява+еце/F2P}
Рукамі: Выдаліць форму па v1{sup}1{/sup} V.PN.: -ць#1: даспява+ць/1110237a: даспяе+ш/F2S/NONSTANDARD/sbm2012 Зыходная змена: {даспяе+ш/F2S/NONSTANDARD/sbm2012 + даспява+еш/F2S/dzsl2007} => {даспява+еш/F2S}
Рукамі: Выдаліць форму па v1{sup}1{/sup} V.PN.: -ць#1: даспява+ць/1110237a: даспяю+/F1S/NONSTANDARD Зыходная змена: {даспяю+/F1S/NONSTANDARD + даспява+ю/F1S/dzsl2007, sbm2012} => {даспява+ю/F1S}
Рукамі: Выдаліць форму па v1{sup}1{/sup} V.PN.: -ць#1: даспява+ць/1110237a: даспяю+ць/F3P/NONSTANDARD Зыходная змена: {даспяю+ць/F3P/NONSTANDARD + даспява+юць/F3P/dzsl2007, sbm2012} => {даспява+юць/F3P}
Рукамі: Выдаліць форму па v1{sup}1{/sup} V.PN.: -ць#1: забарваве+ць/1110778a: забарваве+е/XXXX/A1957,A2008/dzsl2007,sbm2012 Зыходная змена: {забарваве+е/XXXX/A1957,A2008/dzsl2007,sbm2012 + забарваве+юць/XXXX/A1957,A2008/dzsl2007,sbm2012 + забарваве+ў/XXXX/A1957,A2008/dzsl2007 + забарваве+ла/XXXX/A1957,A2008/dzsl2007 + забарваве+лі/XXXX/A1957,A2008/dzsl2007} => {}
Рукамі: Выдаліць форму па v1{sup}1{/sup} V.PN.: -ць#1: забарваве+ць/1110778a: забарваве+ла/XXXX/A1957,A2008/dzsl2007 Зыходная змена: {забарваве+е/XXXX/A1957,A2008/dzsl2007,sbm2012 + забарваве+юць/XXXX/A1957,A2008/dzsl2007,sbm2012 + забарваве+ў/XXXX/A1957,A2008/dzsl2007 + забарваве+ла/XXXX/A1957,A2008/dzsl2007 + забарваве+лі/XXXX/A1957,A2008/dzsl2007} => {}
Рукамі: Выдаліць форму па v1{sup}1{/sup} V.PN.: -ць#1: забарваве+ць/1110778a: забарваве+лі/XXXX/A1957,A2008/dzsl2007 Зыходная змена: {забарваве+е/XXXX/A1957,A2008/dzsl2007,sbm2012 + забарваве+юць/XXXX/A1957,A2008/dzsl2007,sbm2012 + забарваве+ў/XXXX/A1957,A2008/dzsl2007 + забарваве+ла/XXXX/A1957,A2008/dzsl2007 + забарваве+лі/XXXX/A1957,A2008/dzsl2007} => {}
Рукамі: Выдаліць форму па v1{sup}1{/sup} V.PN.: -ць#1: забарваве+ць/1110778a: забарваве+ў/XXXX/A1957,A2008/dzsl2007 Зыходная змена: {забарваве+е/XXXX/A1957,A2008/dzsl2007,sbm2012 + забарваве+юць/XXXX/A1957,A2008/dzsl2007,sbm2012 + забарваве+ў/XXXX/A1957,A2008/dzsl2007 + забарваве+ла/XXXX/A1957,A2008/dzsl2007 + забарваве+лі/XXXX/A1957,A2008/dzsl2007} => {}
Рукамі: Выдаліць форму па v1{sup}1{/sup} V.PN.: -ць#1: забарваве+ць/1110778a: забарваве+юць/XXXX/A1957,A2008/dzsl2007,sbm2012 Зыходная змена: {забарваве+е/XXXX/A1957,A2008/dzsl2007,sbm2012 + забарваве+юць/XXXX/A1957,A2008/dzsl2007,sbm2012 + забарваве+ў/XXXX/A1957,A2008/dzsl2007 + забарваве+ла/XXXX/A1957,A2008/dzsl2007 + забарваве+лі/XXXX/A1957,A2008/dzsl2007} => {}
Рукамі: Выдаліць форму па v1{sup}1{/sup} V.PN.: -ць#1: заму+ляць/1111663a: заму+ліўшы/PG/NONSTANDARD/dzsl2007 Зыходная змена: {заму+ляўшы/PG + заму+ліўшы/PG/NONSTANDARD/dzsl2007} => {заму+ляўшы/PG}
Рукамі: Выдаліць форму па v1{sup}1{/sup} V.PN.: -ць#1: набрыня+ць/1114498a: набрыня+лы/XXXX/dzsl2007 Зыходная змена: {набрыня+лы/XXXX/dzsl2007} => {}
Рукамі: Выдаліць форму па v1{sup}1{/sup} V.PN.: -ць#1: навыпро+стваць/1114591a: навыпро+ствуй/XXXX/dzsl2007 Зыходная змена: {навыпро+ствуй/XXXX/dzsl2007 + навыпро+ствуйце/XXXX/dzsl2007} => {}
Рукамі: Выдаліць форму па v1{sup}1{/sup} V.PN.: -ць#1: навыпро+стваць/1114591a: навыпро+ствуйце/XXXX/dzsl2007 Зыходная змена: {навыпро+ствуй/XXXX/dzsl2007 + навыпро+ствуйце/XXXX/dzsl2007} => {}
Рукамі: Выдаліць форму па v1{sup}1{/sup} V.PN.: -ць#1: наддзяўба+ць/1114736a: наддзяўбе+/F3S/NONSTANDARD Зыходная змена: {наддзяўбе+/F3S/NONSTANDARD + наддзяўба+е/F3S/A1957,A2008/dzsl2007,sbm2012} => {наддзяўба+е/F3S}
Рукамі: Выдаліць форму па v1{sup}1{/sup} V.PN.: -ць#1: наддзяўба+ць/1114736a: наддзяўбе+м/F1P/NONSTANDARD Зыходная змена: {наддзяўбе+м/F1P/NONSTANDARD + наддзяўба+ем/F1P/A1957,A2008/dzsl2007} => {наддзяўба+ем/F1P}
Рукамі: Выдаліць форму па v1{sup}1{/sup} V.PN.: -ць#1: наддзяўба+ць/1114736a: наддзяўбе+це/F2P/NONSTANDARD Зыходная змена: {наддзяўбе+це/F2P/NONSTANDARD + наддзяўба+еце/F2P/A1957,A2008/dzsl2007} => {наддзяўба+еце/F2P}
Рукамі: Выдаліць форму па v1{sup}1{/sup} V.PN.: -ць#1: наддзяўба+ць/1114736a: наддзяўбе+ш/F2S/NONSTANDARD/A2008/sbm2012 Зыходная змена: {наддзяўбе+ш/F2S/NONSTANDARD/A2008/sbm2012 + наддзяўба+еш/F2S/A1957,A2008/dzsl2007,sbm2012} => {наддзяўба+еш/F2S}
Рукамі: Выдаліць форму па v1{sup}1{/sup} V.PN.: -ць#1: наддзяўба+ць/1114736a: наддзяўбу+/F1S/NONSTANDARD/A2008/sbm2012 Зыходная змена: {наддзяўбу+/F1S/NONSTANDARD/A2008/sbm2012 + наддзяўба+ю/F1S/A1957,A2008/dzsl2007,sbm2012} => {наддзяўба+ю/F1S}
Рукамі: Выдаліць форму па v1{sup}1{/sup} V.PN.: -ць#1: наддзяўба+ць/1114736a: наддзяўбу+ць/F3P/NONSTANDARD/A2008/sbm2012 Зыходная змена: {наддзяўбу+ць/F3P/NONSTANDARD/A2008/sbm2012 + наддзяўба+юць/F3P/A1957,A2008/dzsl2007,sbm2012} => {наддзяўба+юць/F3P}
Рукамі: Выдаліць форму па v1{sup}1{/sup} V.PN.: -ць#1: падгуля+ць/1154132a: падгуля+лы/XXXX/dzsl2007 Зыходная змена: {падгуля+лы/XXXX/dzsl2007} => {}
Рукамі: Выдаліць форму па v1{sup}1{/sup} V.PN.: -ць#1: пазамацо+ўваць/1117270a: паўзамацо+ўвалі/XXXX/dzsl2007 Зыходная змена: {паўзамацо+ўвалі/XXXX/dzsl2007} => {}
Рукамі: Выдаліць форму па v1{sup}1{/sup} V.PN.: -ць#1: пакуро+дымець/1117549a: пакуро+дыміць/F3S/dzsl2007,sbm2012 Зыходная змена: {пакуро+дыміць/F3S/dzsl2007,sbm2012} => {пакуро+дымее/F3S}
Рукамі: Выдаліць форму па v1{sup}1{/sup} V.PN.: -ць#1: пакуро+дымець/1117549a: пакуро+дымяць/F3P/dzsl2007,sbm2012 Зыходная змена: {пакуро+дымяць/F3P/dzsl2007,sbm2012} => {пакуро+дымеюць/F3P}
Рукамі: Выдаліць форму па v1{sup}1{/sup} V.PN.: -ць#1: пакурэ+ць/1117555a: пакура+ць/XXXX/dzsl2007,sbm2012 Зыходная змена: {пакуры+ць/XXXX/dzsl2007,sbm2012 + пакура+ць/XXXX/dzsl2007,sbm2012} => {}
Рукамі: Выдаліць форму па v1{sup}1{/sup} V.PN.: -ць#1: пакурэ+ць/1117555a: пакуры+ць/XXXX/dzsl2007,sbm2012 Зыходная змена: {пакуры+ць/XXXX/dzsl2007,sbm2012 + пакура+ць/XXXX/dzsl2007,sbm2012} => {}
Рукамі: Выдаліць форму па v1{sup}1{/sup} V.PN.: -ць#1: панатапы+рваць/1117843a: панатыпы+рваеце/XXXX/dzsl2007 Зыходная змена: {панатыпы+рваеце/XXXX/dzsl2007} => {}
Рукамі: Выдаліць форму па v1{sup}1{/sup} V.PN.: -ць#1: параздзіма+ць/1118167a: параздіма+ў/XXXX/dzsl2007 Зыходная змена: {параздіма+ў/XXXX/dzsl2007} => {}
Рукамі: Выдаліць форму па v1{sup}1{/sup} V.PN.: -ць#1: параспі+хваць/1118234a: парапі+хвай/XXXX/dzsl2007 Зыходная змена: {парапі+хвай/XXXX/dzsl2007 + парапі+хвайце/XXXX/dzsl2007} => {}
Рукамі: Выдаліць форму па v1{sup}1{/sup} V.PN.: -ць#1: параспі+хваць/1118234a: парапі+хвайце/XXXX/dzsl2007 Зыходная змена: {парапі+хвай/XXXX/dzsl2007 + парапі+хвайце/XXXX/dzsl2007} => {}
Рукамі: Выдаліць форму па v1{sup}1{/sup} V.PN.: -ць#1: пашмата+ць/1118868a: пашмата+ліся/XXXX/dzsl2007 Зыходная змена: {пашмата+ліся/XXXX/dzsl2007} => {}
Рукамі: Выдаліць форму па v1{sup}1{/sup} V.PN.: -ць#1: умакрэ+ць/1125479a: умкрэ+еш/XXXX/A1957,A2008/dzsl2007,sbm2012 Зыходная змена: {умкрэ+еш/XXXX/A1957,A2008/dzsl2007,sbm2012} => {}
Рукамі: Выдаліць форму па v1{sup}1{/sup} V.PN.: -ць#1: ушы+ць/1126079a: угшы+ла/XXXX/dzsl2007 Зыходная змена: {угшы+ла/XXXX/dzsl2007} => {}
Рукамі: Выдаліць форму па v1{sup}1{/sup} V.PR.: -цца#3: задзяўба+цца/1111166a: задзяўбемся/F1P Зыходная змена: {задзяўбемся/F1P + задзяўба+емся/F1P/POTENTIAL} => {задзяўба+емся/F1P}
Рукамі: Выдаліць форму па v1{sup}1{/sup} V.PR.: -цца#3: задзяўба+цца/1111166a: задзяўбецеся/F2P Зыходная змена: {задзяўбецеся/F2P + задзяўба+ецеся/F2P/POTENTIAL} => {задзяўба+ецеся/F2P}
Рукамі: Выдаліць форму па v1{sup}1{/sup} V.PR.: -цца#3: задзяўба+цца/1111166a: задзяўбецца/F3S Зыходная змена: {задзяўбецца/F3S + задзяўба+ецца/F3S/POTENTIAL} => {задзяўба+ецца/F3S}
Рукамі: Выдаліць форму па v1{sup}1{/sup} V.PR.: -цца#3: задзяўба+цца/1111166a: задзяўбешся/F2S Зыходная змена: {задзяўбешся/F2S + задзяўба+ешся/F2S/POTENTIAL} => {задзяўба+ешся/F2S}
Рукамі: Выдаліць форму па v1{sup}1{/sup} V.PR.: -цца#3: задзяўба+цца/1111166a: задзяўбуся/F1S Зыходная змена: {задзяўбуся/F1S + задзяўба+юся/F1S/POTENTIAL} => {задзяўба+юся/F1S}
Рукамі: Выдаліць форму па v1{sup}1{/sup} V.PR.: -цца#3: задзяўба+цца/1111166a: задзяўбуцца/F3P Зыходная змена: {задзяўбуцца/F3P + задзяўба+юцца/F3P/POTENTIAL} => {задзяўба+юцца/F3P}
Рукамі: Выдаліць форму па v1{sup}1{/sup} V.PR.: -цца#3: пазвалака+цца/1117324a: пазвалачэ+цеся/F2P/NONSTANDARD Зыходная змена: {пазвалачэ+цеся/F2P/NONSTANDARD + пазвалачаце+ся/F2P/POTENTIAL + пазвалака+ецеся/F2P/dzsl2007,sbm2012} => {пазвалака+ецеся/F2P}
Рукамі: Выдаліць форму па v1{sup}1{/sup} V.PR.: -цца#3: перакана+цца/1119337a: перакана+лаіся/PXP/dzsl2007 Зыходная змена: {перакана+ліся/PXP/NONSTANDARD + перакана+лаіся/PXP/dzsl2007} => {перакана+ліся/PXP}
Рукамі: пераход няправільны я->е ў пазвалака+цца->пазвалачаце+ся
=================================================
Статыстыка па адсутнасці правілаў:
=================================================
Статыстыка па колькасці неразгорнутых:
