Няма правіла для тыпу v4{sup}1{/sup} для вы+габлевацца : java.lang.RuntimeException: Няма правіла для тыпу v4{sup}1{/sup} для вы+габлевацца
Няма правіла для тыпу v4{sup}1{/sup} для вы+габлеваць : java.lang.RuntimeException: Няма правіла для тыпу v4{sup}1{/sup} для вы+габлеваць
Няма правіла для тыпу v4{sup}1{/sup} для вы+гандлеваць : java.lang.RuntimeException: Няма правіла для тыпу v4{sup}1{/sup} для вы+гандлеваць
Няма правіла для тыпу v4{sup}1{/sup} для вы+клеваць : java.lang.RuntimeException: Няма правіла для тыпу v4{sup}1{/sup} для вы+клеваць
Няма правіла для тыпу v4{sup}1{/sup} для вы+малевацца : java.lang.RuntimeException: Няма правіла для тыпу v4{sup}1{/sup} для вы+малевацца
Няма правіла для тыпу v4{sup}1{/sup} для вы+малеваць : java.lang.RuntimeException: Няма правіла для тыпу v4{sup}1{/sup} для вы+малеваць
Няма правіла для тыпу v4{sup}1{/sup} для вы+махлеваць : java.lang.RuntimeException: Няма правіла для тыпу v4{sup}1{/sup} для вы+махлеваць
Няма правіла для тыпу v4{sup}1{/sup} для вы+плеваць : java.lang.RuntimeException: Няма правіла для тыпу v4{sup}1{/sup} для вы+плеваць
Няма правіла для тыпу v4{sup}1{/sup} для вы+тралеваць : java.lang.RuntimeException: Няма правіла для тыпу v4{sup}1{/sup} для вы+тралеваць
Сканструявалася форма па v4{sup}1{/sup} для {1126402 a/VIMR1/цкава+цца}-R1P/цку+емся замест існуючых: [POTENTIAL/цкуё+мся, NONSTANDARD/цкуе+мся]
Сканструявалася форма па v4{sup}1{/sup} для {1126402 a/VIMR1/цкава+цца}-R1S/цку+юся замест існуючых: [POTENTIAL/цкую+ся]
Сканструявалася форма па v4{sup}1{/sup} для {1126402 a/VIMR1/цкава+цца}-R2P/цку+ецеся замест існуючых: [POTENTIAL/цкуяце+ся, NONSTANDARD/цкуе+цеся]
Сканструявалася форма па v4{sup}1{/sup} для {1126402 a/VIMR1/цкава+цца}-R2S/цку+ешся замест існуючых: [POTENTIAL/цкуе+шся]
Сканструявалася форма па v4{sup}1{/sup} для {1126402 a/VIMR1/цкава+цца}-R3P/цку+юцца што несупадае з існуючай: R3P/цкую+цца
Сканструявалася форма па v4{sup}1{/sup} для {1126402 a/VIMR1/цкава+цца}-R3S/цку+ецца што несупадае з існуючай: R3S/цкуе+цца
Сканструявалася форма па v4{sup}1{/sup} для {1126402 a/VIMR1/цкава+цца}-RG/цку+ючыся замест існуючых: [POTENTIAL/цкуючы+ся]
Сканструявалася форма па v4{sup}1{/sup} для {1207583 a/VXPR1/накава+цца}-F1P/наку+емся замест існуючых: [POTENTIAL/накуё+мся, NONSTANDARD/накуе+мся]
Сканструявалася форма па v4{sup}1{/sup} для {1207583 a/VXPR1/накава+цца}-F1S/наку+юся замест існуючых: [POTENTIAL/накую+ся]
Сканструявалася форма па v4{sup}1{/sup} для {1207583 a/VXPR1/накава+цца}-F2P/наку+ецеся замест існуючых: [POTENTIAL/накуяце+ся, NONSTANDARD/накуе+цеся]
Сканструявалася форма па v4{sup}1{/sup} для {1207583 a/VXPR1/накава+цца}-F2S/наку+ешся замест існуючых: [POTENTIAL/накуе+шся]
Сканструявалася форма па v4{sup}1{/sup} для {1207583 a/VXPR1/накава+цца}-F3P/наку+юцца што несупадае з існуючай: F3P/накую+цца
Сканструявалася форма па v4{sup}1{/sup} для {1207583 a/VXPR1/накава+цца}-F3S/наку+ецца што несупадае з існуючай: F3S/накуе+цца
=================================================
Статыстыка па адсутнасці правілаў:
{v4{sup}1{/sup}=9}
