Выдаліць форму па v4{sup}1{/sup} V.MN.: -аваць#10: флюарэсцы+раваць/1163274a: флюарэсцыраваўшы/PG/POTENTIAL Зыходная змена: {флюарэсцыраваўшы/PG/POTENTIAL} => {}
Выдаліць форму па v4{sup}1{/sup} V.MR.: -ава+цца#13: апекава+цца/1107169a: апе+куйся/I2S/POTENTIAL Зыходная змена: {апе+куйся/I2S/POTENTIAL + апяку+йся/I2S/POTENTIAL} => {апяку+йся/I2S/POTENTIAL}
Выдаліць форму па v4{sup}1{/sup} V.MR.: -ава+цца#13: апекава+цца/1107169a: апе+куйцеся/I2P/POTENTIAL Зыходная змена: {апе+куйцеся/I2P/POTENTIAL + апяку+йцеся/I2P/POTENTIAL} => {апяку+йцеся/I2P/POTENTIAL}
Выдаліць форму па v4{sup}1{/sup} V.MR.: -ава+цца#13: апекава+цца/1107169a: апе+куючыся/RG/POTENTIAL Зыходная змена: {апе+куючыся/RG/POTENTIAL + апяку+ючыся/RG/dzsl2007} => {апяку+ючыся/RG}
Выдаліць форму па v4{sup}1{/sup} V.MR.: -ава+цца#13: цкава+цца/1126402a: цкуё+мся/R1P/POTENTIAL Зыходная змена: {цкуё+мся/R1P/POTENTIAL + цкуе+мся/R1P/NONSTANDARD} => {цку+емся/R1P}
Выдаліць форму па v4{sup}1{/sup} V.MR.: -ава+цца#13: цкава+цца/1126402a: цкуяце+ся/R2P/POTENTIAL Зыходная змена: {цкуяце+ся/R2P/POTENTIAL + цкуе+цеся/R2P/NONSTANDARD} => {цку+ецеся/R2P}
Выдаліць форму па v4{sup}1{/sup} V.PN.: -аваць#9: пападвячо+ркаваць/1117895a: пападвечарку+й/I2S/POTENTIAL Зыходная змена: {пападвечарку+й/I2S/POTENTIAL + пападвячо+ркуй/I2S/POTENTIAL} => {пападвячо+ркуй/I2S/POTENTIAL}
Выдаліць форму па v4{sup}1{/sup} V.PN.: -аваць#9: пападвячо+ркаваць/1117895a: пападвечарку+йце/I2P/POTENTIAL Зыходная змена: {пападвечарку+йце/I2P/POTENTIAL + пападвячо+ркуйце/I2P/POTENTIAL} => {пападвячо+ркуйце/I2P/POTENTIAL}
Выдаліць форму па v4{sup}1{/sup} V.PR.: -ава+цца#12: накава+цца/1207583a: накуё+мся/F1P/POTENTIAL Зыходная змена: {накуё+мся/F1P/POTENTIAL + накуе+мся/F1P/NONSTANDARD} => {наку+емся/F1P}
Выдаліць форму па v4{sup}1{/sup} V.PR.: -ава+цца#12: накава+цца/1207583a: накуяце+ся/F2P/POTENTIAL Зыходная змена: {накуяце+ся/F2P/POTENTIAL + накуе+цеся/F2P/NONSTANDARD} => {наку+ецеся/F2P}
Памылка: Няма правіла для тыпу v4{sup}1{/sup} для вы+габлевацца/VIPR1
Памылка: Няма правіла для тыпу v4{sup}1{/sup} для вы+габлеваць/VTPN1
Памылка: Няма правіла для тыпу v4{sup}1{/sup} для вы+гандлеваць/VTPN1
Памылка: Няма правіла для тыпу v4{sup}1{/sup} для вы+клеваць/VTPN1
Памылка: Няма правіла для тыпу v4{sup}1{/sup} для вы+малевацца/VXPR1
Памылка: Няма правіла для тыпу v4{sup}1{/sup} для вы+малеваць/VTPN1
Памылка: Няма правіла для тыпу v4{sup}1{/sup} для вы+махлеваць/VTPN1
Памылка: Няма правіла для тыпу v4{sup}1{/sup} для вы+плеваць/VTPN1
Памылка: Няма правіла для тыпу v4{sup}1{/sup} для вы+тралеваць/VTPN1
Рукамі: Выдаліць форму па v4{sup}1{/sup} V.MN.: -ава+ць#6: штукава+ць/1126689a: штукува+ў/XXXX/dzsl2007 Зыходная змена: {штукува+ў/XXXX/dzsl2007} => {}
Рукамі: Выдаліць форму па v4{sup}1{/sup} V.MN.: -ава+ць#6: эксплуатава+ць/1126772a: эксплуату+емы/XXXX/dzsl2007 Зыходная змена: {эксплуату+емы/XXXX/dzsl2007} => {}
Рукамі: Выдаліць форму па v4{sup}1{/sup} V.MN.: -аваць#10: прадуцы+раваць/1163269a: прадуцыраваўшы/PG Зыходная змена: {прадуцыраваўшы/PG} => {}
Рукамі: Выдаліць форму па v4{sup}1{/sup} V.MN.: -ява+ць#8: жэстыкулява+ць/1110687a: жэстыкулява+лі/PFS/NONSTANDARD Зыходная змена: {жэстыкулява+лі/PFS/NONSTANDARD + жэстыкулява+ла/PFS/dzsl2007} => {жэстыкулява+ла/PFS}
Рукамі: Выдаліць форму па v4{sup}1{/sup} V.MR.: -ава+цца#13: апекава+цца/1107169a: апе+куемся/R1P/NONSTANDARD Зыходная змена: {апе+куемся/R1P/NONSTANDARD + апяку+емся/R1P/dzsl2007} => {апяку+емся/R1P}
Рукамі: Выдаліць форму па v4{sup}1{/sup} V.MR.: -ава+цца#13: апекава+цца/1107169a: апе+куецеся/R2P/NONSTANDARD Зыходная змена: {апе+куецеся/R2P/NONSTANDARD + апяку+ецеся/R2P/dzsl2007} => {апяку+ецеся/R2P}
Рукамі: Выдаліць форму па v4{sup}1{/sup} V.MR.: -ава+цца#13: апекава+цца/1107169a: апе+куецца/R3S/NONSTANDARD Зыходная змена: {апе+куецца/R3S/NONSTANDARD + апяку+ецца/R3S/dzsl2007,sbm2012} => {апяку+ецца/R3S}
Рукамі: Выдаліць форму па v4{sup}1{/sup} V.MR.: -ава+цца#13: апекава+цца/1107169a: апе+куешся/R2S/NONSTANDARD Зыходная змена: {апе+куешся/R2S/NONSTANDARD + апяку+ешся/R2S/dzsl2007,sbm2012} => {апяку+ешся/R2S}
Рукамі: Выдаліць форму па v4{sup}1{/sup} V.MR.: -ава+цца#13: апекава+цца/1107169a: апе+куюся/R1S/NONSTANDARD Зыходная змена: {апе+куюся/R1S/NONSTANDARD + апяку+юся/R1S/dzsl2007,sbm2012} => {апяку+юся/R1S}
Рукамі: Выдаліць форму па v4{sup}1{/sup} V.MR.: -ава+цца#13: апекава+цца/1107169a: апе+куюцца/R3P/NONSTANDARD Зыходная змена: {апе+куюцца/R3P/NONSTANDARD + апяку+юцца/R3P/dzsl2007,sbm2012} => {апяку+юцца/R3P}
Рукамі: Выдаліць форму па v4{sup}1{/sup} V.MR.: -авацца#17: пара+дкавацца/1118139a: пара+дкуючыся/RG/dzsl2013 Зыходная змена: {парадку+ючыся/RG/NONSTANDARD/dzsl2007 + пара+дкуючыся/RG/dzsl2013} => {пара+дкуючыся/RG}
Рукамі: Выдаліць форму па v4{sup}1{/sup} V.MR.: -авацца#17: прадуцы+равацца/1163307a: прадуцыраваўшыся/PG Зыходная змена: {прадуцыраваўшыся/PG} => {}
Рукамі: Выдаліць форму па v4{sup}1{/sup} V.MR.: -авацца#17: праецы+равацца/1163308a: праецы+раваўшыся/PG Зыходная змена: {праецы+раваўшыся/PG} => {}
Рукамі: Выдаліць форму па v4{sup}1{/sup} V.PN.: -ава+ць#5: абрэвізава+ць/1105555a: абрзвізу+еце/XXXX/dzsl2007 Зыходная змена: {абрзвізу+еце/XXXX/dzsl2007} => {}
Рукамі: Выдаліць форму па v4{sup}1{/sup} V.PN.: -ава+ць#5: падлітава+ць/1116668a: палітава+лі/XXXX/dzsl2007 Зыходная змена: {палітава+лі/XXXX/dzsl2007} => {}
Рукамі: Выдаліць форму па v4{sup}1{/sup} V.PN.: -ава+ць#5: пашмарава+ць/1118866a: пашамарава+лі/XXXX/dzsl2007 Зыходная змена: {пашамарава+лі/XXXX/dzsl2007} => {}
Рукамі: Выдаліць форму па v4{sup}1{/sup} V.PN.: -ава+ць#5: упакава+ць/1125569a: упаку+еце/F3S/A1957,A2008/dzsl2007 Зыходная змена: {упаку+е/F3S/NONSTANDARD/A2008/sbm2012 + упаку+еце/F3S/A1957,A2008/dzsl2007} => {упаку+е/F3S}
Рукамі: Выдаліць форму па v4{sup}1{/sup} V.PN.: -аваць#9: пападвячо+ркаваць/1117895a: пападвечарку+е/F3S/NONSTANDARD Зыходная змена: {пападвечарку+е/F3S/NONSTANDARD + пападвячо+ркуе/F3S/dzsl2007,sbm2012} => {пападвячо+ркуе/F3S}
Рукамі: Выдаліць форму па v4{sup}1{/sup} V.PN.: -аваць#9: пападвячо+ркаваць/1117895a: пападвечарку+ем/F1P/NONSTANDARD Зыходная змена: {пападвечарку+ем/F1P/NONSTANDARD + пападвячо+ркуем/F1P/dzsl2007} => {пападвячо+ркуем/F1P}
Рукамі: Выдаліць форму па v4{sup}1{/sup} V.PN.: -аваць#9: пападвячо+ркаваць/1117895a: пападвечарку+еце/F2P/NONSTANDARD Зыходная змена: {пападвечарку+еце/F2P/NONSTANDARD + пападвячо+ркуеце/F2P/dzsl2007} => {пападвячо+ркуеце/F2P}
Рукамі: Выдаліць форму па v4{sup}1{/sup} V.PN.: -аваць#9: пападвячо+ркаваць/1117895a: пападвечарку+еш/F2S/NONSTANDARD Зыходная змена: {пападвечарку+еш/F2S/NONSTANDARD + пападвячо+ркуеш/F2S/dzsl2007,sbm2012} => {пападвячо+ркуеш/F2S}
Рукамі: Выдаліць форму па v4{sup}1{/sup} V.PN.: -аваць#9: пападвячо+ркаваць/1117895a: пападвечарку+ю/F1S/NONSTANDARD Зыходная змена: {пападвечарку+ю/F1S/NONSTANDARD + пападвячо+ркую/F1S/dzsl2007,sbm2012} => {пападвячо+ркую/F1S}
Рукамі: Выдаліць форму па v4{sup}1{/sup} V.PN.: -аваць#9: пападвячо+ркаваць/1117895a: пападвечарку+юць/F3P/NONSTANDARD Зыходная змена: {пападвечарку+юць/F3P/NONSTANDARD + пападвячо+ркуюць/F3P/dzsl2007,sbm2012} => {пападвячо+ркуюць/F3P}
=================================================
Статыстыка па адсутнасці правілаў:
    v4{sup}1{/sup}: 9
=================================================
Статыстыка па колькасці неразгорнутых:
