Выдаліць форму па v9{sup}1{/sup} V.PN. !a: -уць#19: вы+кінуць/1108452a: вы+кіні/I2S/POTENTIAL Зыходная змена: {вы+кінь/I2S/POTENTIAL + вы+кіні/I2S/POTENTIAL} => {вы+кінь/I2S/POTENTIAL}
Выдаліць форму па v9{sup}1{/sup} V.PN. !a: -уць#19: вы+кінуць/1108452a: вы+кініце/I2P/POTENTIAL Зыходная змена: {вы+кіньце/I2P/POTENTIAL + вы+кініце/I2P/POTENTIAL} => {вы+кіньце/I2P/POTENTIAL}
Выдаліць форму па v9{sup}1{/sup} V.PN. !a: -уць#19: вы+рынуць/1152203a: вы+рыні/I2S/POTENTIAL/A2008 Зыходная змена: {вы+рыні/I2S/POTENTIAL/A2008} => {вы+рынь/I2S/POTENTIAL}
Выдаліць форму па v9{sup}1{/sup} V.PN. !a: -уць#19: вы+рынуць/1152203a: вы+рыніце/I2P/POTENTIAL/A2008 Зыходная змена: {вы+рыніце/I2P/POTENTIAL/A2008} => {вы+рыньце/I2P/POTENTIAL}
Дадаць новыя формы па v9{sup}1{/sup} V.PN. !a: -уць#19: вы+глянуць/1152129a: {вы+глянь/I2S/POTENTIAL} Зыходная змена: {вы+гляні/I2S/dzsl2007} => {вы+глянь/I2S/POTENTIAL}
Дадаць новыя формы па v9{sup}1{/sup} V.PN. !a: -уць#19: вы+глянуць/1152129a: {вы+гляньце/I2P/POTENTIAL} Зыходная змена: {вы+гляніце/I2P/dzsl2007} => {вы+гляньце/I2P/POTENTIAL}
Дадаць новыя формы па v9{sup}1{/sup} V.PN. !a: -уць#19: вы+кашлянуць/1152146a: {вы+кашлянь/I2S/POTENTIAL} Зыходная змена: {вы+кашляні/I2S/dzsl2007} => {вы+кашлянь/I2S/POTENTIAL}
Дадаць новыя формы па v9{sup}1{/sup} V.PN. !a: -уць#19: вы+кашлянуць/1152146a: {вы+кашляньце/I2P/POTENTIAL} Зыходная змена: {вы+кашляніце/I2P/dzsl2007} => {вы+кашляньце/I2P/POTENTIAL}
Дадаць новыя формы па v9{sup}1{/sup} V.PN. !a: -уць#19: вы+плюнуць/1108847a: {вы+плюнь/I2S/POTENTIAL} Зыходная змена: {вы+плюні/I2S/dzsl2007} => {вы+плюнь/I2S/POTENTIAL}
Дадаць новыя формы па v9{sup}1{/sup} V.PN. !a: -уць#19: вы+плюнуць/1108847a: {вы+плюньце/I2P/POTENTIAL} Зыходная змена: {вы+плюніце/I2P/dzsl2007} => {вы+плюньце/I2P/POTENTIAL}
Дадаць новыя формы па v9{sup}1{/sup} V.PN. !a: -уць#19: вы+рынуць/1152203a: {вы+рынь/I2S/POTENTIAL} Зыходная змена: {вы+рыні/I2S/POTENTIAL/A2008} => {вы+рынь/I2S/POTENTIAL}
Дадаць новыя формы па v9{sup}1{/sup} V.PN. !a: -уць#19: вы+рынуць/1152203a: {вы+рыньце/I2P/POTENTIAL} Зыходная змена: {вы+рыніце/I2P/POTENTIAL/A2008} => {вы+рыньце/I2P/POTENTIAL}
Рукамі: Выдаліць форму па v9{sup}1{/sup} V.MN. !a: -уць#21: ві+снуць/1107993a: ві+сла/PFS/dzsl2007 Зыходная змена: {ві+снула/PFS/dzsl2007 + ві+сла/PFS/dzsl2007} => {ві+снула/PFS}
Рукамі: Выдаліць форму па v9{sup}1{/sup} V.MN. !a: -уць#21: ві+снуць/1107993a: ві+сла/PNS/dzsl2007 Зыходная змена: {ві+снула/PNS/dzsl2007 + ві+сла/PNS/dzsl2007} => {ві+снула/PNS}
Рукамі: Выдаліць форму па v9{sup}1{/sup} V.MN. !a: -уць#21: ві+снуць/1107993a: ві+слі/PXP/dzsl2007 Зыходная змена: {ві+снулі/PXP/dzsl2007 + ві+слі/PXP/dzsl2007} => {ві+снулі/PXP}
Рукамі: Выдаліць форму па v9{sup}1{/sup} V.MN. !a: -уць#21: ві+снуць/1107993a: віс/PMS/dzsl2007 Зыходная змена: {ві+снуў/PMS/dzsl2007 + віс/PMS/dzsl2007} => {ві+снуў/PMS}
Рукамі: Выдаліць форму па v9{sup}1{/sup} V.PN. !a: -уць#18: абры+згнуць/1105545a: абры+згла/XXXX/dzsl2007 Зыходная змена: {абры+згла/XXXX/dzsl2007} => {}
Рукамі: Выдаліць форму па v9{sup}1{/sup} V.PN. !a: -уць#18: заві+снуць/1110891a: заві+с/PMS/dzsl2007 Зыходная змена: {заві+с/PMS/dzsl2007 + заві+снуў/PMS} => {заві+снуў/PMS}
Рукамі: Выдаліць форму па v9{sup}1{/sup} V.PN. !a: -уць#18: заві+снуць/1110891a: заві+сла/PFS/dzsl2007 Зыходная змена: {заві+сла/PFS/dzsl2007 + заві+снула/PFS} => {заві+снула/PFS}
Рукамі: Выдаліць форму па v9{sup}1{/sup} V.PN. !a: -уць#18: заві+снуць/1110891a: заві+сла/PNS/dzsl2007 Зыходная змена: {заві+сла/PNS/dzsl2007 + заві+снула/PNS} => {заві+снула/PNS}
Рукамі: Выдаліць форму па v9{sup}1{/sup} V.PN. !a: -уць#18: заві+снуць/1110891a: заві+слі/PXP/dzsl2007 Зыходная змена: {заві+слі/PXP/dzsl2007 + заві+снулі/PXP} => {заві+снулі/PXP}
Рукамі: Выдаліць форму па v9{sup}1{/sup} V.PN. !a: -уць#18: заві+снуць/1110891a: заві+сшы/PG/dzsl2007 Зыходная змена: {заві+сшы/PG/dzsl2007 + заві+снуўшы/PG} => {заві+снуўшы/PG}
Рукамі: Выдаліць форму па v9{sup}1{/sup} V.PN. !a: -уць#18: закля+кнуць/1206844a: закля+к/PMS Зыходная змена: {закля+к/PMS + закля+кнуў/PMS} => {закля+кнуў/PMS}
Рукамі: Выдаліць форму па v9{sup}1{/sup} V.PN. !a: -уць#18: закля+кнуць/1206844a: закля+кла/PFS Зыходная змена: {закля+кла/PFS + закля+кнула/PFS} => {закля+кнула/PFS}
Рукамі: Выдаліць форму па v9{sup}1{/sup} V.PN. !a: -уць#18: закля+кнуць/1206844a: закля+кла/PNS Зыходная змена: {закля+кла/PNS + закля+кнула/PNS} => {закля+кнула/PNS}
Рукамі: Выдаліць форму па v9{sup}1{/sup} V.PN. !a: -уць#18: закля+кнуць/1206844a: закля+клі/PXP Зыходная змена: {закля+клі/PXP + закля+кнулі/PXP} => {закля+кнулі/PXP}
Рукамі: Выдаліць форму па v9{sup}1{/sup} V.PN. !a: -уць#18: закля+кнуць/1206844a: закля+кшы/PG Зыходная змена: {закля+кшы/PG + закля+кнуўшы/PG} => {закля+кнуўшы/PG}
Рукамі: Выдаліць форму па v9{sup}1{/sup} V.PN. !a: -уць#18: прадры+хнуць/1155540a: прадры+х/PMS/dzsl2007 Зыходная змена: {прадры+х/PMS/dzsl2007 + прадры+хнуў/PMS} => {прадры+хнуў/PMS}
Рукамі: Выдаліць форму па v9{sup}1{/sup} V.PN. !a: -уць#18: прадры+хнуць/1155540a: прадры+хла/PFS/dzsl2007 Зыходная змена: {прадры+хла/PFS/dzsl2007 + прадры+хнула/PFS} => {прадры+хнула/PFS}
Рукамі: Выдаліць форму па v9{sup}1{/sup} V.PN. !a: -уць#18: прадры+хнуць/1155540a: прадры+хла/PNS/dzsl2007 Зыходная змена: {прадры+хла/PNS/dzsl2007 + прадры+хнула/PNS} => {прадры+хнула/PNS}
Рукамі: Выдаліць форму па v9{sup}1{/sup} V.PN. !a: -уць#18: прадры+хнуць/1155540a: прадры+хлі/PXP/dzsl2007 Зыходная змена: {прадры+хлі/PXP/dzsl2007 + прадры+хнулі/PXP} => {прадры+хнулі/PXP}
Рукамі: Выдаліць форму па v9{sup}1{/sup} V.PN. !a: -уць#18: прадры+хнуць/1155540a: прадры+хшы/PG/dzsl2007 Зыходная змена: {прадры+хшы/PG/dzsl2007 + прадры+хнуўшы/PG} => {прадры+хнуўшы/PG}
Рукамі: Выдаліць форму па v9{sup}1{/sup} V.PN. !a: -уць#18: прані+кнуць/1155619a: прані+к/PMS/dzsl2007 Зыходная змена: {прані+к/PMS/dzsl2007 + прані+кнуў/PMS} => {прані+кнуў/PMS}
Рукамі: Выдаліць форму па v9{sup}1{/sup} V.PN. !a: -уць#18: прані+кнуць/1155619a: прані+кла/PFS/dzsl2007 Зыходная змена: {прані+кла/PFS/dzsl2007 + прані+кнула/PFS} => {прані+кнула/PFS}
Рукамі: Выдаліць форму па v9{sup}1{/sup} V.PN. !a: -уць#18: прані+кнуць/1155619a: прані+кла/PNS/dzsl2007 Зыходная змена: {прані+кла/PNS/dzsl2007 + прані+кнула/PNS} => {прані+кнула/PNS}
Рукамі: Выдаліць форму па v9{sup}1{/sup} V.PN. !a: -уць#18: прані+кнуць/1155619a: прані+клі/PXP/dzsl2007 Зыходная змена: {прані+клі/PXP/dzsl2007 + прані+кнулі/PXP} => {прані+кнулі/PXP}
Рукамі: Выдаліць форму па v9{sup}1{/sup} V.PN. !a: -уць#18: прані+кнуць/1155619a: прані+кшы/PG/dzsl2007 Зыходная змена: {прані+кшы/PG/dzsl2007 + прані+кнуўшы/PG} => {прані+кнуўшы/PG}
Рукамі: Выдаліць форму па v9{sup}1{/sup} V.PN. !a: -уць#18: прасме+рднуць/1209500a: прасме+рд/PMS Зыходная змена: {прасме+рд/PMS + прасме+рднуў/PMS} => {прасме+рднуў/PMS}
Рукамі: Выдаліць форму па v9{sup}1{/sup} V.PN. !a: -уць#18: прасме+рднуць/1209500a: прасме+рдла/PFS Зыходная змена: {прасме+рдла/PFS + прасме+рднула/PFS} => {прасме+рднула/PFS}
Рукамі: Выдаліць форму па v9{sup}1{/sup} V.PN. !a: -уць#18: прасме+рднуць/1209500a: прасме+рдла/PNS Зыходная змена: {прасме+рдла/PNS + прасме+рднула/PNS} => {прасме+рднула/PNS}
Рукамі: Выдаліць форму па v9{sup}1{/sup} V.PN. !a: -уць#18: прасме+рднуць/1209500a: прасме+рдлі/PXP Зыходная змена: {прасме+рдлі/PXP + прасме+рднулі/PXP} => {прасме+рднулі/PXP}
Рукамі: Выдаліць форму па v9{sup}1{/sup} V.PN. !a: -уць#18: прасме+рднуць/1209500a: прасме+рдшы/PG Зыходная змена: {прасме+рдшы/PG + прасме+рднуўшы/PG} => {прасме+рднуўшы/PG}
Рукамі: Выдаліць форму па v9{sup}1{/sup} V.PN. !a: -уць#18: прася+кнуць/1120895a: прасяк/PMS/NONSTANDARD Зыходная змена: {прася+кнуў/PMS/dzsl2007 + прасяк/PMS/NONSTANDARD} => {прася+кнуў/PMS}
Рукамі: Выдаліць форму па v9{sup}1{/sup} V.PN. !a: -уць#18: прася+кнуць/1120895a: прасякла/PFS/NONSTANDARD Зыходная змена: {прася+кнула/PFS/dzsl2007 + прасякла/PFS/NONSTANDARD} => {прася+кнула/PFS}
Рукамі: Выдаліць форму па v9{sup}1{/sup} V.PN. !a: -уць#18: прася+кнуць/1120895a: прасякла/PNS/NONSTANDARD Зыходная змена: {прася+кнула/PNS/dzsl2007 + прасякла/PNS/NONSTANDARD} => {прася+кнула/PNS}
Рукамі: Выдаліць форму па v9{sup}1{/sup} V.PN. !a: -уць#18: прася+кнуць/1120895a: прасяклі/PXP/NONSTANDARD Зыходная змена: {прася+кнулі/PXP/dzsl2007 + прасяклі/PXP/NONSTANDARD} => {прася+кнулі/PXP}
Рукамі: Выдаліць форму па v9{sup}1{/sup} V.PN. !a: -уць#18: прася+кнуць/1120895a: прасякшы/PG/NONSTANDARD Зыходная змена: {прася+кнуўшы/PG/dzsl2007 + прасякшы/PG/NONSTANDARD} => {прася+кнуўшы/PG}
Рукамі: Выдаліць форму па v9{sup}1{/sup} V.PN. !a: -уць#18: спра+хнуць/1124029a: спра+хла/XXXX/dzsl2007 Зыходная змена: {спрах/XXXX/dzsl2007 + спра+хла/XXXX/dzsl2007 + спра+хлі/XXXX/dzsl2007} => {}
Рукамі: Выдаліць форму па v9{sup}1{/sup} V.PN. !a: -уць#18: спра+хнуць/1124029a: спра+хлі/XXXX/dzsl2007 Зыходная змена: {спрах/XXXX/dzsl2007 + спра+хла/XXXX/dzsl2007 + спра+хлі/XXXX/dzsl2007} => {}
Рукамі: Выдаліць форму па v9{sup}1{/sup} V.PN. !a: -уць#18: спра+хнуць/1124029a: спрах/XXXX/dzsl2007 Зыходная змена: {спрах/XXXX/dzsl2007 + спра+хла/XXXX/dzsl2007 + спра+хлі/XXXX/dzsl2007} => {}
Рукамі: Выдаліць форму па v9{sup}1{/sup} V.PN. !a: -уць#19: вы+глянуць/1152129a: вы+гляні/I2S/dzsl2007 Зыходная змена: {вы+гляні/I2S/dzsl2007} => {вы+глянь/I2S/POTENTIAL}
Рукамі: Выдаліць форму па v9{sup}1{/sup} V.PN. !a: -уць#19: вы+глянуць/1152129a: вы+гляніце/I2P/dzsl2007 Зыходная змена: {вы+гляніце/I2P/dzsl2007} => {вы+гляньце/I2P/POTENTIAL}
Рукамі: Выдаліць форму па v9{sup}1{/sup} V.PN. !a: -уць#19: вы+кашлянуць/1152146a: вы+кашляні/I2S/dzsl2007 Зыходная змена: {вы+кашляні/I2S/dzsl2007} => {вы+кашлянь/I2S/POTENTIAL}
Рукамі: Выдаліць форму па v9{sup}1{/sup} V.PN. !a: -уць#19: вы+кашлянуць/1152146a: вы+кашляніце/I2P/dzsl2007 Зыходная змена: {вы+кашляніце/I2P/dzsl2007} => {вы+кашляньце/I2P/POTENTIAL}
Рукамі: Выдаліць форму па v9{sup}1{/sup} V.PN. !a: -уць#19: вы+плюнуць/1108847a: вы+плюні/I2S/dzsl2007 Зыходная змена: {вы+плюні/I2S/dzsl2007} => {вы+плюнь/I2S/POTENTIAL}
Рукамі: Выдаліць форму па v9{sup}1{/sup} V.PN. !a: -уць#19: вы+плюнуць/1108847a: вы+плюніце/I2P/dzsl2007 Зыходная змена: {вы+плюніце/I2P/dzsl2007} => {вы+плюньце/I2P/POTENTIAL}
=================================================
Статыстыка па адсутнасці правілаў:
=================================================
Статыстыка па колькасці неразгорнутых:
